epoch,loss,val_loss
0,45.65786361694336,39.64030838012695
1,44.408138275146484,38.428070068359375
2,43.30520248413086,35.718082427978516
3,41.715736389160156,32.26958084106445
4,37.997154235839844,33.11862564086914
5,34.88664245605469,29.23562240600586
6,31.271656036376953,22.9045352935791
7,26.492963790893555,22.383495330810547
8,22.817913055419922,21.368623733520508
9,20.783584594726562,15.738005638122559
10,14.487669944763184,15.020892143249512
11,11.361218452453613,11.517348289489746
12,9.708805084228516,8.913650512695312
13,9.0066499710083,6.70082426071167
14,8.29723834991455,6.703311443328857
15,7.96015739440918,6.351152420043945
16,7.781341075897217,6.100533962249756
17,7.654381275177002,5.746452808380127
18,7.551027774810791,5.839950084686279
19,7.432512283325195,5.613327503204346
20,6.894923210144043,4.6876420974731445
21,6.761839866638184,4.562997341156006
22,6.804891586303711,4.581457138061523
23,6.711265563964844,4.559685707092285
24,6.624435901641846,4.503403663635254
25,6.628807067871094,4.536307334899902
26,6.616844654083252,4.49752140045166
27,6.550677299499512,4.63466215133667
28,6.522228717803955,4.394060134887695
29,6.510462760925293,4.651478290557861
30,6.19861364364624,4.150043487548828
31,6.1662774085998535,4.235568523406982
32,6.146782875061035,4.146255970001221
33,6.125394344329834,4.352343559265137
34,6.101545333862305,4.133156776428223
35,6.083153247833252,4.096467971801758
36,6.102120399475098,4.061070442199707
37,6.050729751586914,4.243758678436279
38,6.026447772979736,4.096482753753662
39,5.981878280639648,4.1647748947143555
40,5.850525856018066,3.9206149578094482
41,5.794759750366211,3.955378532409668
42,5.810557842254639,3.8768415451049805
43,5.768093585968018,3.846747398376465
44,5.725029945373535,3.9032065868377686
45,5.746995449066162,3.9551353454589844
46,5.712591648101807,3.9432449340820312
47,5.720560073852539,3.891491651535034
48,5.734738349914551,3.9239447116851807
49,5.702479362487793,3.8157715797424316
50,5.532391548156738,3.750908613204956
51,5.556262016296387,3.705256462097168
52,5.567452430725098,3.7125487327575684
53,5.54009485244751,3.6880264282226562
54,5.548793792724609,3.682950258255005
55,5.493101119995117,3.6888203620910645
56,5.518409729003906,3.7304189205169678
57,5.479701519012451,3.6961097717285156
58,5.4741058349609375,3.6703898906707764
59,5.4740424156188965,3.6458797454833984
60,5.3389105796813965,3.621516704559326
61,5.318481922149658,3.5675125122070312
62,5.304090976715088,3.535531997680664
63,5.279808044433594,3.5536906719207764
64,5.303196907043457,3.652280807495117
65,5.306398868560791,3.5667285919189453
66,5.286059856414795,3.531369686126709
67,5.24337100982666,3.519392490386963
68,5.257899761199951,3.5360538959503174
69,5.271903038024902,3.5084760189056396
70,5.203441619873047,3.6261866092681885
71,5.192753791809082,3.534669876098633
72,5.2128586769104,3.481262683868408
73,5.182056903839111,3.500275135040283
74,5.228701591491699,3.4862706661224365
75,5.204560279846191,3.5457956790924072
76,5.190645694732666,3.4893853664398193
77,5.188884258270264,3.5339956283569336
78,5.206786155700684,3.4780075550079346
79,5.221890926361084,3.473115921020508
80,5.15095853805542,3.4643869400024414
81,5.158496379852295,3.479114055633545
82,5.176330089569092,3.4876275062561035
83,5.159193992614746,3.4995155334472656
84,5.146146774291992,3.4529151916503906
85,5.151329517364502,3.5240731239318848
86,5.134919166564941,3.441849708557129
87,5.106176853179932,3.5340054035186768
88,5.154246807098389,3.473067045211792
89,5.131189823150635,3.65725040435791
90,5.10263729095459,3.437317132949829
91,5.094770431518555,3.57425856590271
92,5.082970142364502,3.4488353729248047
93,5.099522590637207,3.433056116104126
94,5.098653316497803,3.451019287109375
95,5.079086780548096,3.4197349548339844
96,5.097976207733154,3.5381712913513184
97,5.090651988983154,3.412302017211914
98,5.0662407875061035,3.6041054725646973
99,5.126932144165039,3.6559760570526123
100,5.077859401702881,3.547590494155884
101,5.043187618255615,3.3954479694366455
102,5.047595500946045,3.4068636894226074
103,5.0666913986206055,3.5196101665496826
104,5.074476718902588,3.4155895709991455
105,5.035109519958496,3.4530797004699707
106,5.070430755615234,3.439833879470825
107,5.054037570953369,3.56304931640625
108,5.062577724456787,3.377840995788574
109,5.07900857925415,3.408900022506714
110,5.025858402252197,3.386457681655884
111,5.068941116333008,3.459359884262085
112,5.042703151702881,3.394116163253784
113,5.019522190093994,3.4235334396362305
114,5.013484001159668,3.4732253551483154
115,5.036397457122803,3.3854641914367676
116,5.031878471374512,3.548436403274536
117,5.005528450012207,3.410823106765747
118,5.023460388183594,3.4498705863952637
119,5.052193641662598,3.4114134311676025
120,5.015751838684082,3.4436676502227783
121,4.989075183868408,3.4990053176879883
122,4.996091365814209,3.4168667793273926
123,5.005218029022217,3.356726884841919
124,4.98813009262085,3.403705596923828
125,5.012934684753418,3.415328025817871
126,5.0309882164001465,3.378685474395752
127,5.0200886726379395,3.3896613121032715
128,5.0430521965026855,3.4224202632904053
129,4.988354682922363,3.375554084777832
130,4.966901779174805,3.370832920074463
131,4.943080902099609,3.4722070693969727
132,4.988682746887207,3.400669813156128
133,5.0093207359313965,3.396484851837158
134,4.984494686126709,3.3348026275634766
135,4.989896297454834,3.373422622680664
136,4.9781694412231445,3.4070122241973877
137,5.004432678222656,3.335097312927246
138,4.981466293334961,3.41095232963562
139,4.982101917266846,3.3845245838165283
140,5.026032447814941,3.4823479652404785
141,5.002751350402832,3.74507212638855
142,4.975934028625488,3.4263367652893066
143,4.980167388916016,3.642895221710205
144,4.970561504364014,3.3495023250579834
145,4.993171691894531,3.402860164642334
146,5.003178596496582,3.7034995555877686
147,5.045589447021484,3.4232280254364014
148,5.013604640960693,3.406019449234009
149,4.988679885864258,3.423055410385132
150,4.97843074798584,3.42130184173584
151,4.977564811706543,3.5551247596740723
152,4.975244045257568,3.5402774810791016
153,4.949521064758301,3.4380674362182617
154,4.961408615112305,3.365623950958252
155,4.955142974853516,3.378993034362793
156,4.975533485412598,3.5015883445739746
157,4.964694499969482,3.4079065322875977
158,4.950596332550049,3.3853321075439453
159,4.944808483123779,3.3305208683013916
160,4.919686317443848,3.397911310195923
161,4.920220375061035,3.309406280517578
162,4.889401912689209,3.3821804523468018
163,4.931590557098389,3.4112212657928467
164,4.928164005279541,3.4944522380828857
165,4.927809715270996,3.437352180480957
166,4.9284348487854,3.421830415725708
167,4.912038803100586,3.3789291381835938
168,4.958548545837402,3.337399959564209
169,4.9519453048706055,3.4949262142181396
170,4.919811248779297,3.3374180793762207
171,4.882781028747559,3.4863784313201904
172,4.918805122375488,3.352966785430908
173,4.903407096862793,3.3750927448272705
174,4.974257469177246,3.4146711826324463
175,4.951748371124268,3.4657015800476074
176,4.944487571716309,3.4487249851226807
177,4.925422668457031,3.349494457244873
178,4.951219081878662,3.510559320449829
179,4.929830551147461,3.4669127464294434
180,4.944958686828613,3.4151086807250977
181,4.97423791885376,3.4556944370269775
182,4.950857162475586,3.36490797996521
183,4.920003890991211,3.371527910232544
184,4.926910877227783,3.4934842586517334
185,4.933321475982666,3.403972625732422
186,4.856016159057617,3.5014944076538086
187,4.936419486999512,3.4131715297698975
188,4.890926361083984,3.440587282180786
189,4.901732921600342,3.36084246635437
190,4.880634784698486,3.41609787940979
191,4.902065753936768,3.7582623958587646
192,4.936291217803955,3.6181302070617676
193,4.921000003814697,3.7213380336761475
194,4.858727931976318,3.358647346496582
195,4.879469394683838,3.5044894218444824
196,4.926260471343994,3.789858102798462
197,4.878118515014648,3.3941690921783447
198,4.890599250793457,3.351628303527832
199,4.877254486083984,3.32560133934021
200,4.915646553039551,3.440169334411621
201,4.853814601898193,3.295710325241089
202,4.897244930267334,3.4922707080841064
203,4.884134769439697,3.4360251426696777
204,4.856403827667236,3.389055013656616
205,4.864022254943848,3.5086801052093506
206,4.905760765075684,3.501851797103882
207,4.828091144561768,3.420106887817383
208,4.928516387939453,3.4733285903930664
209,4.846741199493408,3.3531370162963867
210,5.031063556671143,3.503908157348633
211,4.944242477416992,3.4537734985351562
212,4.857608795166016,3.514188051223755
213,4.853065490722656,3.3658034801483154
214,4.928274154663086,3.61742901802063
215,4.917739391326904,3.4369781017303467
216,4.934359073638916,3.6571178436279297
217,4.976259708404541,3.4365808963775635
218,4.9358601570129395,3.430394411087036
219,4.907677173614502,3.7633020877838135
220,4.900561809539795,3.4885008335113525
221,4.8544135093688965,3.4350032806396484
222,4.841291427612305,3.3886473178863525
223,4.856741905212402,3.6331324577331543
224,4.84456729888916,3.6184494495391846
225,4.899402618408203,3.400038957595825
226,4.844262599945068,3.3882863521575928
227,4.883759498596191,3.492664337158203
228,4.860747337341309,3.3480782508850098
229,4.95190954208374,3.4377996921539307
230,4.8803300857543945,3.355778217315674
231,4.922539710998535,3.367708683013916
232,4.810237884521484,3.435365676879883
233,4.859457015991211,3.4035985469818115
234,4.950316429138184,3.426854372024536
235,4.889359951019287,3.350954055786133
236,4.831184387207031,3.3569350242614746
237,4.82297945022583,3.4137210845947266
238,4.851256370544434,3.473954677581787
239,4.8802289962768555,3.4512267112731934
240,4.838626384735107,3.4662230014801025
241,4.843318939208984,3.5105178356170654
242,4.834499835968018,3.3990578651428223
243,4.828821659088135,3.3775851726531982
244,4.838719367980957,3.607736110687256
245,4.849008083343506,3.376281499862671
246,4.846256256103516,3.5597097873687744
247,4.818432331085205,3.35465931892395
248,4.844609260559082,3.402940511703491
249,4.859986305236816,3.3679258823394775
250,4.8533854484558105,3.5567681789398193
251,4.818289279937744,3.5827722549438477
252,4.828365802764893,3.2810685634613037
253,4.827898025512695,3.5809202194213867
254,4.8586931228637695,3.556952476501465
255,4.799497604370117,3.374920606613159
256,4.878053665161133,3.3827807903289795
257,4.869323253631592,3.6851625442504883
258,4.800456523895264,3.4024717807769775
259,4.871957778930664,3.5187933444976807
260,4.825477123260498,3.3976519107818604
261,4.796487808227539,3.381256580352783
262,4.788917541503906,3.4654107093811035
263,4.802798271179199,3.3583240509033203
264,4.813228607177734,3.719332218170166
265,4.814718246459961,3.322169303894043
266,4.845144271850586,3.577240467071533
267,4.809046745300293,3.3613076210021973
268,4.779814720153809,3.484830617904663
269,4.855527877807617,3.8852756023406982
270,4.79166841506958,3.3342888355255127
271,4.83005952835083,3.360823154449463
272,4.794720649719238,3.3011727333068848
273,4.809115886688232,3.3239519596099854
274,4.91371488571167,3.441803216934204
275,4.835044860839844,3.382793664932251
276,4.805667400360107,3.488614559173584
277,4.8562397956848145,3.427795171737671
278,4.794925689697266,3.3595240116119385
279,4.820169448852539,3.5268497467041016
280,4.854305744171143,3.3387951850891113
281,4.815847396850586,3.971743106842041
282,4.8412981033325195,3.352126359939575
283,4.810204982757568,3.3266634941101074
284,4.813179969787598,3.8195688724517822
285,4.796785354614258,3.5867700576782227
286,4.798645496368408,3.621870756149292
287,4.834137439727783,3.324157476425171
288,4.837818622589111,3.344512462615967
289,4.778744220733643,3.40963077545166
290,4.770074367523193,3.439431667327881
291,4.788202285766602,3.3156638145446777
292,4.810622215270996,3.3529250621795654
293,4.789010047912598,3.3862526416778564
294,4.81460428237915,3.399261474609375
295,4.766443729400635,3.4193360805511475
296,4.799383640289307,3.285301685333252
297,4.82571268081665,3.3747074604034424
298,4.789358615875244,3.3791134357452393
299,4.78635835647583,3.3466379642486572
300,4.762650966644287,3.3863027095794678
301,4.818620204925537,3.4048805236816406
302,4.790497303009033,3.4551632404327393
303,4.810354232788086,3.399836301803589
304,4.773128986358643,3.377589702606201
305,4.8212361335754395,3.9351675510406494
306,4.791412830352783,3.390667676925659
307,4.794684410095215,3.3503592014312744
308,4.831952095031738,3.6806044578552246
309,4.797330856323242,3.4050331115722656
310,4.797813892364502,3.4324281215667725
311,4.774319171905518,3.4158694744110107
312,4.826592445373535,3.4387283325195312
313,4.80496072769165,3.4112327098846436
314,4.786927223205566,3.4548144340515137
315,4.834524154663086,3.396974802017212
316,4.817563056945801,3.413621425628662
317,4.785627365112305,3.4591102600097656
318,4.783208847045898,3.422783851623535
319,4.818806171417236,3.517467975616455
320,4.808948040008545,3.4402377605438232
321,4.787166595458984,3.4297683238983154
322,4.7908406257629395,3.490319013595581
323,4.785863399505615,3.4407801628112793
324,4.797801494598389,3.4350876808166504
325,4.793847560882568,3.4250686168670654
326,4.821821212768555,3.4535276889801025
327,4.790721416473389,3.445730447769165
328,4.801280498504639,3.5342702865600586
329,4.803734302520752,3.4549217224121094
330,4.8270649909973145,3.5216166973114014
331,4.801063537597656,3.483668804168701
332,4.775152683258057,3.577540874481201
333,4.794692516326904,3.547377347946167
334,4.796919345855713,3.484696865081787
335,4.828092098236084,3.520563840866089
336,4.830235958099365,3.5866341590881348
337,4.822078704833984,3.5626673698425293
338,4.852874279022217,3.5998802185058594
339,4.85315465927124,3.592655658721924
340,4.834810733795166,3.531064033508301
341,4.8196187019348145,3.5535459518432617
342,4.838412761688232,3.571462869644165
343,4.84557580947876,3.5698394775390625
344,4.912958145141602,3.5867624282836914
345,4.863678932189941,3.5918211936950684
346,4.868774890899658,3.6162025928497314
347,4.9058756828308105,3.643695592880249
348,4.886540412902832,3.6386117935180664
349,4.922399997711182,3.631565570831299
350,4.959888935089111,3.811267375946045
351,4.915676116943359,3.708094358444214
352,4.951339244842529,3.7653589248657227
353,4.931700706481934,3.6767382621765137
354,4.941965103149414,3.751203775405884
355,4.95184326171875,3.7651290893554688
356,4.944484710693359,3.709052562713623
357,4.95637321472168,3.7655274868011475
358,4.979678630828857,3.676190137863159
359,4.957671642303467,3.7244725227355957
360,4.961350440979004,3.700261116027832
361,4.9526801109313965,3.6737430095672607
362,4.979689121246338,3.703713893890381
363,4.960504531860352,3.710090398788452
364,4.99287223815918,3.854844093322754
365,4.9595746994018555,3.723574161529541
366,4.955917835235596,3.759237766265869
367,4.95338249206543,3.703892230987549
368,4.969043731689453,3.8109424114227295
369,4.9873948097229,3.7697246074676514
370,4.923759460449219,3.687699317932129
371,4.966703414916992,3.6862869262695312
372,4.953646183013916,3.807248592376709
373,4.940504550933838,3.6688120365142822
374,4.956119537353516,3.685051918029785
375,4.942926406860352,3.6765105724334717
376,4.939892292022705,3.7471163272857666
377,4.94710636138916,3.7778584957122803
378,4.956475734710693,3.710714340209961
379,4.946792125701904,3.7449679374694824
380,4.957432270050049,3.7122371196746826
381,4.945013046264648,3.7069387435913086
382,4.927761077880859,3.69252610206604
383,4.943408012390137,3.7159621715545654
384,4.952160835266113,3.7333335876464844
385,4.945860862731934,3.7861509323120117
386,4.960237979888916,3.68821120262146
387,4.966568470001221,3.7751216888427734
388,4.94608736038208,3.781344413757324
389,4.938488960266113,3.8406636714935303
390,4.943592071533203,3.6836578845977783
391,4.947451591491699,3.698045253753662
392,4.9505438804626465,3.7093923091888428
393,4.946891784667969,3.740704298019409
394,4.949950695037842,3.7429628372192383
395,4.9610700607299805,3.702648878097534
396,4.92659854888916,3.681593656539917
397,4.9427266120910645,3.820467710494995
398,4.91472864151001,3.6995675563812256
399,4.951624393463135,3.683359146118164
400,4.933344841003418,3.7086448669433594
401,4.953331470489502,3.681856870651245
402,4.931413173675537,3.750730514526367
403,4.960597038269043,3.8320255279541016
404,4.93867301940918,3.816917896270752
405,4.983449935913086,3.758237838745117
406,4.9886908531188965,3.683560371398926
407,4.964277267456055,3.702580690383911
408,4.942139625549316,3.7431633472442627
409,4.959170341491699,3.6840782165527344
410,4.933565616607666,3.687776803970337
411,4.983144760131836,3.880953788757324
412,4.973670482635498,3.6877458095550537
413,4.943632125854492,3.8942270278930664
414,4.960879325866699,3.7550742626190186
415,4.959234237670898,3.850097894668579
416,4.9270524978637695,3.7753148078918457
417,4.929958343505859,3.680673837661743
418,4.963734149932861,3.7139644622802734
419,4.948634624481201,3.76454758644104
420,4.988656044006348,3.71539044380188
421,4.95582389831543,3.8381385803222656
422,4.963893890380859,3.6991446018218994
423,4.947875022888184,3.8034753799438477
424,4.929983139038086,3.817324161529541
425,4.968296051025391,3.697373867034912
426,4.9662089347839355,3.906926155090332
427,4.9572529792785645,3.7344272136688232
428,4.97851037979126,3.7246971130371094
429,4.946129322052002,3.773982048034668
430,4.983325004577637,3.764918804168701
431,4.961945056915283,3.740553617477417
432,4.94071102142334,3.780601978302002
433,4.985525608062744,3.8154635429382324
434,4.957859992980957,3.6974434852600098
435,4.979891300201416,3.7194948196411133
436,4.948141574859619,3.7508320808410645
437,4.996082782745361,3.7202985286712646
438,4.955357551574707,3.7352659702301025
439,4.958827972412109,3.7769768238067627
440,4.909915447235107,3.720203399658203
441,4.950100421905518,3.738128423690796
442,4.955022811889648,3.6910953521728516
443,4.9408183097839355,3.797722578048706
444,4.9440836906433105,3.765444040298462
445,4.950399875640869,3.7089946269989014
446,4.957188606262207,3.7098567485809326
447,4.905444622039795,3.695282459259033
448,4.96291971206665,3.852759599685669
449,4.942728519439697,3.7790005207061768
450,4.951549053192139,3.696943759918213
451,4.958178997039795,3.6855862140655518
452,4.956010818481445,3.7501742839813232
453,4.956793785095215,3.9207603931427
454,4.972082614898682,3.7693569660186768
455,4.949385166168213,3.7914974689483643
456,4.95640754699707,3.689427375793457
457,4.939548492431641,3.700464963912964
458,4.939014434814453,3.8038651943206787
459,4.9671711921691895,3.7182586193084717
460,4.950644016265869,3.732950448989868
461,4.935372352600098,3.871070623397827
462,4.97623348236084,3.8189334869384766
463,4.972723007202148,3.815680980682373
464,4.9695611000061035,3.7051773071289062
465,4.950837135314941,3.9328174591064453
466,4.937579154968262,3.862738609313965
467,4.932013034820557,3.783029317855835
468,4.977024555206299,3.721189498901367
469,4.928091049194336,3.724473476409912
470,4.955770492553711,3.722571849822998
471,4.926609039306641,3.6921701431274414
472,4.951828479766846,3.743959665298462
473,4.946254730224609,3.8724453449249268
474,4.96095085144043,3.7997448444366455
475,4.914922714233398,3.6861209869384766
476,4.951759338378906,3.678804636001587
477,4.9319844245910645,3.6937742233276367
478,4.980129241943359,3.763864040374756
479,4.945217132568359,3.795466184616089
480,4.942121982574463,3.6803863048553467
481,4.938913345336914,3.798154354095459
482,4.9305267333984375,3.6895291805267334
483,4.960778713226318,3.7832090854644775
484,4.915484428405762,3.8528168201446533
485,4.923174858093262,3.8165457248687744
486,4.964210510253906,3.8330585956573486
487,4.954684734344482,3.712212562561035
488,4.94423246383667,3.791621685028076
489,4.952363014221191,3.935378074645996
490,4.932088851928711,3.7115063667297363
491,4.920511245727539,3.694573163986206
492,4.913900375366211,3.7359468936920166
493,4.899432182312012,3.696476936340332
494,4.9190874099731445,3.6717588901519775
495,4.924962043762207,3.737337827682495
496,4.9233222007751465,3.693819999694824
497,4.9298014640808105,3.7413344383239746
498,4.925740718841553,3.750086784362793
499,4.903872489929199,3.69685697555542
500,4.91649055480957,3.7633047103881836
501,4.937069892883301,3.6996853351593018
502,4.903384685516357,3.716747760772705
503,4.956571578979492,3.7120163440704346
504,4.930108547210693,3.7034220695495605
505,4.935959815979004,3.913233757019043
506,4.9067792892456055,3.7287819385528564
507,4.922240257263184,3.8815717697143555
508,4.915019512176514,3.747311592102051
509,4.911168098449707,3.7401630878448486
510,4.930106163024902,3.6994447708129883
511,4.92728853225708,3.709599018096924
512,4.945451259613037,3.7947590351104736
513,4.930448532104492,3.8974697589874268
514,4.917776584625244,3.6816773414611816
515,4.919378280639648,3.77978777885437
516,4.931303977966309,3.8864171504974365
517,4.9225382804870605,3.6833207607269287
518,4.897867202758789,3.8515729904174805
519,4.903726577758789,3.7303123474121094
520,4.934904098510742,3.7174251079559326
521,4.886756420135498,3.742043972015381
522,4.903562068939209,3.742471933364868
523,4.908681869506836,3.7154555320739746
524,4.9270853996276855,3.714115858078003
525,4.933569431304932,3.6910884380340576
526,4.926037788391113,3.7809157371520996
527,4.931980133056641,3.722409248352051
528,4.93093729019165,3.7774288654327393
529,4.926262855529785,3.9198989868164062
530,4.917746067047119,3.7475931644439697
531,4.905117034912109,3.7561588287353516
532,4.8998565673828125,3.7095961570739746
533,4.910975456237793,3.7505886554718018
534,4.9008564949035645,3.7619311809539795
535,4.9172468185424805,3.7499136924743652
536,4.94570255279541,3.749831199645996
537,4.929177761077881,3.7119007110595703
538,4.911187171936035,3.7842071056365967
539,4.9176459312438965,3.780978202819824
540,4.90407657623291,3.808854818344116
541,4.907466888427734,3.714794397354126
542,4.903665065765381,3.7997846603393555
543,4.918091773986816,3.7107186317443848
544,4.902453422546387,3.6775929927825928
545,4.9096245765686035,3.695432186126709
546,4.936516761779785,3.6891143321990967
547,4.9259934425354,3.7202682495117188
548,4.886758327484131,3.874074697494507
549,4.904026031494141,3.795572280883789
550,4.946927547454834,3.7979965209960938
551,4.90507173538208,3.7538464069366455
552,4.919719219207764,3.711184024810791
553,4.941532135009766,3.7098987102508545
554,4.9288249015808105,3.686535358428955
555,4.935812473297119,3.7791130542755127
556,4.915607929229736,3.706939220428467
557,4.944026947021484,3.7659337520599365
558,4.922825813293457,3.8013415336608887
559,4.882943630218506,3.821685552597046
560,4.911793231964111,3.7367098331451416
561,4.894686222076416,3.7768373489379883
562,4.926278114318848,3.7453296184539795
563,4.926339149475098,3.752568483352661
564,4.934154987335205,3.7524900436401367
565,4.9383544921875,3.7323191165924072
566,4.905579566955566,3.692434787750244
567,4.960406303405762,3.7248592376708984
568,4.904779434204102,3.7599291801452637
569,4.917478561401367,3.734863042831421
570,4.936363220214844,3.7549076080322266
571,4.912477970123291,3.722095251083374
572,4.921947479248047,3.7465898990631104
573,4.923594951629639,3.82979154586792
574,4.923145294189453,3.6937520503997803
575,4.893660068511963,3.7662534713745117
576,4.9117350578308105,3.835437059402466
577,4.908825397491455,3.696929693222046
578,4.920578956604004,3.7530035972595215
579,4.894761085510254,3.8094100952148438
580,4.9030070304870605,3.7502145767211914
581,4.919336795806885,3.7288599014282227
582,4.905569076538086,3.6783316135406494
583,4.895569801330566,3.9424636363983154
584,4.903539180755615,3.7419989109039307
585,4.886753559112549,3.755763292312622
586,4.917070388793945,3.722123622894287
587,4.905280113220215,3.7775344848632812
588,4.9156718254089355,3.8927347660064697
589,4.912175178527832,3.6882834434509277
590,4.884698867797852,3.8020482063293457
591,4.922172546386719,3.8767731189727783
592,4.8949127197265625,3.7425901889801025
593,4.888927459716797,3.733572006225586
594,4.903573513031006,3.729494571685791
595,4.869580268859863,3.7737174034118652
596,4.879877090454102,3.7017364501953125
597,4.869753360748291,3.654722213745117
598,4.885416507720947,3.704545021057129
599,4.891250133514404,3.7897567749023438
600,4.862244606018066,3.717707633972168
601,4.863742351531982,3.7298765182495117
602,4.9012885093688965,3.69189715385437
603,4.886567115783691,3.8250062465667725
604,4.8953776359558105,3.835707902908325
605,4.885320663452148,3.7633914947509766
606,4.8853759765625,3.7721481323242188
607,4.885971546173096,3.6962339878082275
608,4.920956134796143,3.7375330924987793
609,4.892714500427246,3.755876064300537
610,4.886285781860352,3.665121555328369
611,4.873480796813965,3.670109987258911
612,4.90784215927124,3.7167954444885254
613,4.890899181365967,3.7236859798431396
614,4.88439416885376,3.8009114265441895
615,4.900956630706787,3.7144691944122314
616,4.859497547149658,3.7765328884124756
617,4.898762226104736,3.7262985706329346
618,4.892555236816406,3.775908946990967
619,4.909532070159912,3.731579542160034
620,4.905180931091309,3.816239833831787
621,4.923835754394531,3.6694741249084473
622,4.917791366577148,3.6778297424316406
623,4.913229465484619,3.7652430534362793
624,4.902730464935303,3.7072999477386475
625,4.8895792961120605,3.774993896484375
626,4.884164333343506,3.821977138519287
627,4.8989691734313965,3.7452597618103027
628,4.874744415283203,3.665255546569824
629,4.895414352416992,3.844604969024658
630,4.865715026855469,3.926378011703491
631,4.919416427612305,3.7029972076416016
632,4.862623691558838,3.679847478866577
633,4.865794658660889,3.7661192417144775
634,4.886053562164307,3.742159366607666
635,4.856398105621338,3.729706287384033
636,4.8966145515441895,3.689506769180298
637,4.879673957824707,3.7229413986206055
638,4.904351711273193,3.7268009185791016
639,4.8986616134643555,3.813737630844116
640,4.88599967956543,3.7591288089752197
641,4.903946399688721,3.726330518722534
642,4.915276527404785,3.7987172603607178
643,4.892136096954346,3.900078058242798
644,4.869437217712402,3.7156600952148438
645,4.894793510437012,3.818289041519165
646,4.877809524536133,3.6533191204071045
647,4.915054798126221,3.9191997051239014
648,4.891767978668213,3.730119228363037
649,4.881970405578613,3.689579486846924
650,4.92057466506958,3.886653184890747
651,4.910642147064209,3.7591207027435303
652,4.900228500366211,3.7876853942871094
653,4.899474143981934,3.7614552974700928
654,4.876718044281006,3.8359954357147217
655,4.885580062866211,3.6816580295562744
656,4.910328388214111,3.743448257446289
657,4.8841023445129395,3.800616979598999
658,4.880685806274414,3.812324047088623
659,4.887472629547119,3.7415037155151367
660,4.878017425537109,3.6691176891326904
661,4.887572288513184,3.6910946369171143
662,4.893089771270752,3.705404043197632
663,4.894491672515869,3.7554821968078613
664,4.899816036224365,3.7217190265655518
665,4.881511211395264,3.737144708633423
666,4.877981185913086,3.765721082687378
667,4.865683078765869,3.737445116043091
668,4.897830486297607,3.8700454235076904
669,4.889250755310059,3.702880859375
670,4.873325347900391,3.7004919052124023
671,4.897836208343506,3.7666091918945312
672,4.869632720947266,3.8061845302581787
673,4.8877129554748535,3.713979721069336
674,4.870157241821289,3.6949996948242188
675,4.895336151123047,3.7889420986175537
676,4.875345706939697,3.697185754776001
677,4.876115322113037,3.7345528602600098
678,4.900282382965088,3.7147443294525146
679,4.91363525390625,3.7205681800842285
680,4.873781681060791,3.675006628036499
681,4.884850978851318,3.7323203086853027
682,4.886941909790039,3.7231452465057373
683,4.873334884643555,3.7107598781585693
684,4.84684944152832,3.7497177124023438
685,4.868172645568848,3.685185432434082
686,4.889410495758057,3.6819663047790527
687,4.88462495803833,3.8106563091278076
688,4.8720293045043945,3.771226167678833
689,4.897159576416016,3.8415141105651855
690,4.879965305328369,3.702859401702881
691,4.8579607009887695,3.7279887199401855
692,4.888993740081787,3.710367441177368
693,4.884988784790039,3.6936960220336914
694,4.898990154266357,3.6943624019622803
695,4.877202033996582,3.9149301052093506
696,4.878635406494141,3.681302785873413
697,4.861710071563721,3.7198023796081543
698,4.853882312774658,3.834695339202881
699,4.890407085418701,3.7408156394958496
700,4.8818745613098145,3.79752254486084
701,4.889399528503418,3.7194669246673584
702,4.897809028625488,3.679152250289917
703,4.857841491699219,3.7665677070617676
704,4.895442962646484,3.861872911453247
705,4.8675217628479,3.7211756706237793
706,4.892240047454834,3.6911191940307617
707,4.866207122802734,3.7270288467407227
708,4.892202377319336,3.7303884029388428
709,4.875309944152832,3.734534740447998
710,4.8482584953308105,3.715709924697876
711,4.834683895111084,3.6716339588165283
712,4.837891101837158,3.8461787700653076
713,4.873532295227051,3.6826398372650146
714,4.816706657409668,3.7762107849121094
715,4.821528434753418,3.720547914505005
716,4.831421375274658,3.716506242752075
717,4.811028957366943,3.7697408199310303
718,4.837066173553467,3.7842273712158203
719,4.832421779632568,3.6892130374908447
720,4.850294589996338,3.819098711013794
721,4.864187240600586,3.7099244594573975
722,4.846800804138184,3.7099080085754395
723,4.84475040435791,3.688530206680298
724,4.8437700271606445,3.666395902633667
725,4.8546223640441895,3.853858470916748
726,4.838470935821533,3.773473024368286
727,4.817986965179443,3.6476285457611084
728,4.847210884094238,3.736294746398926
729,4.820253372192383,3.704535484313965
730,4.839911460876465,3.6556472778320312
731,4.853698253631592,3.863542079925537
732,4.8366475105285645,3.837541103363037
733,4.8550639152526855,3.6808547973632812
734,4.833618640899658,3.6752328872680664
735,4.810296535491943,3.6775779724121094
736,4.830659866333008,3.8362698554992676
737,4.839511871337891,3.6754860877990723
738,4.843268394470215,3.8318405151367188
739,4.838198661804199,3.6586811542510986
740,4.844000816345215,3.6999714374542236
741,4.850909233093262,3.7815682888031006
742,4.807526588439941,3.629643678665161
743,4.8279571533203125,3.6526544094085693
744,4.800133228302002,3.771270513534546
745,4.832944393157959,3.6335654258728027
746,4.828861236572266,3.6829068660736084
747,4.811340808868408,3.7524256706237793
748,4.837401866912842,3.6381494998931885
749,4.832852840423584,3.724858522415161
750,4.831772327423096,3.7092905044555664
751,4.848302364349365,3.8882105350494385
752,4.8296918869018555,3.6835086345672607
753,4.828235626220703,3.8178911209106445
754,4.836881160736084,3.6577370166778564
755,4.842250347137451,3.747706890106201
756,4.832857131958008,3.818621873855591
757,4.853743076324463,3.6433966159820557
758,4.827811241149902,3.783245325088501
759,4.832427024841309,3.731076955795288
760,4.842337608337402,3.6400089263916016
761,4.8293561935424805,3.657820701599121
762,4.834409713745117,3.6582813262939453
763,4.849445819854736,3.7442526817321777
764,4.834731578826904,3.6774933338165283
765,4.817902088165283,3.830963611602783
766,4.8465142250061035,3.7087032794952393
767,4.826717853546143,3.681725263595581
768,4.846620559692383,3.8300275802612305
769,4.8408002853393555,3.6240737438201904
770,4.84101676940918,3.7165167331695557
771,4.845560073852539,3.674053907394409
772,4.83277702331543,3.6546518802642822
773,4.829103946685791,3.743818998336792
774,4.866884231567383,3.697659730911255
775,4.84622859954834,3.767991542816162
776,4.822358131408691,3.82749080657959
777,4.840607166290283,3.6808269023895264
778,4.851990222930908,3.6571483612060547
779,4.850700378417969,3.677851676940918
780,4.855261325836182,3.7426438331604004
781,4.867544651031494,3.7971532344818115
782,4.846959114074707,3.719477415084839
783,4.848670959472656,3.7407443523406982
784,4.850573539733887,3.8092594146728516
785,4.8537421226501465,3.6703853607177734
786,4.890223979949951,3.7399134635925293
787,4.861187934875488,3.7757742404937744
788,4.875324726104736,3.7040371894836426
789,4.869209289550781,3.755580186843872
790,4.855689525604248,3.743889808654785
791,4.8512725830078125,3.844525098800659
792,4.8245463371276855,3.6892426013946533
793,4.863159656524658,3.6939809322357178
794,4.803360462188721,3.760915994644165
795,4.851468563079834,3.766273021697998
796,4.863584041595459,3.6802616119384766
797,4.833693504333496,3.7446889877319336
798,4.831185340881348,3.7208077907562256
799,4.836021900177002,3.8451297283172607
800,4.856668949127197,3.6484789848327637
801,4.833057403564453,3.745683193206787
802,4.852493762969971,3.736816883087158
803,4.869078636169434,3.861631393432617
804,4.833670616149902,3.776028871536255
805,4.820931911468506,3.6715073585510254
806,4.831874847412109,3.7236099243164062
807,4.874871730804443,3.81648325920105
808,4.807312965393066,3.835294485092163
809,4.835068702697754,3.8115644454956055
810,4.893930435180664,3.7364954948425293
811,4.865997791290283,3.763751268386841
812,4.877772331237793,3.91526198387146
813,4.856425762176514,3.8037707805633545
814,4.878062725067139,3.7378735542297363
815,4.85191535949707,3.6609644889831543
816,4.854840278625488,3.8173396587371826
817,4.848408222198486,3.747860908508301
818,4.845327854156494,3.7565689086914062
819,4.847426891326904,3.706191301345825
820,4.8722357749938965,3.694077491760254
821,4.83027458190918,3.6540451049804688
822,4.852208137512207,3.9294986724853516
823,4.840240001678467,3.65824294090271
824,4.845017910003662,3.7374167442321777
825,4.884609222412109,3.720569133758545
826,4.853936672210693,3.771682024002075
827,4.853945255279541,3.791532278060913
828,4.845792770385742,3.78855562210083
829,4.842903137207031,3.73946475982666
830,4.817325592041016,3.7184524536132812
831,4.840427875518799,3.7497024536132812
832,4.840775012969971,3.6590158939361572
833,4.841848373413086,3.7269132137298584
834,4.82836389541626,3.7115588188171387
835,4.8398237228393555,3.706935405731201
836,4.87282657623291,3.746161937713623
837,4.823716640472412,3.8474690914154053
838,4.843922138214111,3.6304869651794434
839,4.834685802459717,3.7100789546966553
840,4.827694416046143,3.7433135509490967
841,4.861857891082764,3.7231342792510986
842,4.846931457519531,3.7473678588867188
843,4.8336710929870605,3.745997190475464
844,4.820894241333008,3.6768686771392822
845,4.838480472564697,3.701874256134033
846,4.824536323547363,3.797269582748413
847,4.8437957763671875,3.699655532836914
848,4.84019660949707,3.6367061138153076
849,4.805922031402588,3.9097585678100586
850,4.837266445159912,3.8178775310516357
851,4.8009538650512695,3.739255666732788
852,4.8251872062683105,3.694098949432373
853,4.830674648284912,3.7425377368927
854,4.81906270980835,3.7273569107055664
855,4.8105034828186035,3.7828660011291504
856,4.830035209655762,3.660107374191284
857,4.83640193939209,3.755195140838623
858,4.859282970428467,3.74800968170166
859,4.8376784324646,3.73763370513916
860,4.839811325073242,3.9705088138580322
861,4.847997188568115,3.8872873783111572
862,4.8169941902160645,3.734536647796631
863,4.841372013092041,3.679560661315918
864,4.844072341918945,3.693418025970459
865,4.834741115570068,3.692584753036499
866,4.8280839920043945,3.831594467163086
867,4.819835186004639,3.7244038581848145
868,4.8323822021484375,3.6721601486206055
869,4.862639427185059,3.7426655292510986
870,4.814724445343018,3.7053065299987793
871,4.828530788421631,3.6639175415039062
872,4.837650299072266,3.6687750816345215
873,4.855829238891602,3.7567028999328613
874,4.851654529571533,3.845496416091919
875,4.804753303527832,3.714454174041748
876,4.820226192474365,3.703789472579956
877,4.8282647132873535,3.80507230758667
878,4.809561252593994,3.784280776977539
879,4.867689609527588,3.758557081222534
880,4.844247341156006,3.6974222660064697
881,4.823434829711914,3.8080029487609863
882,4.830805778503418,3.6589434146881104
883,4.804285526275635,3.8276243209838867
884,4.810662746429443,3.717033863067627
885,4.809956073760986,3.782029628753662
886,4.874382972717285,3.6765120029449463
887,4.856895923614502,3.7756540775299072
888,4.8562445640563965,3.685640573501587
889,4.856490612030029,3.656874418258667
890,4.859116077423096,3.713646650314331
891,4.835519313812256,3.671066999435425
892,4.825375080108643,3.6741981506347656
893,4.818437099456787,3.7088260650634766
894,4.855831146240234,3.721637010574341
895,4.847847938537598,3.7513108253479004
896,4.81516170501709,3.6746675968170166
897,4.8281569480896,3.6907544136047363
898,4.8351240158081055,3.7533118724823
899,4.813096046447754,3.807180404663086
900,4.821042537689209,3.7273504734039307
901,4.820333957672119,3.7347757816314697
902,4.815489768981934,3.668890953063965
903,4.8241167068481445,3.717501640319824
904,4.828572750091553,3.693950891494751
905,4.841970920562744,3.6943466663360596
906,4.841095924377441,3.7593448162078857
907,4.80982780456543,3.6687493324279785
908,4.843567848205566,3.693389892578125
909,4.815514087677002,3.647331476211548
910,4.806829452514648,3.854527235031128
911,4.830348491668701,3.690934419631958
912,4.843469142913818,3.7160487174987793
913,4.8594207763671875,3.8841865062713623
914,4.835676670074463,3.7036795616149902
915,4.853242874145508,3.7891886234283447
916,4.814746856689453,3.7307801246643066
917,4.841753005981445,3.7198703289031982
918,4.826305389404297,3.712308645248413
919,4.8173508644104,3.6846659183502197
920,4.849515438079834,3.7980709075927734
921,4.817751407623291,3.7726922035217285
922,4.8211989402771,3.810821533203125
923,4.851291656494141,3.7188498973846436
924,4.829689025878906,3.766572952270508
925,4.8637800216674805,3.766021251678467
926,4.857543468475342,3.65006947517395
927,4.838155746459961,3.734140634536743
928,4.850265026092529,3.7308428287506104
929,4.892666339874268,3.8043923377990723
930,4.803900718688965,3.658400774002075
931,4.801123142242432,3.73610782623291
932,4.85605525970459,3.6880788803100586
933,4.826892375946045,3.7207446098327637
934,4.818162441253662,3.7014458179473877
935,4.871581077575684,3.707562208175659
936,4.863484859466553,3.6930770874023438
937,4.860877990722656,3.717803478240967
938,4.868350028991699,3.780444383621216
939,4.836114406585693,3.6905765533447266
940,4.802778244018555,3.6891918182373047
941,4.819322109222412,3.712874174118042
942,4.832999229431152,3.8198792934417725
943,4.811951637268066,3.6994545459747314
944,4.79614782333374,3.7369699478149414
945,4.821751594543457,3.716494560241699
946,4.825038433074951,3.7558836936950684
947,4.8428053855896,3.6942086219787598
948,4.832563877105713,3.7933738231658936
949,4.8057026863098145,3.8391225337982178
950,4.812659740447998,3.828012704849243
951,4.853694915771484,3.8061935901641846
952,4.8336896896362305,3.824294090270996
953,4.813054084777832,3.734828233718872
954,4.8080644607543945,3.730156183242798
955,4.849094390869141,3.7527737617492676
956,4.825873374938965,3.760366201400757
957,4.858092308044434,3.7721645832061768
958,4.81669807434082,3.7935311794281006
959,4.801417350769043,3.7471158504486084
960,4.79184103012085,3.718322992324829
961,4.841305732727051,3.845233678817749
962,4.873614311218262,4.0607452392578125
963,4.835184097290039,3.751591205596924
964,4.799491882324219,3.72027325630188
965,4.8286452293396,3.7765674591064453
966,4.83245849609375,3.6628618240356445
967,4.829617977142334,3.8453054428100586
968,4.823004245758057,3.7884609699249268
969,4.805335521697998,3.804232120513916
970,4.8150224685668945,3.7237439155578613
971,4.816614627838135,3.759993076324463
972,4.835623264312744,3.7199392318725586
973,4.833168029785156,3.8016717433929443
974,4.827714443206787,3.707357168197632
975,4.846572399139404,3.816495895385742
976,4.8098297119140625,3.854267120361328
977,4.822466850280762,3.6483287811279297
978,4.851329803466797,3.684159278869629
979,4.824238300323486,3.8107759952545166
980,4.825490951538086,3.7302281856536865
981,4.825125217437744,3.8206217288970947
982,4.842216491699219,3.6566193103790283
983,4.8235673904418945,3.8349902629852295
984,4.813706874847412,3.6633551120758057
985,4.827831268310547,3.9660465717315674
986,4.8700270652771,3.693533182144165
987,4.837798595428467,3.6889564990997314
988,4.855956077575684,3.757887840270996
989,4.806784152984619,3.7532272338867188
990,4.833156585693359,3.9257469177246094
991,4.8148884773254395,3.842027425765991
992,4.817667484283447,3.73443341255188
993,4.840662479400635,3.72172212600708
994,4.81281042098999,3.7883007526397705
995,4.854794502258301,3.6422653198242188
996,4.833704948425293,3.703636646270752
997,4.845458030700684,3.6916282176971436
998,4.825369358062744,3.762193441390991
999,4.8441362380981445,3.767493963241577
