epoch,loss,val_loss
0,60.52715301513672,50.057586669921875
1,59.39960861206055,50.45875549316406
2,58.91201400756836,46.92313766479492
3,57.614871978759766,43.81956100463867
4,55.62812042236328,43.34908676147461
5,53.131099700927734,37.6879768371582
6,49.18732833862305,36.76883316040039
7,43.99618911743164,35.263404846191406
8,39.78902053833008,32.89620590209961
9,36.74787521362305,29.068466186523438
10,25.47150230407715,23.41612434387207
11,23.45453453063965,22.617856979370117
12,23.105981826782227,18.1002197265625
13,24.472944259643555,18.693878173828125
14,20.279088973999023,14.824655532836914
15,19.47662353515625,12.923993110656738
16,18.963043212890625,11.313169479370117
17,18.450048446655273,10.324363708496094
18,18.08281707763672,9.420368194580078
19,17.157455444335938,9.11567211151123
20,15.752312660217285,8.802620887756348
21,15.758445739746094,8.261726379394531
22,15.114925384521484,8.984164237976074
23,15.469512939453125,8.640297889709473
24,14.656951904296875,10.332855224609375
25,14.367288589477539,7.803443431854248
26,14.153316497802734,7.49544095993042
27,12.847228050231934,7.094432830810547
28,12.839344024658203,6.680581569671631
29,12.67818546295166,6.505328178405762
30,11.804386138916016,6.167712211608887
31,11.781440734863281,6.040799617767334
32,11.754867553710938,6.267452239990234
33,11.614206314086914,5.9041290283203125
34,11.483240127563477,5.900148391723633
35,11.40456485748291,6.237908363342285
36,11.329299926757812,5.938162803649902
37,11.26150131225586,6.4265828132629395
38,11.22110652923584,6.051619052886963
39,11.117435455322266,5.879261016845703
40,10.731025695800781,5.5159220695495605
41,10.672775268554688,5.622011661529541
42,10.790220260620117,5.687827110290527
43,10.801730155944824,5.4565205574035645
44,11.0363130569458,5.582309246063232
45,11.116490364074707,6.000495910644531
46,11.13943099975586,5.781476020812988
47,11.0734224319458,5.632833957672119
48,11.264551162719727,5.647659778594971
49,10.90052318572998,5.764416217803955
50,10.777764320373535,6.271137237548828
51,10.745969772338867,5.601229190826416
52,10.877472877502441,6.165045261383057
53,11.897605895996094,8.103761672973633
54,12.611393928527832,5.853909015655518
55,11.671113014221191,5.279336452484131
56,11.303560256958008,5.961482524871826
57,11.25320816040039,5.65128755569458
58,11.360383033752441,5.623106479644775
59,11.42307186126709,6.119314193725586
60,11.424029350280762,5.345977306365967
61,11.167689323425293,5.155818462371826
62,11.095359802246094,5.481629848480225
63,14.452783584594727,22.540115356445312
64,22.443960189819336,14.833187103271484
65,25.164655685424805,15.639413833618164
66,20.67578125,12.682352066040039
67,19.38544273376465,12.234106063842773
68,18.372900009155273,11.764483451843262
69,14.353545188903809,5.460550308227539
70,11.415229797363281,6.159016132354736
71,13.985312461853027,5.365826606750488
72,10.755546569824219,5.208358287811279
73,10.634628295898438,5.580024719238281
74,10.667945861816406,5.530969619750977
75,10.609888076782227,5.398282527923584
76,10.567378044128418,5.325167655944824
77,10.61502456665039,5.145413398742676
78,10.634054183959961,5.896340370178223
79,10.505829811096191,5.217780113220215
80,10.580172538757324,5.845057010650635
81,10.314370155334473,5.728837013244629
82,10.423490524291992,5.471485137939453
83,10.190768241882324,5.150364398956299
84,10.207101821899414,5.7405781745910645
85,10.49286937713623,5.941464900970459
86,10.325531005859375,7.16882848739624
87,12.055146217346191,9.375866889953613
88,11.106152534484863,7.924878120422363
89,10.641270637512207,7.256033420562744
90,10.330158233642578,6.734493732452393
91,10.336771011352539,5.9164018630981445
92,10.347173690795898,5.65446138381958
93,10.352845191955566,6.479198932647705
94,10.366714477539062,6.188464164733887
95,10.360403060913086,5.573507785797119
96,10.330479621887207,6.087778568267822
97,10.41677474975586,5.571898937225342
98,10.337774276733398,5.647165298461914
99,10.339864730834961,6.18002986907959
100,10.222009658813477,5.415007591247559
101,10.269564628601074,5.329644203186035
102,10.22951889038086,5.740459442138672
103,10.234328269958496,6.018099784851074
104,10.223145484924316,6.040318965911865
105,10.274269104003906,5.713297367095947
106,10.240501403808594,5.925189018249512
107,10.262887001037598,5.213817119598389
108,10.2864408493042,5.380692481994629
109,10.287824630737305,5.328173637390137
110,10.168481826782227,5.365851402282715
111,10.133857727050781,5.407461643218994
112,10.182862281799316,5.260351181030273
113,11.178620338439941,6.545450210571289
114,11.261301040649414,6.243847846984863
115,11.077343940734863,5.436861991882324
116,10.328385353088379,5.113346576690674
117,10.600366592407227,4.983945369720459
118,10.305291175842285,6.115991115570068
119,10.454268455505371,6.1401824951171875
120,10.113390922546387,5.5187530517578125
121,10.324775695800781,5.114066123962402
122,10.421341896057129,6.59144401550293
123,10.666069984436035,5.490704536437988
124,10.268471717834473,6.050662994384766
125,10.199624061584473,6.037509441375732
126,10.18929672241211,5.3036699295043945
127,10.235119819641113,5.401895523071289
128,10.234821319580078,5.7916579246521
129,10.069613456726074,5.312338829040527
130,10.018428802490234,4.912944793701172
131,10.043493270874023,4.910985469818115
132,10.02031421661377,5.502470016479492
133,9.977907180786133,5.081870079040527
134,9.984885215759277,5.170715808868408
135,9.993077278137207,5.075156211853027
136,9.998831748962402,5.018244743347168
137,10.114227294921875,5.0350494384765625
138,10.01889705657959,5.309177398681641
139,10.043282508850098,5.178424835205078
140,10.016332626342773,5.2521586418151855
141,9.995200157165527,5.579067230224609
142,9.939024925231934,5.106081962585449
143,9.928265571594238,7.040574550628662
144,9.963985443115234,6.106626510620117
145,10.10307502746582,5.081359386444092
146,10.031771659851074,4.951601028442383
147,10.002169609069824,5.33620023727417
148,10.049806594848633,5.250107288360596
149,10.020065307617188,6.647303104400635
150,9.987471580505371,5.055422782897949
151,9.9585542678833,6.29385232925415
152,9.897356033325195,4.863148212432861
153,9.925989151000977,4.845361709594727
154,9.99245548248291,4.970913410186768
155,9.914627075195312,6.661345958709717
156,9.968960762023926,5.453630447387695
157,9.936226844787598,6.69227933883667
158,10.01187515258789,5.15902853012085
159,9.937284469604492,5.058659076690674
160,10.006272315979004,5.304601192474365
161,9.882184982299805,5.047080039978027
162,10.036380767822266,5.147119045257568
163,9.947136878967285,6.807111740112305
164,11.075299263000488,7.39961051940918
165,10.465483665466309,6.398504257202148
166,12.61031723022461,35.66596984863281
167,20.691852569580078,6.260215759277344
168,14.955070495605469,11.206562042236328
169,13.0396728515625,9.719517707824707
170,12.55103588104248,5.839176654815674
171,12.569781303405762,8.615878105163574
172,11.856095314025879,6.062740325927734
173,12.236692428588867,8.588432312011719
174,11.904010772705078,7.900933742523193
175,11.342116355895996,7.766228199005127
176,11.53165054321289,8.465046882629395
177,11.365315437316895,7.417910575866699
178,10.99602222442627,7.939335823059082
179,10.823887825012207,6.490170955657959
180,10.957453727722168,6.1427764892578125
181,9.917084693908691,4.948507308959961
182,10.78313159942627,6.980710029602051
183,10.683493614196777,7.990482330322266
184,10.252355575561523,5.442041873931885
185,10.483870506286621,4.8338799476623535
186,10.170735359191895,5.455731391906738
187,10.595402717590332,5.919671058654785
188,9.965841293334961,5.291098594665527
189,9.745830535888672,5.078293323516846
190,9.788089752197266,6.795780181884766
191,9.651838302612305,4.824201583862305
192,9.71860408782959,4.854949951171875
193,9.676033020019531,6.470017910003662
194,9.657767295837402,4.856069564819336
195,9.825371742248535,5.864418983459473
196,9.753360748291016,4.838191986083984
197,9.749856948852539,6.0635247230529785
198,9.751030921936035,4.979598522186279
199,9.792682647705078,4.852884292602539
200,9.69298267364502,4.792360305786133
201,9.64968204498291,5.711996078491211
202,9.691022872924805,5.396026611328125
203,9.841019630432129,5.06118106842041
204,9.724227905273438,5.32038688659668
205,9.658492088317871,5.972447395324707
206,9.716864585876465,4.820936679840088
207,9.668621063232422,4.928388595581055
208,9.73509693145752,4.905967712402344
209,9.715716361999512,4.9526777267456055
210,9.642189979553223,5.262224197387695
211,9.567718505859375,4.747374534606934
212,9.59378433227539,5.271353721618652
213,9.63404369354248,4.790903568267822
214,9.737698554992676,5.48205041885376
215,9.598017692565918,6.154819965362549
216,9.813763618469238,5.312472820281982
217,9.613228797912598,6.047489166259766
218,9.669057846069336,4.829646587371826
219,9.633456230163574,7.375792980194092
220,9.593274116516113,4.87942361831665
221,9.604424476623535,4.899293899536133
222,9.519887924194336,4.916042327880859
223,9.552544593811035,4.85460090637207
224,9.601849555969238,4.913206577301025
225,9.755528450012207,5.105485439300537
226,9.761536598205566,5.34423303604126
227,9.608479499816895,4.914535045623779
228,9.704794883728027,4.901738166809082
229,9.57380485534668,5.411038398742676
230,9.692532539367676,5.296075820922852
231,9.501313209533691,6.400877952575684
232,9.541608810424805,4.969377040863037
233,9.6172513961792,5.808196544647217
234,11.101081848144531,10.647527694702148
235,12.865009307861328,10.295768737792969
236,11.538041114807129,8.661822319030762
237,15.740983009338379,19.98499298095703
238,15.767618179321289,11.310705184936523
239,12.853217124938965,7.119831085205078
240,12.218184471130371,5.838712215423584
241,13.378012657165527,11.738619804382324
242,12.729608535766602,10.762350082397461
243,12.20395565032959,10.390089988708496
244,11.995548248291016,8.917166709899902
245,11.66838550567627,8.65912914276123
246,11.379473686218262,8.600996971130371
247,11.147141456604004,8.751062393188477
248,11.023948669433594,6.467147350311279
249,10.411968231201172,5.097695350646973
250,10.045024871826172,11.441208839416504
251,11.880220413208008,7.791111469268799
252,10.683286666870117,6.803879737854004
253,10.34849739074707,6.566608905792236
254,10.605353355407715,5.552168846130371
255,10.190872192382812,4.815358638763428
256,9.510507583618164,4.9840779304504395
257,9.387415885925293,5.224391937255859
258,9.482878684997559,4.881072521209717
259,9.50202465057373,4.714009761810303
260,9.481252670288086,4.683119773864746
261,9.378637313842773,5.114989757537842
262,9.384982109069824,5.186085224151611
263,9.368766784667969,5.221948623657227
264,9.329524040222168,4.92208194732666
265,9.434958457946777,5.1634602546691895
266,9.39754867553711,5.463302135467529
267,9.321246147155762,4.724462985992432
268,9.454023361206055,5.601663589477539
269,9.644454956054688,5.293765544891357
270,9.557133674621582,6.452250957489014
271,9.440471649169922,5.048595428466797
272,9.280832290649414,5.173281669616699
273,9.630451202392578,5.338939666748047
274,9.417364120483398,5.493077278137207
275,9.556503295898438,5.419290542602539
276,9.267651557922363,5.58750581741333
277,9.250801086425781,4.73918342590332
278,9.426283836364746,5.519276142120361
279,9.29374885559082,5.289768218994141
280,9.347084999084473,4.820563793182373
281,9.265024185180664,4.902207374572754
282,9.400607109069824,5.997088432312012
283,9.265257835388184,4.975198745727539
284,9.690417289733887,5.564472198486328
285,9.590246200561523,5.711036682128906
286,10.017399787902832,5.020572662353516
287,9.417657852172852,5.297519683837891
288,9.40382194519043,4.843018054962158
289,10.078686714172363,5.055986404418945
290,9.674517631530762,8.310260772705078
291,9.652287483215332,6.108750820159912
292,9.65689468383789,6.19971227645874
293,9.889793395996094,5.012706279754639
294,9.716516494750977,7.565708160400391
295,10.016140937805176,5.075691223144531
296,9.55356216430664,5.918125629425049
297,9.81238842010498,4.74976110458374
298,9.699435234069824,7.8172760009765625
299,9.688940048217773,4.687822341918945
300,9.700146675109863,5.692245006561279
301,10.207858085632324,5.0689377784729
302,12.558158874511719,11.689531326293945
303,12.306875228881836,10.809731483459473
304,11.33199405670166,10.661728858947754
305,10.513989448547363,6.604949474334717
306,9.81907844543457,5.709305286407471
307,12.175233840942383,11.542884826660156
308,11.456253051757812,6.364643096923828
309,9.989489555358887,5.688417434692383
310,9.83759593963623,5.577361583709717
311,9.793004035949707,5.3196916580200195
312,9.802118301391602,4.8898210525512695
313,9.955531120300293,4.960033416748047
314,10.05638313293457,5.0521440505981445
315,9.821465492248535,12.360864639282227
316,10.403969764709473,5.522874355316162
317,9.895607948303223,5.398571014404297
318,9.7494535446167,5.497280597686768
319,9.749732971191406,5.556813716888428
320,9.76069450378418,5.175023078918457
321,9.777030944824219,5.123214244842529
322,9.909242630004883,5.468466758728027
323,9.795167922973633,5.5980730056762695
324,9.78565788269043,4.96987247467041
325,9.880881309509277,5.237040042877197
326,10.14033031463623,5.632247447967529
327,9.757451057434082,5.600897789001465
328,9.72274112701416,5.1429548263549805
329,9.847145080566406,4.832371711730957
330,9.798807144165039,6.012474060058594
331,9.871639251708984,6.202132701873779
332,9.819012641906738,4.737939834594727
333,9.898055076599121,4.929904460906982
334,9.793951988220215,5.782193183898926
335,10.194819450378418,5.914916515350342
336,9.842367172241211,4.847713947296143
337,9.810647010803223,5.089986801147461
338,9.80820083618164,5.848010540008545
339,9.785161018371582,5.265359878540039
340,9.990435600280762,4.70035982131958
341,9.732100486755371,5.44060754776001
342,9.937271118164062,6.900826454162598
343,9.86050033569336,5.433916091918945
344,10.090636253356934,5.136753559112549
345,9.905343055725098,4.689197540283203
346,9.760313034057617,6.383028030395508
347,10.127504348754883,6.786921977996826
348,9.91493034362793,4.750409126281738
349,10.362105369567871,4.795797348022461
350,9.80727481842041,5.014837741851807
351,9.85757827758789,6.001277446746826
352,9.972564697265625,6.932555198669434
353,9.898982048034668,4.670802593231201
354,10.381340026855469,4.956094264984131
355,9.866426467895508,4.844162940979004
356,9.819356918334961,5.225292205810547
357,9.821818351745605,7.003786563873291
358,10.180216789245605,6.826782703399658
359,10.260287284851074,6.312558650970459
360,10.509052276611328,4.935295581817627
361,9.871739387512207,4.825317859649658
362,9.72966194152832,5.537264823913574
363,9.738738059997559,5.935457229614258
364,9.737607955932617,5.039689540863037
365,9.807734489440918,4.913030624389648
366,9.787460327148438,5.36555290222168
367,9.863641738891602,7.202293395996094
368,9.868634223937988,5.1828389167785645
369,10.247347831726074,4.734719276428223
370,9.971213340759277,4.6971964836120605
371,9.758557319641113,5.631937503814697
372,9.942015647888184,7.559004306793213
373,9.831254005432129,4.755459785461426
374,10.256644248962402,4.700200080871582
375,9.808197021484375,4.755422592163086
376,9.764619827270508,5.74969482421875
377,9.800572395324707,7.046611785888672
378,10.021982192993164,7.045219898223877
379,10.0183744430542,5.264926910400391
380,10.384299278259277,4.798069000244141
381,9.805977821350098,4.7867913246154785
382,9.750908851623535,6.027032375335693
383,10.0068998336792,8.050220489501953
384,9.809222221374512,5.264645576477051
385,10.201340675354004,4.836794853210449
386,9.877487182617188,4.688237190246582
387,9.697955131530762,5.275733470916748
388,9.847015380859375,7.052473545074463
389,9.933432579040527,6.526864051818848
390,9.984851837158203,4.773816108703613
391,9.855810165405273,4.649918079376221
392,9.715529441833496,5.050890922546387
393,9.712323188781738,6.163712978363037
394,9.801186561584473,6.9211201667785645
395,9.727112770080566,4.659789085388184
396,9.957834243774414,4.621639251708984
397,9.713652610778809,5.113478183746338
398,9.733294486999512,6.531798839569092
399,9.758528709411621,6.132967948913574
400,10.069951057434082,4.679454803466797
401,9.836788177490234,4.672932147979736
402,9.721038818359375,5.461254119873047
403,9.82185173034668,7.427271842956543
404,9.881330490112305,5.262911319732666
405,10.147758483886719,4.848155498504639
406,9.841151237487793,4.782549858093262
407,9.656109809875488,5.296940803527832
408,9.803829193115234,6.998876094818115
409,9.780930519104004,5.55573844909668
410,9.944748878479004,4.638422966003418
411,9.77743148803711,4.7279863357543945
412,9.710173606872559,5.454947471618652
413,9.717838287353516,6.345077991485596
414,9.728612899780273,5.260576248168945
415,9.81313705444336,4.643979549407959
416,9.71376895904541,5.608585834503174
417,9.766154289245605,6.352461814880371
418,9.72368049621582,5.764816761016846
419,9.860637664794922,4.620378494262695
420,9.741663932800293,4.769070625305176
421,9.671184539794922,6.034634590148926
422,9.818909645080566,6.7136616706848145
423,9.654480934143066,4.7079243659973145
424,9.906907081604004,4.638220310211182
425,9.703445434570312,4.901378154754639
426,9.743578910827637,6.449057102203369
427,9.858327865600586,6.684002876281738
428,9.638628959655762,4.6084089279174805
429,9.905841827392578,4.642436981201172
430,9.728885650634766,4.811545372009277
431,9.755953788757324,6.852856159210205
432,9.880719184875488,6.3994927406311035
433,9.783825874328613,4.632602691650391
434,9.872322082519531,4.659377098083496
435,9.70150375366211,5.3820390701293945
436,9.847697257995605,7.230621814727783
437,9.819231986999512,5.394531726837158
438,9.851929664611816,4.628476619720459
439,9.818201065063477,4.683930397033691
440,9.72022533416748,5.6314496994018555
441,9.81862735748291,6.869131088256836
442,9.692956924438477,4.946815013885498
443,9.84421157836914,4.61713981628418
444,9.759811401367188,4.75960636138916
445,9.753113746643066,6.669785976409912
446,9.875349044799805,6.040808200836182
447,9.674277305603027,4.80727481842041
448,9.732783317565918,4.738459587097168
449,9.731009483337402,5.641024112701416
450,9.687644004821777,5.652921676635742
451,9.674590110778809,5.55690336227417
452,9.635689735412598,5.713629722595215
453,9.607312202453613,4.957929611206055
454,9.65204906463623,5.355323791503906
455,9.634950637817383,5.433902740478516
456,9.636427879333496,4.800454616546631
457,9.670516967773438,5.276315689086914
458,9.658430099487305,5.992297649383545
459,9.622878074645996,5.282629013061523
460,9.674606323242188,5.18056583404541
461,9.644411087036133,5.551798343658447
462,9.617569923400879,5.050894737243652
463,9.627198219299316,5.800832748413086
464,9.66836166381836,5.493561267852783
465,9.628320693969727,4.954297065734863
466,9.669533729553223,4.819450378417969
467,9.628762245178223,4.6323466300964355
468,9.763312339782715,6.275454521179199
469,9.669146537780762,5.381138801574707
470,9.609991073608398,4.893455982208252
471,9.859810829162598,4.655107021331787
472,9.692041397094727,6.652967929840088
473,9.947468757629395,6.53930139541626
474,9.649346351623535,4.634180068969727
475,9.750082015991211,4.582056999206543
476,9.827584266662598,4.658002853393555
477,9.717336654663086,6.598852634429932
478,9.85465145111084,7.017150402069092
479,9.629781723022461,4.974696636199951
480,9.79481315612793,4.897356033325195
481,9.73642349243164,4.725119590759277
482,9.610618591308594,5.62523889541626
483,9.859821319580078,7.251885890960693
484,9.659695625305176,4.70161247253418
485,9.87624454498291,4.71258020401001
486,9.680939674377441,4.839876174926758
487,9.647578239440918,6.105955600738525
488,9.829920768737793,7.45138692855835
489,9.617576599121094,5.136696815490723
490,9.62813949584961,4.742132663726807
491,9.657286643981934,4.777475357055664
492,9.638198852539062,5.016046524047852
493,9.542041778564453,5.4171037673950195
494,9.600217819213867,4.907154560089111
495,9.585142135620117,4.750657558441162
496,9.566436767578125,5.862917423248291
497,9.682019233703613,4.703022003173828
498,9.569287300109863,5.523786544799805
499,9.592134475708008,5.935115337371826
500,9.540938377380371,4.666507244110107
501,10.046463966369629,4.680632591247559
502,9.663630485534668,4.9435858726501465
503,9.800262451171875,7.750231742858887
504,9.862601280212402,6.243549823760986
505,9.571422576904297,4.913199424743652
506,9.660012245178223,4.634901523590088
507,9.587873458862305,5.468489170074463
508,9.609381675720215,5.401106357574463
509,9.631917953491211,5.640781879425049
510,9.642631530761719,4.685561180114746
511,9.601944923400879,4.969156265258789
512,9.553712844848633,5.093506813049316
513,9.657647132873535,5.995236873626709
514,9.609299659729004,5.679052829742432
515,9.558056831359863,4.896146774291992
516,9.573019027709961,4.767754077911377
517,9.60712718963623,5.3256916999816895
518,9.599678039550781,4.815965175628662
519,9.593489646911621,5.125969409942627
520,9.593528747558594,4.691339015960693
521,9.56097412109375,5.201006889343262
522,9.539647102355957,5.715168476104736
523,9.542594909667969,5.15981388092041
524,9.635242462158203,4.639692783355713
525,9.599656105041504,6.016147613525391
526,9.634299278259277,5.117409706115723
527,9.529220581054688,4.730130672454834
528,9.56761360168457,5.057209014892578
529,9.554616928100586,5.2224578857421875
530,9.592473030090332,5.301932334899902
531,9.584482192993164,4.638575077056885
532,9.574505805969238,5.206212997436523
533,9.5928955078125,5.616452217102051
534,9.578320503234863,5.458901405334473
535,9.57472038269043,4.750191688537598
536,9.6121826171875,4.6813459396362305
537,9.61147403717041,5.062513828277588
538,9.590435981750488,5.163968086242676
539,9.629548072814941,5.014483451843262
540,9.6860990524292,4.7846503257751465
541,9.606356620788574,4.7814106941223145
542,9.616739273071289,5.566153526306152
543,9.609345436096191,6.118445873260498
544,9.616169929504395,4.808411598205566
545,9.6192626953125,4.607330322265625
546,9.575784683227539,5.306590557098389
547,9.63857650756836,6.387124061584473
548,9.556391716003418,4.862454891204834
549,9.549600601196289,5.060876369476318
550,9.582757949829102,4.857873439788818
551,9.574589729309082,5.922914981842041
552,9.593371391296387,5.694357872009277
553,9.714483261108398,4.58750581741333
554,9.758659362792969,4.703294277191162
555,9.626534461975098,6.1248064041137695
556,9.59245491027832,5.798280715942383
557,9.610520362854004,4.887892723083496
558,9.624309539794922,4.699552536010742
559,9.555734634399414,5.522947788238525
560,9.57040023803711,5.907679557800293
561,9.578611373901367,5.005523204803467
562,9.908971786499023,4.7361931800842285
563,9.597121238708496,4.947303771972656
564,9.761701583862305,7.081664085388184
565,9.790725708007812,5.827645778656006
566,9.524879455566406,5.199621677398682
567,9.519660949707031,4.982231616973877
568,9.56778621673584,4.889124870300293
569,9.553799629211426,5.2827677726745605
570,9.545890808105469,5.183842658996582
571,9.54799747467041,5.250906467437744
572,9.544149398803711,4.9251604080200195
573,9.533448219299316,4.846697807312012
574,9.535351753234863,6.084851264953613
575,9.54527473449707,5.637413501739502
576,9.555604934692383,5.736496925354004
577,9.56505012512207,5.091574668884277
578,9.57186222076416,4.70003604888916
579,9.521198272705078,4.99077844619751
580,9.540122032165527,5.246853828430176
581,9.525283813476562,4.922426223754883
582,9.551065444946289,4.859918117523193
583,9.497864723205566,5.305725574493408
584,9.505350112915039,4.906819820404053
585,9.652423858642578,5.846405982971191
586,9.532319068908691,4.6601080894470215
587,9.548165321350098,5.140505790710449
588,9.543843269348145,5.211901664733887
589,9.665325164794922,4.642519474029541
590,9.733044624328613,4.757122039794922
591,9.679703712463379,7.262475490570068
592,9.74466323852539,5.545862674713135
593,9.517443656921387,5.125773906707764
594,9.52558708190918,4.658254623413086
595,9.515493392944336,4.955431938171387
596,9.551839828491211,4.732491970062256
597,9.508572578430176,5.296680927276611
598,9.504279136657715,4.797547817230225
599,9.485311508178711,5.2811598777771
600,9.54611587524414,5.026725769042969
601,9.536556243896484,5.049514293670654
602,9.557198524475098,6.026001930236816
603,9.521450996398926,5.298555374145508
604,9.585235595703125,4.622198104858398
605,9.564826011657715,5.864012718200684
606,9.536113739013672,5.695026397705078
607,9.545084953308105,4.7243146896362305
608,9.502975463867188,5.220916748046875
609,9.60792350769043,5.19112491607666
610,9.542394638061523,5.545357704162598
611,9.593250274658203,4.85788631439209
612,9.538959503173828,5.061795711517334
613,9.604912757873535,4.577359676361084
614,9.515111923217773,5.553921699523926
615,9.574346542358398,5.704403877258301
616,9.567497253417969,6.193177700042725
617,9.908413887023926,4.799126625061035
618,9.647265434265137,4.900097370147705
619,9.57778549194336,6.388664245605469
620,9.54587173461914,6.379228591918945
621,9.57740592956543,4.941286087036133
622,9.461264610290527,5.032158851623535
623,9.495767593383789,5.714502334594727
624,9.507104873657227,5.700859069824219
625,9.519611358642578,4.781052589416504
626,9.50346851348877,5.4518818855285645
627,9.541935920715332,4.791180610656738
628,9.603836059570312,4.838819980621338
629,9.503640174865723,5.787816047668457
630,9.504156112670898,5.139797687530518
631,9.503766059875488,4.65235710144043
632,9.58652114868164,5.283409118652344
633,9.515376091003418,5.6868367195129395
634,9.516532897949219,5.22678804397583
635,9.531023979187012,4.569211483001709
636,9.540324211120605,4.678806304931641
637,9.53258991241455,4.889246463775635
638,9.581007957458496,6.428678035736084
639,9.533297538757324,5.593795299530029
640,9.551996231079102,4.766470909118652
641,9.54206657409668,5.172320365905762
642,9.554727554321289,5.3399553298950195
643,9.601455688476562,5.244268417358398
644,9.508428573608398,5.009253025054932
645,9.604863166809082,4.845489501953125
646,9.502230644226074,4.986665725708008
647,9.5389986038208,5.9127421379089355
648,9.521163940429688,5.035844326019287
649,9.572821617126465,5.402808666229248
650,9.51894474029541,4.969679832458496
651,9.532407760620117,4.9449543952941895
652,9.49675178527832,6.182389736175537
653,9.52012825012207,5.201090335845947
654,9.458130836486816,4.8435211181640625
655,9.542160987854004,4.722647190093994
656,9.52041244506836,5.331408500671387
657,9.51196575164795,6.254640579223633
658,9.505622863769531,5.415146827697754
659,9.493633270263672,4.80403995513916
660,9.540807723999023,4.642519950866699
661,9.486474990844727,4.743406295776367
662,9.529953956604004,4.725921630859375
663,9.483962059020996,4.707147598266602
664,9.511232376098633,5.2430572509765625
665,9.470779418945312,4.676366329193115
666,9.613386154174805,4.708961009979248
667,9.502185821533203,5.186254501342773
668,9.530803680419922,5.340117931365967
669,9.512818336486816,5.500150680541992
670,9.717037200927734,4.690023422241211
671,9.541550636291504,5.265523433685303
672,9.610804557800293,4.605264186859131
673,9.574060440063477,6.3437581062316895
674,9.527071952819824,5.606489658355713
675,9.612775802612305,4.603476524353027
676,9.577179908752441,4.995599269866943
677,9.502728462219238,5.792073726654053
678,9.487166404724121,5.461403846740723
679,9.52685832977295,4.880468845367432
680,9.489169120788574,5.029480934143066
681,9.526371955871582,5.319283485412598
682,9.441436767578125,6.058858394622803
683,9.561495780944824,4.553979396820068
684,9.528098106384277,5.387152671813965
685,9.57682991027832,5.731334686279297
686,9.518229484558105,5.49171781539917
687,9.445534706115723,4.93548059463501
688,9.497106552124023,4.8522138595581055
689,9.496302604675293,4.998232364654541
690,9.512040138244629,4.903451919555664
691,9.499540328979492,5.524919509887695
692,9.532954216003418,5.075472354888916
693,9.474968910217285,4.7107720375061035
694,9.529794692993164,4.865994453430176
695,9.537994384765625,5.629603385925293
696,9.489204406738281,5.389064311981201
697,9.463432312011719,4.987137317657471
698,9.476139068603516,5.140627384185791
699,9.481143951416016,4.7230377197265625
700,9.553956031799316,5.390976905822754
701,9.45655632019043,5.381707191467285
702,9.47312068939209,4.7888031005859375
703,9.531579971313477,4.8734846115112305
704,9.518657684326172,5.7739763259887695
705,9.424898147583008,4.792791366577148
706,9.505413055419922,4.825532913208008
707,9.498310089111328,4.812989234924316
708,9.503747940063477,4.982956886291504
709,9.50216007232666,5.009980201721191
710,9.453630447387695,4.788739204406738
711,9.395581245422363,5.824403285980225
712,9.437949180603027,4.966065883636475
713,9.510392189025879,5.3217926025390625
714,9.435370445251465,4.794200897216797
715,9.467244148254395,5.770320415496826
716,9.441889762878418,5.470595836639404
717,9.498745918273926,4.730513572692871
718,9.521720886230469,5.519803047180176
719,9.45862102508545,5.949282169342041
720,9.498916625976562,6.1402482986450195
721,9.483336448669434,4.599050521850586
722,9.829327583312988,4.53348970413208
723,9.749001502990723,4.95872163772583
724,9.500361442565918,6.307674884796143
725,9.524615287780762,5.958286762237549
726,9.396120071411133,5.246975421905518
727,9.413697242736816,4.8063225746154785
728,9.870261192321777,4.642274379730225
729,9.466181755065918,5.958189487457275
730,9.60585880279541,6.092763900756836
731,9.46638298034668,5.608348846435547
732,9.488104820251465,4.873435974121094
733,9.734223365783691,5.518527507781982
734,9.803251266479492,4.909843921661377
735,9.552492141723633,6.609682083129883
736,9.635743141174316,6.000523567199707
737,9.447632789611816,5.007600784301758
738,9.434135437011719,4.61661958694458
739,10.0320405960083,4.6311469078063965
740,9.476953506469727,5.280885219573975
741,9.597482681274414,6.281212329864502
742,9.572206497192383,6.130641460418701
743,9.42807388305664,4.926843643188477
744,9.495809555053711,4.577728271484375
745,10.230513572692871,4.760580539703369
746,9.493023872375488,5.156457901000977
747,9.525238037109375,6.358227729797363
748,9.660005569458008,6.613460540771484
749,9.45335578918457,5.77083158493042
750,9.476400375366211,4.784616470336914
751,9.575406074523926,5.158685684204102
752,10.014656066894531,4.768285274505615
753,9.435236930847168,5.756921768188477
754,9.5946626663208,6.085897445678711
755,9.469311714172363,5.884868144989014
756,9.488032341003418,4.770412445068359
757,9.470012664794922,4.749170780181885
758,9.50887680053711,5.016200065612793
759,9.896048545837402,4.80316686630249
760,9.552785873413086,5.6610493659973145
761,9.605876922607422,6.469343185424805
762,9.5074462890625,5.345529556274414
763,9.408504486083984,5.160762786865234
764,9.447761535644531,5.096852779388428
765,9.709244728088379,5.0202412605285645
766,9.674426078796387,4.848021507263184
767,9.558040618896484,5.907434463500977
768,9.552512168884277,6.88970947265625
769,9.477775573730469,4.939130783081055
770,9.47225284576416,4.980574131011963
771,9.456076622009277,5.158201217651367
772,9.51193904876709,4.8364434242248535
773,9.454277038574219,5.238561630249023
774,9.452790260314941,5.487560749053955
775,9.423393249511719,5.098424434661865
776,10.094643592834473,5.0302324295043945
777,9.471061706542969,5.180674076080322
778,9.619702339172363,6.891114234924316
779,9.631741523742676,5.613674640655518
780,9.46314811706543,4.766975402832031
781,9.531831741333008,4.876220226287842
782,9.451533317565918,5.046115875244141
783,9.488940238952637,5.131282329559326
784,9.574295997619629,5.404214382171631
785,9.794513702392578,4.780117988586426
786,9.5332612991333,6.4240031242370605
787,9.659225463867188,5.451855659484863
788,9.42422866821289,5.007106304168701
789,9.4515962600708,5.170795917510986
790,9.524161338806152,4.832279682159424
791,9.535771369934082,4.542171478271484
792,9.956992149353027,4.58700704574585
793,9.600462913513184,5.398406505584717
794,9.569653511047363,6.08341121673584
795,9.607696533203125,6.370444297790527
796,9.406696319580078,4.967403888702393
797,9.546231269836426,4.980924606323242
798,9.895166397094727,4.921379089355469
799,9.510114669799805,5.373357772827148
800,9.556204795837402,6.7149529457092285
801,9.581631660461426,5.582943916320801
802,9.42814826965332,4.873766899108887
803,9.51189136505127,4.949038028717041
804,9.539213180541992,4.5262064933776855
805,9.739814758300781,5.9714579582214355
806,9.569747924804688,5.867973327636719
807,9.572805404663086,6.652174949645996
808,9.506598472595215,5.702029228210449
809,9.411995887756348,5.269308090209961
810,9.611002922058105,4.796380996704102
811,9.493306159973145,4.525713920593262
812,9.84758186340332,5.725936412811279
813,9.529095649719238,5.799116134643555
814,9.54911994934082,6.428759574890137
815,9.464253425598145,5.597677707672119
816,9.456643104553223,4.930561065673828
817,9.575906753540039,4.538479328155518
818,9.827221870422363,5.232511043548584
819,9.496452331542969,5.886708736419678
820,9.553483963012695,6.38214111328125
821,9.502565383911133,5.48863410949707
822,9.388620376586914,5.059749603271484
823,9.513229370117188,4.928553104400635
824,9.651385307312012,4.547268390655518
825,9.750640869140625,6.426541328430176
826,9.660651206970215,6.208093166351318
827,9.53789234161377,6.457087516784668
828,9.451898574829102,6.028698444366455
829,9.44017505645752,5.0999650955200195
830,9.425061225891113,5.1598429679870605
831,9.563129425048828,4.752511024475098
832,9.498467445373535,4.5221052169799805
833,9.506648063659668,4.5845232009887695
834,9.434990882873535,5.305353164672852
835,9.611296653747559,5.5102667808532715
836,9.710295677185059,4.645203590393066
837,9.68100643157959,6.143287181854248
838,9.616861343383789,6.120471000671387
839,9.42247486114502,5.447402477264404
840,9.388652801513672,5.131699562072754
841,9.404109954833984,4.504952430725098
842,10.105316162109375,5.661398410797119
843,9.77464771270752,5.0776495933532715
844,9.475188255310059,5.945475101470947
845,9.54127025604248,6.160898685455322
846,9.401392936706543,5.609843730926514
847,9.381278991699219,4.990248680114746
848,9.431093215942383,4.508927822113037
849,9.76701831817627,4.502280235290527
850,9.523850440979004,4.5343523025512695
851,9.698943138122559,6.425511360168457
852,9.606624603271484,6.619660377502441
853,9.539617538452148,6.067108154296875
854,9.39035701751709,5.53194522857666
855,9.412567138671875,5.176934719085693
856,9.591971397399902,4.572762966156006
857,9.471030235290527,4.541924476623535
858,9.497367858886719,6.756131649017334
859,9.772635459899902,6.883282661437988
860,9.644118309020996,6.191868305206299
861,9.396819114685059,5.1190409660339355
862,9.409103393554688,5.199680328369141
863,9.505276679992676,5.374467372894287
864,9.495895385742188,4.585832118988037
865,9.440323829650879,4.632959365844727
866,9.399068832397461,4.935291290283203
867,9.423310279846191,5.724974155426025
868,9.409854888916016,5.444644927978516
869,9.592789649963379,4.53309440612793
870,9.647040367126465,7.232296466827393
871,9.778241157531738,6.535412788391113
872,9.542841911315918,5.9989094734191895
873,9.39387321472168,5.025424003601074
874,9.409337043762207,5.1523895263671875
875,9.538436889648438,4.5892157554626465
876,9.755248069763184,4.586062908172607
877,9.631975173950195,6.840506553649902
878,9.765660285949707,6.395195960998535
879,9.602092742919922,6.02172327041626
880,9.397531509399414,5.494054794311523
881,9.40054988861084,5.2099528312683105
882,9.575135231018066,4.493515968322754
883,9.637103080749512,4.544782638549805
884,9.736339569091797,5.922143936157227
885,9.612408638000488,6.5561699867248535
886,9.530388832092285,6.220033168792725
887,9.430941581726074,5.299393177032471
888,9.380993843078613,5.240969181060791
889,9.662039756774902,5.250232696533203
890,9.413561820983887,5.338013648986816
891,9.416813850402832,5.665194034576416
892,9.390615463256836,5.526334285736084
893,9.40158462524414,5.393141746520996
894,9.36178970336914,5.102860927581787
895,9.479926109313965,5.230231761932373
896,9.430319786071777,5.175795555114746
897,9.374975204467773,5.1520867347717285
898,9.399327278137207,5.012639045715332
899,9.460556983947754,4.649707794189453
900,9.506678581237793,4.619644641876221
901,9.36203384399414,4.899806499481201
902,9.32815933227539,5.733119964599609
903,9.365374565124512,5.377050399780273
904,9.375832557678223,4.965847492218018
905,9.372580528259277,4.9286298751831055
906,9.311848640441895,5.537076950073242
907,9.347579956054688,4.929086685180664
908,9.349574089050293,5.063253879547119
909,9.329082489013672,4.797307968139648
910,9.37147331237793,4.9016523361206055
911,9.378604888916016,5.621867656707764
912,9.41344165802002,5.198836326599121
913,9.357449531555176,5.217370986938477
914,9.392935752868652,4.843720436096191
915,9.524230003356934,4.667923450469971
916,9.406196594238281,6.053705215454102
917,9.48605728149414,5.1891584396362305
918,9.38643741607666,4.7268476486206055
919,9.386822700500488,5.108439922332764
920,9.389426231384277,6.435200214385986
921,9.37458610534668,5.259214401245117
922,9.441454887390137,4.702226161956787
923,9.405156135559082,4.9458160400390625
924,9.413962364196777,5.926302433013916
925,9.39303207397461,4.823024272918701
926,9.339672088623047,5.321052074432373
927,9.384531021118164,5.7597761154174805
928,9.373628616333008,5.572594165802002
929,9.426107406616211,4.752370357513428
930,9.329401969909668,4.970193386077881
931,9.407437324523926,5.780966758728027
932,9.554705619812012,4.598491668701172
933,9.560235023498535,5.309331893920898
934,9.41738510131836,6.592092514038086
935,9.465519905090332,4.541382789611816
936,9.676640510559082,4.554858684539795
937,9.381625175476074,5.302329063415527
938,9.409038543701172,5.911869525909424
939,9.32957935333252,4.927845478057861
940,9.404336929321289,4.6711273193359375
941,9.43705940246582,5.988480567932129
942,9.483591079711914,5.613029956817627
943,9.385270118713379,4.727293491363525
944,9.456966400146484,4.810436248779297
945,9.446599006652832,6.758565425872803
946,9.40303897857666,5.239814758300781
947,9.383980751037598,4.620314121246338
948,9.381887435913086,6.249086856842041
949,9.4230375289917,5.487915515899658
950,9.323359489440918,4.668327808380127
951,9.442020416259766,4.536820888519287
952,9.431863784790039,6.699217319488525
953,9.546725273132324,5.290487289428711
954,9.365851402282715,4.870391845703125
955,9.351120948791504,5.649893760681152
956,9.385711669921875,5.4277801513671875
957,9.428276062011719,4.515564441680908
958,9.414985656738281,5.006539821624756
959,9.537500381469727,6.4198784828186035
960,9.331364631652832,4.921102046966553
961,9.306770324707031,4.829911231994629
962,9.301163673400879,5.301229000091553
963,9.35080337524414,5.069818496704102
964,9.315103530883789,4.815415859222412
965,9.381453514099121,6.264856338500977
966,9.34727668762207,4.706268310546875
967,9.453368186950684,4.524064064025879
968,9.378933906555176,5.378663539886475
969,9.543802261352539,5.425151348114014
970,9.30256462097168,4.8349785804748535
971,9.402978897094727,4.6853861808776855
972,9.476356506347656,6.824314594268799
973,9.407940864562988,4.7453203201293945
974,9.479754447937012,4.543509483337402
975,9.3495454788208,6.196824073791504
976,9.44704818725586,5.6879096031188965
977,9.262378692626953,4.772263050079346
978,9.317290306091309,5.405848026275635
979,9.363123893737793,5.704735279083252
980,9.352493286132812,4.67106819152832
981,9.343262672424316,5.110956192016602
982,9.405195236206055,5.357665538787842
983,9.285799026489258,4.812606334686279
984,9.371453285217285,4.649503231048584
985,9.402531623840332,6.387152671813965
986,9.345605850219727,5.2102952003479
987,9.449796676635742,4.512851715087891
988,9.409260749816895,4.967623710632324
989,9.497228622436523,6.684061050415039
990,9.385664939880371,4.63620138168335
991,9.508342742919922,4.5214104652404785
992,9.38106632232666,5.285446643829346
993,9.437010765075684,6.179291725158691
994,9.355652809143066,4.7393412590026855
995,9.454330444335938,4.783864974975586
996,9.444080352783203,6.0126051902771
997,9.381989479064941,5.111295700073242
998,9.298229217529297,4.9666056632995605
999,9.34154224395752,5.272533416748047
