epoch,loss,val_loss
0,11.761534690856934,10.61145305633545
1,4.8163533210754395,5.6731109619140625
2,4.537748336791992,5.592719078063965
3,4.45454740524292,4.689918041229248
4,4.702024936676025,4.522914409637451
5,5.027565956115723,4.758063793182373
6,5.062772750854492,4.743646621704102
7,4.96755313873291,4.941192626953125
8,4.8480143547058105,4.960078239440918
9,4.645963668823242,4.443274974822998
10,4.57375955581665,4.23122501373291
11,4.0862932205200195,4.086666107177734
12,4.034040927886963,3.961794376373291
13,3.9237191677093506,3.858696460723877
14,3.89719295501709,3.7615015506744385
15,3.835559368133545,3.7386207580566406
16,3.8317887783050537,3.6881861686706543
17,3.821653366088867,3.6566848754882812
18,3.8047995567321777,3.637641668319702
19,3.7839062213897705,3.6070125102996826
20,3.7178287506103516,3.4458537101745605
21,3.588491916656494,3.4273746013641357
22,3.5574100017547607,3.4159436225891113
23,3.52738356590271,3.417125701904297
24,3.5004210472106934,3.394765615463257
25,3.4963366985321045,3.4028263092041016
26,3.50453519821167,3.3839058876037598
27,3.4985251426696777,3.388148069381714
28,3.495323657989502,3.3705739974975586
29,3.481874465942383,3.391770362854004
30,3.4310529232025146,3.3220369815826416
31,3.4113078117370605,3.3152554035186768
32,3.3634109497070312,3.311182737350464
33,3.376967430114746,3.3233802318573
34,3.3749876022338867,3.322701930999756
35,3.3558509349823,3.3153867721557617
36,3.374868392944336,3.290334939956665
37,3.368481397628784,3.3058724403381348
38,3.355494976043701,3.2908437252044678
39,3.3485333919525146,3.295132637023926
40,3.3007125854492188,3.2091639041900635
41,3.2600090503692627,3.211719274520874
42,3.2467691898345947,3.2173502445220947
43,3.237300157546997,3.2062489986419678
44,3.245328426361084,3.2199041843414307
45,3.2362782955169678,3.228573799133301
46,3.2367022037506104,3.227233648300171
47,3.228084087371826,3.2116446495056152
48,3.2148945331573486,3.2181992530822754
49,3.220522880554199,3.2104618549346924
50,3.1881566047668457,3.154768705368042
51,3.146376609802246,3.154141664505005
52,3.1479742527008057,3.1668734550476074
53,3.140725612640381,3.180927038192749
54,3.1698901653289795,3.173161268234253
55,3.161004066467285,3.170637369155884
56,3.1586790084838867,3.1702401638031006
57,3.150301218032837,3.163689374923706
58,3.1479926109313965,3.172323226928711
59,3.1663928031921387,3.1708202362060547
60,3.1074070930480957,3.1212005615234375
61,3.1142797470092773,3.130248546600342
62,3.105093479156494,3.126845598220825
63,3.096958637237549,3.116938352584839
64,3.1211791038513184,3.1140387058258057
65,3.1102042198181152,3.126910448074341
66,3.1103031635284424,3.115243673324585
67,3.1062092781066895,3.108485221862793
68,3.113474130630493,3.123599052429199
69,3.113399028778076,3.118380546569824
70,3.095965623855591,3.0900986194610596
71,3.102473258972168,3.0940778255462646
72,3.097553014755249,3.096865653991699
73,3.0974957942962646,3.0937552452087402
74,3.1053669452667236,3.095736265182495
75,3.0975000858306885,3.09675669670105
76,3.0860304832458496,3.0800538063049316
77,3.1066229343414307,3.086318254470825
78,3.1052117347717285,3.0882210731506348
79,3.1180636882781982,3.0847318172454834
80,3.089815855026245,3.0541014671325684
81,3.0769619941711426,3.0752384662628174
82,3.0947272777557373,3.050847053527832
83,3.067995071411133,3.030200481414795
84,3.066317558288574,3.0355918407440186
85,3.0646347999572754,3.0434353351593018
86,3.0828404426574707,3.038784980773926
87,3.091294288635254,3.0427744388580322
88,3.092273473739624,3.0477943420410156
89,3.0968072414398193,3.02622389793396
90,3.0762827396392822,3.030457019805908
91,3.066333532333374,3.011441230773926
92,3.0451366901397705,3.0282821655273438
93,3.0568783283233643,3.027362108230591
94,3.0705175399780273,3.0255227088928223
95,3.0542547702789307,3.017637252807617
96,3.035801410675049,3.02529239654541
97,3.0447421073913574,3.0231857299804688
98,3.0744707584381104,3.027669668197632
99,3.0513341426849365,3.0264766216278076
100,3.0311005115509033,3.00445294380188
101,3.0213654041290283,3.004218578338623
102,3.0158531665802,2.984485626220703
103,3.0328195095062256,2.9907279014587402
104,3.0436840057373047,2.9936461448669434
105,3.0496432781219482,3.003307342529297
106,3.078324556350708,3.000607490539551
107,3.0926764011383057,3.0290281772613525
108,3.117220163345337,3.0098769664764404
109,3.134355068206787,3.008147716522217
110,3.1614933013916016,2.9864025115966797
111,3.1459128856658936,3.009361982345581
112,3.189098834991455,3.0036919116973877
113,3.216823101043701,3.012524366378784
114,3.213296413421631,3.0110042095184326
115,3.239445209503174,3.0252065658569336
116,3.246638536453247,3.0288259983062744
117,3.2618095874786377,3.042921543121338
118,3.310673713684082,3.0630338191986084
119,3.303264856338501,3.0889029502868652
120,3.319772958755493,3.0776212215423584
121,3.351828098297119,3.07987904548645
122,3.438488006591797,3.0964012145996094
123,3.477463483810425,3.1293742656707764
124,3.527900457382202,3.1595938205718994
125,3.5932986736297607,3.2126166820526123
126,3.5971429347991943,3.2406728267669678
127,3.6564488410949707,3.2592482566833496
128,3.6765921115875244,3.2791788578033447
129,3.6653170585632324,3.3315842151641846
130,3.691136360168457,3.303860664367676
131,3.7187623977661133,3.3725900650024414
132,3.697999954223633,3.403045892715454
133,3.7124929428100586,3.4499127864837646
134,3.712956666946411,3.4829773902893066
135,3.6866843700408936,3.4933207035064697
136,3.646320104598999,3.4837822914123535
137,3.5978591442108154,3.4223520755767822
138,3.6128716468811035,3.441396951675415
139,3.576650619506836,3.456493377685547
140,3.5758540630340576,3.4670512676239014
141,3.5709104537963867,3.4942405223846436
142,3.535240888595581,3.519704818725586
143,3.5672268867492676,3.5537827014923096
144,3.541994094848633,3.6151387691497803
145,3.537074327468872,3.5917391777038574
146,3.510211706161499,3.5912160873413086
147,3.5001988410949707,3.6329739093780518
148,3.5016489028930664,3.6259641647338867
149,3.4933974742889404,3.6397972106933594
150,3.493223190307617,3.6181955337524414
151,3.471271276473999,3.6440768241882324
152,3.48683500289917,3.6852951049804688
153,3.477541446685791,3.7287964820861816
154,3.490126609802246,3.7122459411621094
155,3.5349605083465576,3.7452194690704346
156,3.531764507293701,3.7776522636413574
157,3.5350492000579834,3.7877542972564697
158,3.5428197383880615,3.811311960220337
159,3.56148362159729,3.848686933517456
160,3.55165433883667,3.842078447341919
161,3.5459632873535156,3.871485471725464
162,3.5857813358306885,3.9166336059570312
163,3.582106828689575,3.945488452911377
164,3.5860726833343506,3.985419273376465
165,3.5371170043945312,3.971466064453125
166,3.5560944080352783,4.073121070861816
167,3.527644395828247,3.9899253845214844
168,3.540982961654663,4.014069080352783
169,3.512517213821411,4.044061660766602
170,3.5056331157684326,4.081658363342285
171,3.513758659362793,4.107273578643799
172,3.5169241428375244,4.148918151855469
173,3.502948760986328,4.17898416519165
174,3.515279531478882,4.2046122550964355
175,3.4942781925201416,4.225844860076904
176,3.539731740951538,4.252960205078125
177,3.5166516304016113,4.280560493469238
178,3.5399367809295654,4.290349006652832
179,3.5380377769470215,4.311319351196289
180,3.5408692359924316,4.295469284057617
181,3.522989273071289,4.3263092041015625
182,3.5115787982940674,4.323124408721924
183,3.523684501647949,4.330483913421631
184,3.5179336071014404,4.333579063415527
185,3.5124213695526123,4.3439412117004395
186,3.514164924621582,4.355931282043457
187,3.5138628482818604,4.338695526123047
188,3.503910541534424,4.345424652099609
189,3.494063138961792,4.358882904052734
190,3.510499954223633,4.3496198654174805
191,3.5140600204467773,4.352913856506348
192,3.500044584274292,4.370330333709717
193,3.501271963119507,4.356452465057373
194,3.509831666946411,4.36165189743042
195,3.5131640434265137,4.365194320678711
196,3.5032036304473877,4.361905574798584
197,3.484869956970215,4.370523929595947
198,3.4886515140533447,4.3811798095703125
199,3.5145223140716553,4.383424282073975
200,3.4888622760772705,4.352992534637451
201,3.487286329269409,4.365499496459961
202,3.484726905822754,4.359001636505127
203,3.4722506999969482,4.373159408569336
204,3.4838433265686035,4.370556354522705
205,3.488126516342163,4.371568202972412
206,3.4886112213134766,4.379150390625
207,3.4909632205963135,4.375838756561279
208,3.4733774662017822,4.373897552490234
209,3.4779469966888428,4.381300449371338
210,3.455319881439209,4.3566460609436035
211,3.4558253288269043,4.356770038604736
212,3.4578487873077393,4.361086368560791
213,3.4520788192749023,4.36749792098999
214,3.466273546218872,4.386176109313965
215,3.471738576889038,4.384945392608643
216,3.4615771770477295,4.381415843963623
217,3.4708473682403564,4.380760192871094
218,3.4799606800079346,4.3785505294799805
219,3.47310471534729,4.382938385009766
220,3.4613375663757324,4.372471809387207
221,3.4692389965057373,4.374475479125977
222,3.4720661640167236,4.369178771972656
223,3.4580957889556885,4.387394428253174
224,3.4738872051239014,4.394265651702881
225,3.4787721633911133,4.391173839569092
226,3.479660749435425,4.388427734375
227,3.4775192737579346,4.402229309082031
228,3.472533702850342,4.407547950744629
229,3.475276470184326,4.402529716491699
230,3.452620506286621,4.389333248138428
231,3.4642131328582764,4.402021408081055
232,3.441411018371582,4.400251388549805
233,3.454585075378418,4.403583526611328
234,3.4433505535125732,4.414464950561523
235,3.449890375137329,4.399631023406982
236,3.447037696838379,4.406637191772461
237,3.45306134223938,4.411308765411377
238,3.4553985595703125,4.427635669708252
239,3.455232858657837,4.418569087982178
240,3.4476335048675537,4.422770023345947
241,3.478044033050537,4.425103187561035
242,3.4620723724365234,4.4414238929748535
243,3.478086471557617,4.434076309204102
244,3.4527690410614014,4.443892955780029
245,3.4703619480133057,4.420767784118652
246,3.453392505645752,4.505703926086426
247,3.4683640003204346,4.445234298706055
248,3.4506025314331055,4.412888050079346
249,3.4644954204559326,4.4931793212890625
250,3.461000680923462,4.45392370223999
251,3.4759085178375244,4.414921760559082
252,3.447106122970581,4.455102443695068
253,3.4666545391082764,4.468951225280762
254,3.4569003582000732,4.453934192657471
255,3.4644198417663574,4.440365791320801
256,3.4597907066345215,4.4627227783203125
257,3.4581282138824463,4.455087184906006
258,3.4751994609832764,4.443904399871826
259,3.470198631286621,4.498987197875977
260,3.4532620906829834,4.451178550720215
261,3.458296060562134,4.428009986877441
262,3.442852020263672,4.440340518951416
263,3.4502899646759033,4.4376091957092285
264,3.4487626552581787,4.449665546417236
265,3.4414141178131104,4.419589042663574
266,3.4540841579437256,4.406965732574463
267,3.4569942951202393,4.424493789672852
268,3.4488959312438965,4.422195911407471
269,3.442556619644165,4.417146682739258
270,3.437640428543091,4.401300430297852
271,3.4248123168945312,4.39631462097168
272,3.435730218887329,4.391201972961426
273,3.4236578941345215,4.411798000335693
274,3.4280552864074707,4.403609275817871
275,3.433905839920044,4.417252540588379
276,3.417381525039673,4.412652969360352
277,3.4121081829071045,4.4157185554504395
278,3.428123950958252,4.429023265838623
279,3.4294326305389404,4.430404186248779
280,3.422450065612793,4.443559169769287
281,3.4136319160461426,4.422281742095947
282,3.4257724285125732,4.438387870788574
283,3.414379119873047,4.402322292327881
284,3.4143121242523193,4.424243927001953
285,3.4142487049102783,4.4380202293396
286,3.410766124725342,4.410247802734375
287,3.3918933868408203,4.386906623840332
288,3.3999786376953125,4.391018867492676
289,3.386624574661255,4.3817291259765625
290,3.391263484954834,4.354058742523193
291,3.3761725425720215,4.349442958831787
292,3.3768768310546875,4.3615217208862305
293,3.3896336555480957,4.358619213104248
294,3.387576103210449,4.361882209777832
295,3.3733789920806885,4.351081848144531
296,3.370001792907715,4.3652424812316895
297,3.37762188911438,4.375749111175537
298,3.3783340454101562,4.377758979797363
299,3.3847198486328125,4.3679046630859375
300,3.3810207843780518,4.37236213684082
301,3.3706531524658203,4.363225936889648
302,3.3619329929351807,4.38184928894043
303,3.3694825172424316,4.376357078552246
304,3.368833541870117,4.382270336151123
305,3.379310131072998,4.387314796447754
306,3.3724400997161865,4.377761363983154
307,3.3724417686462402,4.382742404937744
308,3.368849992752075,4.387883186340332
309,3.378636360168457,4.382850170135498
310,3.324965000152588,4.326606750488281
311,3.3271262645721436,4.330710411071777
312,3.3253185749053955,4.346364974975586
313,3.333217144012451,4.347387313842773
314,3.328383207321167,4.355712413787842
315,3.3304054737091064,4.374765396118164
316,3.3341310024261475,4.362030029296875
317,3.3275485038757324,4.371169090270996
318,3.3352179527282715,4.360815525054932
319,3.345898389816284,4.352510452270508
320,3.3381593227386475,4.354199409484863
321,3.329597234725952,4.338929176330566
322,3.331902265548706,4.357195854187012
323,3.3287172317504883,4.35041618347168
324,3.322749376296997,4.350803375244141
325,3.332970142364502,4.359437942504883
326,3.326005697250366,4.34230375289917
327,3.341165781021118,4.355949401855469
328,3.33882737159729,4.350482940673828
329,3.320190191268921,4.353548526763916
330,3.3298842906951904,4.360560417175293
331,3.3422088623046875,4.361346244812012
332,3.321857213973999,4.349322319030762
333,3.3255558013916016,4.3493218421936035
334,3.324519634246826,4.358058452606201
335,3.321554183959961,4.361388206481934
336,3.3290669918060303,4.370270252227783
337,3.325910806655884,4.375698566436768
338,3.3353431224823,4.3771185874938965
339,3.3281655311584473,4.363019943237305
340,3.3144371509552,4.342313766479492
341,3.325493335723877,4.362606048583984
342,3.3279926776885986,4.372015953063965
343,3.301966667175293,4.357692241668701
344,3.323291301727295,4.358389854431152
345,3.314181327819824,4.3668928146362305
346,3.323648452758789,4.362863063812256
347,3.308656692504883,4.367877006530762
348,3.320122003555298,4.364541053771973
349,3.319620370864868,4.366828441619873
350,3.326920509338379,4.366293430328369
351,3.3198635578155518,4.36747407913208
352,3.323685884475708,4.375270366668701
353,3.3038408756256104,4.3670878410339355
354,3.320847988128662,4.352883815765381
355,3.320924758911133,4.354498863220215
356,3.3106846809387207,4.371734142303467
357,3.3071787357330322,4.381397247314453
358,3.3172924518585205,4.369246959686279
359,3.3163039684295654,4.378662109375
360,3.296477794647217,4.365111351013184
361,3.311650276184082,4.365478992462158
362,3.301807403564453,4.349949359893799
363,3.3018016815185547,4.355989456176758
364,3.2973315715789795,4.355991363525391
365,3.305047035217285,4.362285137176514
366,3.310990333557129,4.359585762023926
367,3.308215618133545,4.368617057800293
368,3.315871000289917,4.347564697265625
369,3.301316499710083,4.379581928253174
370,3.312605619430542,4.3574042320251465
371,3.295260429382324,4.359856128692627
372,3.300504207611084,4.377508163452148
373,3.3093647956848145,4.367849349975586
374,3.30521559715271,4.36995267868042
375,3.3064491748809814,4.366661071777344
376,3.3087809085845947,4.362850666046143
377,3.3050971031188965,4.367442607879639
378,3.2983264923095703,4.3431830406188965
379,3.297001838684082,4.385136127471924
380,3.2837698459625244,4.337833404541016
381,3.2733192443847656,4.3374786376953125
382,3.278097629547119,4.333883762359619
383,3.285841941833496,4.360694408416748
384,3.2945711612701416,4.3536858558654785
385,3.2938809394836426,4.351145267486572
386,3.298527479171753,4.361237049102783
387,3.281068801879883,4.350697994232178
388,3.2727136611938477,4.366302013397217
389,3.276756525039673,4.334507942199707
390,3.2805097103118896,4.367308616638184
391,3.275759220123291,4.320099353790283
392,3.266667604446411,4.3446831703186035
393,3.284147262573242,4.357217311859131
394,3.2834179401397705,4.356922626495361
395,3.2743568420410156,4.348761558532715
396,3.276810646057129,4.386163711547852
397,3.280801296234131,4.3072190284729
398,3.277902126312256,4.369266033172607
399,3.291916847229004,4.376924991607666
400,3.275054931640625,4.352653503417969
401,3.2646539211273193,4.358336925506592
402,3.2730584144592285,4.34737491607666
403,3.259746789932251,4.358166694641113
404,3.2680320739746094,4.327422618865967
405,3.248640298843384,4.335704326629639
406,3.2649645805358887,4.364827632904053
407,3.2628631591796875,4.356560707092285
408,3.253387928009033,4.344653129577637
409,3.258492946624756,4.3157219886779785
410,3.2556345462799072,4.3236541748046875
411,3.2508835792541504,4.32572078704834
412,3.2480976581573486,4.316152572631836
413,3.2322263717651367,4.325891494750977
414,3.2317216396331787,4.30587911605835
415,3.240006446838379,4.323453426361084
416,3.2327520847320557,4.345894813537598
417,3.2402923107147217,4.323318958282471
418,3.2382848262786865,4.296755790710449
419,3.23533296585083,4.3433756828308105
420,3.235828399658203,4.306203365325928
421,3.240689754486084,4.304019451141357
422,3.245425224304199,4.307021617889404
423,3.2341670989990234,4.322779655456543
424,3.240105628967285,4.322353839874268
425,3.2259366512298584,4.312446594238281
426,3.2459566593170166,4.298456192016602
427,3.2290284633636475,4.284149646759033
428,3.222334861755371,4.296631813049316
429,3.2234067916870117,4.2984819412231445
430,3.2365450859069824,4.292934894561768
431,3.2341091632843018,4.3180389404296875
432,3.2449135780334473,4.323727607727051
433,3.2329375743865967,4.284999370574951
434,3.2315711975097656,4.30097770690918
435,3.2346928119659424,4.282014846801758
436,3.2262277603149414,4.299933910369873
437,3.2284607887268066,4.290482997894287
438,3.241191864013672,4.291018486022949
439,3.2400548458099365,4.29743766784668
440,3.212662696838379,4.263485431671143
441,3.221580743789673,4.263424873352051
442,3.2123570442199707,4.256475448608398
443,3.2062222957611084,4.265537738800049
444,3.212264060974121,4.258922576904297
445,3.2041094303131104,4.267237663269043
446,3.2087974548339844,4.2681779861450195
447,3.2057456970214844,4.264856338500977
448,3.2188658714294434,4.282516002655029
449,3.2233901023864746,4.24960470199585
450,3.224409580230713,4.271610260009766
451,3.2215473651885986,4.255669593811035
452,3.2303638458251953,4.268884181976318
453,3.2287673950195312,4.258762836456299
454,3.226539373397827,4.260350704193115
455,3.222033739089966,4.2580718994140625
456,3.2272145748138428,4.255728244781494
457,3.2177205085754395,4.26455545425415
458,3.2376654148101807,4.272265911102295
459,3.234647512435913,4.256446838378906
460,3.2186102867126465,4.255854606628418
461,3.227372884750366,4.255544185638428
462,3.2337770462036133,4.254136085510254
463,3.241197109222412,4.2495598793029785
464,3.2323384284973145,4.258936405181885
465,3.214418649673462,4.259861469268799
466,3.2188479900360107,4.258232593536377
467,3.2171828746795654,4.255980014801025
468,3.2256546020507812,4.255990982055664
469,3.2307076454162598,4.256786823272705
470,3.2308452129364014,4.2582316398620605
471,3.218503952026367,4.262312889099121
472,3.2315754890441895,4.2555317878723145
473,3.229732036590576,4.268083095550537
474,3.228132963180542,4.269804954528809
475,3.233726978302002,4.265508651733398
476,3.2333059310913086,4.276101589202881
477,3.2293431758880615,4.269906520843506
478,3.2385292053222656,4.267773151397705
479,3.224712371826172,4.264134407043457
480,3.206639289855957,4.234847068786621
481,3.2145917415618896,4.247907638549805
482,3.2033023834228516,4.248042583465576
483,3.196427583694458,4.2475786209106445
484,3.201216459274292,4.246255397796631
485,3.199683427810669,4.256340026855469
486,3.199497938156128,4.255169868469238
487,3.2142443656921387,4.246370792388916
488,3.203740358352661,4.258322715759277
489,3.198270559310913,4.257747650146484
490,3.1993296146392822,4.227520942687988
491,3.1883811950683594,4.234811782836914
492,3.1854708194732666,4.23679256439209
493,3.174898624420166,4.244922161102295
494,3.1782493591308594,4.2559661865234375
495,3.185009717941284,4.2404656410217285
496,3.186424732208252,4.252411842346191
497,3.1817269325256348,4.2485880851745605
498,3.194075584411621,4.250571250915527
499,3.1869430541992188,4.252470016479492
500,3.1896138191223145,4.256034851074219
501,3.1850554943084717,4.244627475738525
502,3.186131000518799,4.241222381591797
503,3.192063331604004,4.238582134246826
504,3.1948177814483643,4.243918418884277
505,3.1883959770202637,4.236747741699219
506,3.1850221157073975,4.233699798583984
507,3.1820757389068604,4.235621929168701
508,3.1857714653015137,4.230838775634766
509,3.1799044609069824,4.2211809158325195
510,3.191910743713379,4.216958522796631
511,3.1755545139312744,4.232299327850342
512,3.185629367828369,4.225547790527344
513,3.179650068283081,4.2193732261657715
514,3.182101011276245,4.212838172912598
515,3.1699037551879883,4.206416606903076
516,3.183027982711792,4.210569381713867
517,3.172006130218506,4.220487594604492
518,3.1836442947387695,4.218685626983643
519,3.181131601333618,4.225050449371338
520,3.183253049850464,4.193691730499268
521,3.168515682220459,4.190057277679443
522,3.166306734085083,4.199164390563965
523,3.178640604019165,4.204206466674805
524,3.185628652572632,4.2049407958984375
525,3.1856698989868164,4.199441432952881
526,3.187816619873047,4.204684257507324
527,3.1783668994903564,4.2069268226623535
528,3.1871421337127686,4.20345401763916
529,3.172877550125122,4.209935665130615
530,3.1815338134765625,4.199167728424072
531,3.1883299350738525,4.206627368927002
532,3.1820414066314697,4.1968183517456055
533,3.1728522777557373,4.2029709815979
534,3.1880123615264893,4.203747272491455
535,3.189100503921509,4.19448709487915
536,3.185096025466919,4.190929412841797
537,3.179304838180542,4.193029880523682
538,3.180342197418213,4.19011116027832
539,3.1848771572113037,4.1925201416015625
540,3.1783053874969482,4.186081409454346
541,3.1836631298065186,4.189998626708984
542,3.189887285232544,4.187779903411865
543,3.171921730041504,4.212222576141357
544,3.1943674087524414,4.1910834312438965
545,3.1827566623687744,4.194686412811279
546,3.198399543762207,4.185412406921387
547,3.186494827270508,4.200181484222412
548,3.1876888275146484,4.1995649337768555
549,3.187459707260132,4.188670635223389
550,3.1626949310302734,4.154101848602295
551,3.1696150302886963,4.163509368896484
552,3.18186616897583,4.158607006072998
553,3.169649839401245,4.150547027587891
554,3.166469097137451,4.149588108062744
555,3.175220489501953,4.1496429443359375
556,3.1665358543395996,4.150969982147217
557,3.1768813133239746,4.153173923492432
558,3.1790826320648193,4.157956600189209
559,3.1808502674102783,4.156863212585449
560,3.1721391677856445,4.132823467254639
561,3.1682517528533936,4.136648654937744
562,3.155817747116089,4.133310317993164
563,3.1710665225982666,4.134909152984619
564,3.1695683002471924,4.146831512451172
565,3.1835358142852783,4.137847900390625
566,3.17572283744812,4.13103723526001
567,3.161139726638794,4.130114555358887
568,3.170988082885742,4.125206470489502
569,3.1669058799743652,4.131608963012695
570,3.1461341381073,4.0949788093566895
571,3.146078586578369,4.101049423217773
572,3.1579196453094482,4.100849628448486
573,3.134605884552002,4.101430416107178
574,3.1539342403411865,4.0904340744018555
575,3.152538537979126,4.09050178527832
576,3.149548292160034,4.104084014892578
577,3.1537117958068848,4.094748497009277
578,3.1419215202331543,4.08399772644043
579,3.1304123401641846,4.084991455078125
580,3.118229627609253,4.010411262512207
581,3.1091692447662354,4.028099060058594
582,3.109065532684326,3.9968373775482178
583,3.1035420894622803,4.016880512237549
584,3.1017088890075684,4.020869255065918
585,3.109997272491455,4.024611949920654
586,3.1121678352355957,4.030375957489014
587,3.1087145805358887,4.029510021209717
588,3.1107823848724365,4.012753963470459
589,3.10093355178833,4.0101447105407715
590,3.110668897628784,4.000760078430176
591,3.0970733165740967,4.013518810272217
592,3.098933696746826,4.013644695281982
593,3.115872621536255,4.0106024742126465
594,3.101219654083252,4.008940696716309
595,3.099612236022949,4.003390789031982
596,3.096421957015991,4.006339073181152
597,3.1037676334381104,4.000739097595215
598,3.0987133979797363,3.9860215187072754
599,3.098952531814575,3.985670804977417
600,3.0667717456817627,3.913892984390259
601,3.0510714054107666,3.9234700202941895
602,3.0504910945892334,3.917178153991699
603,3.043247938156128,3.918572187423706
604,3.040619134902954,3.9193766117095947
605,3.0434162616729736,3.9236035346984863
606,3.0583860874176025,3.9270832538604736
607,3.0409743785858154,3.935044050216675
608,3.0564234256744385,3.9350082874298096
609,3.0606014728546143,3.9244437217712402
610,3.003108024597168,3.8241333961486816
611,3.0066139698028564,3.8424301147460938
612,2.991370439529419,3.8284122943878174
613,2.9956650733947754,3.822859287261963
614,2.999396800994873,3.841830015182495
615,3.0159428119659424,3.8327107429504395
616,2.991333484649658,3.8300650119781494
617,2.992136001586914,3.8184616565704346
618,2.9807276725769043,3.8391380310058594
619,3.008849620819092,3.8257761001586914
620,2.977281093597412,3.7949106693267822
621,2.9783623218536377,3.8009767532348633
622,2.9695706367492676,3.8021790981292725
623,2.9667656421661377,3.783717393875122
624,2.9668948650360107,3.7920994758605957
625,2.9653701782226562,3.7906174659729004
626,2.968294382095337,3.790647029876709
627,2.9626424312591553,3.7912986278533936
628,2.961638927459717,3.793684720993042
629,2.9600560665130615,3.7915148735046387
630,2.907855987548828,3.7343978881835938
631,2.9154140949249268,3.7349281311035156
632,2.901731014251709,3.7299997806549072
633,2.9047510623931885,3.7334415912628174
634,2.900538921356201,3.733379364013672
635,2.902897357940674,3.7418248653411865
636,2.9077954292297363,3.7524876594543457
637,2.9142119884490967,3.7326927185058594
638,2.9049062728881836,3.7366139888763428
639,2.924894094467163,3.7355291843414307
640,2.908125638961792,3.711611270904541
641,2.8980119228363037,3.7117743492126465
642,2.911696434020996,3.7071547508239746
643,2.8892154693603516,3.7163901329040527
644,2.896026372909546,3.721414089202881
645,2.9132237434387207,3.7277233600616455
646,2.9056262969970703,3.72062349319458
647,2.907151699066162,3.7153170108795166
648,2.9151275157928467,3.717864513397217
649,2.9062705039978027,3.71368670463562
650,2.8664681911468506,3.664668560028076
651,2.8605759143829346,3.659756660461426
652,2.8606622219085693,3.672459602355957
653,2.8671481609344482,3.6638736724853516
654,2.868928909301758,3.654660701751709
655,2.877977132797241,3.652998924255371
656,2.867004156112671,3.649836778640747
657,2.878286838531494,3.6472277641296387
658,2.8651909828186035,3.6495275497436523
659,2.8840677738189697,3.654235601425171
660,2.870143413543701,3.655886173248291
661,2.87406587600708,3.6510825157165527
662,2.887860059738159,3.656872034072876
663,2.89262318611145,3.644237995147705
664,2.888566017150879,3.6355128288269043
665,2.881568431854248,3.626290798187256
666,2.8780534267425537,3.6243162155151367
667,2.8911306858062744,3.6075992584228516
668,2.8903167247772217,3.594026565551758
669,2.8704426288604736,3.6139328479766846
670,2.8451569080352783,3.5578806400299072
671,2.826359987258911,3.543172597885132
672,2.814817428588867,3.544334888458252
673,2.8309168815612793,3.538604259490967
674,2.821843385696411,3.5420751571655273
675,2.835543155670166,3.5236117839813232
676,2.802666664123535,3.517408609390259
677,2.814887285232544,3.505030632019043
678,2.810624361038208,3.5023536682128906
679,2.820197582244873,3.4865758419036865
680,2.825132131576538,3.476583242416382
681,2.8360185623168945,3.461498498916626
682,2.8103139400482178,3.4664793014526367
683,2.834965467453003,3.4487521648406982
684,2.8302478790283203,3.4457528591156006
685,2.840754508972168,3.4393038749694824
686,2.7925796508789062,3.4190902709960938
687,2.8104565143585205,3.4262728691101074
688,2.813918352127075,3.4111809730529785
689,2.806121587753296,3.4108707904815674
690,2.8137857913970947,3.3818445205688477
691,2.822620391845703,3.3676681518554688
692,2.7833750247955322,3.365190029144287
693,2.8144500255584717,3.3486554622650146
694,2.8031704425811768,3.348423480987549
695,2.808624267578125,3.3370578289031982
696,2.807811737060547,3.3378102779388428
697,2.8075709342956543,3.3293888568878174
698,2.793473482131958,3.3286964893341064
699,2.7964348793029785,3.3122329711914062
700,2.7504305839538574,3.2615854740142822
701,2.755638599395752,3.2553813457489014
702,2.758059501647949,3.252319812774658
703,2.7579762935638428,3.248992443084717
704,2.7678682804107666,3.2447898387908936
705,2.755272626876831,3.2489960193634033
706,2.756643056869507,3.2279512882232666
707,2.747706890106201,3.2192840576171875
708,2.7522549629211426,3.2220535278320312
709,2.749066114425659,3.2114412784576416
710,2.7129242420196533,3.152247905731201
711,2.703007221221924,3.145362138748169
712,2.6983468532562256,3.152801275253296
713,2.7254838943481445,3.1457412242889404
714,2.734825611114502,3.1513512134552
715,2.7345054149627686,3.151390314102173
716,2.7212066650390625,3.139373779296875
717,2.7199296951293945,3.140069007873535
718,2.7317302227020264,3.14827299118042
719,2.7538654804229736,3.12160587310791
720,2.7335598468780518,3.103004217147827
721,2.7169668674468994,3.116410970687866
722,2.7068674564361572,3.1082763671875
723,2.7011425495147705,3.1021223068237305
724,2.713785171508789,3.110132932662964
725,2.737692356109619,3.1079461574554443
726,2.741135597229004,3.1170592308044434
727,2.725762367248535,3.1084978580474854
728,2.740723133087158,3.1078319549560547
729,2.7437477111816406,3.108588457107544
730,2.7093796730041504,3.0859580039978027
731,2.7361032962799072,3.083156108856201
732,2.728656768798828,3.0729026794433594
733,2.732642889022827,3.0762197971343994
734,2.730217933654785,3.0683250427246094
735,2.735400676727295,3.076263427734375
736,2.745631456375122,3.063504219055176
737,2.7455646991729736,3.0578629970550537
738,2.7301642894744873,3.045261859893799
739,2.7491328716278076,3.0514888763427734
740,2.732898712158203,3.0569117069244385
741,2.7421352863311768,3.051121950149536
742,2.7631146907806396,3.0592474937438965
743,2.7583236694335938,3.0410006046295166
744,2.751199722290039,3.0462961196899414
745,2.739255428314209,3.038372755050659
746,2.77048397064209,3.0395731925964355
747,2.721968412399292,3.0231080055236816
748,2.7485063076019287,3.018294095993042
749,2.74422287940979,3.039480209350586
750,2.720144033432007,3.0071005821228027
751,2.7043330669403076,2.9984922409057617
752,2.7061660289764404,2.9920716285705566
753,2.70863676071167,3.0147414207458496
754,2.6903879642486572,2.9883368015289307
755,2.724489212036133,2.9842495918273926
756,2.7268192768096924,2.972498893737793
757,2.72308087348938,2.9718921184539795
758,2.7240724563598633,2.998978853225708
759,2.715014934539795,2.9690608978271484
760,2.714279890060425,3.0135161876678467
761,2.7157464027404785,2.9756033420562744
762,2.738736867904663,2.976243495941162
763,2.7125680446624756,2.961341381072998
764,2.7025253772735596,2.950263023376465
765,2.716730833053589,2.958942413330078
766,2.7232911586761475,2.985339879989624
767,2.703624725341797,2.9600229263305664
768,2.7133986949920654,2.948378801345825
769,2.719938039779663,2.9317564964294434
770,2.7315309047698975,2.920327663421631
771,2.727118492126465,2.924501657485962
772,2.71386981010437,2.9296765327453613
773,2.715322971343994,2.9129347801208496
774,2.6922054290771484,2.907968282699585
775,2.7047970294952393,2.9065780639648438
776,2.701026439666748,2.8963985443115234
777,2.72043514251709,2.899606943130493
778,2.699506998062134,2.893433094024658
779,2.7169876098632812,2.9152450561523438
780,2.683969020843506,2.902045726776123
781,2.661843776702881,2.8932673931121826
782,2.67490553855896,2.905658483505249
783,2.6707091331481934,2.893650770187378
784,2.663226366043091,2.8729026317596436
785,2.678567409515381,2.882781505584717
786,2.6541802883148193,2.8370161056518555
787,2.682549476623535,2.860954523086548
788,2.656874418258667,2.8367912769317627
789,2.6759722232818604,2.817723274230957
790,2.6519863605499268,2.8161303997039795
791,2.6767144203186035,2.83970308303833
792,2.658524990081787,2.8515830039978027
793,2.656586170196533,2.8041317462921143
794,2.667600154876709,2.8840713500976562
795,2.6672730445861816,2.8157119750976562
796,2.6685667037963867,2.8292236328125
797,2.6507976055145264,2.804004669189453
798,2.6825077533721924,2.827575922012329
799,2.66371488571167,2.780245542526245
800,2.682755470275879,2.811246156692505
801,2.682126998901367,2.832335948944092
802,2.7038562297821045,2.8200364112854004
803,2.6921024322509766,2.8065221309661865
804,2.6950743198394775,2.804976463317871
805,2.703451156616211,2.8196418285369873
806,2.7005465030670166,2.8138351440429688
807,2.7031338214874268,2.8113906383514404
808,2.7051143646240234,2.7851312160491943
809,2.711559772491455,2.7908477783203125
810,2.691993236541748,2.825428009033203
811,2.7030279636383057,2.7933778762817383
812,2.7079906463623047,2.80466890335083
813,2.714412212371826,2.79461669921875
814,2.7222423553466797,2.789212465286255
815,2.702805757522583,2.812711000442505
816,2.716524600982666,2.8118631839752197
817,2.721791982650757,2.8363678455352783
818,2.7115767002105713,2.811220645904541
819,2.715182065963745,2.803739547729492
820,2.6821258068084717,2.7666170597076416
821,2.6451385021209717,2.7675371170043945
822,2.671205520629883,2.8174779415130615
823,2.6633498668670654,2.815572738647461
824,2.6533284187316895,2.790173053741455
825,2.6569197177886963,2.7768311500549316
826,2.6740620136260986,2.7887868881225586
827,2.667910575866699,2.7612619400024414
828,2.68117618560791,2.7773611545562744
829,2.667301654815674,2.7904469966888428
830,2.64359974861145,2.7818307876586914
831,2.644819974899292,2.761863946914673
832,2.6653759479522705,2.763458728790283
833,2.6556477546691895,2.8268871307373047
834,2.6515042781829834,2.8051156997680664
835,2.6747775077819824,2.770763397216797
836,2.64272141456604,2.825817823410034
837,2.657959222793579,2.8327622413635254
838,2.645042657852173,2.8184237480163574
839,2.6441586017608643,2.7638370990753174
840,2.6654624938964844,2.847379684448242
841,2.643278121948242,2.820729970932007
842,2.667309045791626,2.804304838180542
843,2.638617992401123,2.8028030395507812
844,2.663219690322876,2.800297737121582
845,2.661242961883545,2.8129758834838867
846,2.6321394443511963,2.7756028175354004
847,2.6854660511016846,2.8093221187591553
848,2.6699256896972656,2.8020331859588623
849,2.6751608848571777,2.809650421142578
850,2.66563081741333,2.8584394454956055
851,2.654029130935669,2.9309134483337402
852,2.649061679840088,2.8647546768188477
853,2.658806800842285,2.820298433303833
854,2.6489672660827637,2.8979201316833496
855,2.649364471435547,2.9621171951293945
856,2.611870765686035,2.8543410301208496
857,2.650550365447998,2.847703218460083
858,2.6430468559265137,2.85537052154541
859,2.6238625049591064,2.8158252239227295
860,2.6062159538269043,2.977080821990967
861,2.5871336460113525,2.843205690383911
862,2.6049511432647705,2.9025771617889404
863,2.599454402923584,2.8267064094543457
864,2.615321159362793,2.8663322925567627
865,2.6055586338043213,2.8703866004943848
866,2.612318515777588,2.8439319133758545
867,2.624875545501709,2.92738938331604
868,2.592952251434326,2.890831470489502
869,2.6307809352874756,2.9685819149017334
870,2.550140380859375,2.8129491806030273
871,2.5789568424224854,2.8090081214904785
872,2.574723958969116,2.8749947547912598
873,2.582632303237915,2.8613619804382324
874,2.601491928100586,2.80129337310791
875,2.610086441040039,2.9115781784057617
876,2.5778300762176514,2.8152549266815186
877,2.606166124343872,2.82668399810791
878,2.5938262939453125,2.792492628097534
879,2.6112351417541504,2.9174180030822754
880,2.5884385108947754,2.84964919090271
881,2.6003968715667725,2.8200292587280273
882,2.6046459674835205,2.848522901535034
883,2.552006959915161,2.7698540687561035
884,2.570673704147339,2.77543306350708
885,2.5716638565063477,2.854043960571289
886,2.559332847595215,2.7696430683135986
887,2.5627334117889404,2.778611421585083
888,2.530195951461792,2.7703280448913574
889,2.559380054473877,2.766599178314209
890,2.5618743896484375,2.71909499168396
891,2.5565106868743896,2.763413190841675
892,2.539327383041382,2.7627360820770264
893,2.548600673675537,2.7473361492156982
894,2.5689761638641357,2.8564343452453613
895,2.537497043609619,2.7984845638275146
896,2.5141801834106445,2.762103319168091
897,2.5602025985717773,2.797025442123413
898,2.563331365585327,2.7760610580444336
899,2.5541913509368896,2.735339879989624
900,2.5423505306243896,2.801287889480591
901,2.5494534969329834,2.788966417312622
902,2.543307065963745,2.7578935623168945
903,2.546942710876465,2.760528564453125
904,2.5485353469848633,2.7646377086639404
905,2.5529210567474365,2.8163840770721436
906,2.5378711223602295,2.8051536083221436
907,2.555694103240967,2.7394886016845703
908,2.545764923095703,2.8431437015533447
909,2.5447120666503906,2.7384285926818848
910,2.557173252105713,2.861971378326416
911,2.541064977645874,2.838827133178711
912,2.536447286605835,3.031409978866577
913,2.549720287322998,2.8878540992736816
914,2.5449020862579346,2.7208993434906006
915,2.576341152191162,2.8515703678131104
916,2.55387282371521,2.8116281032562256
917,2.5707027912139893,2.8098504543304443
918,2.546363115310669,2.8689138889312744
919,2.548579454421997,2.7715044021606445
920,2.5695316791534424,2.786130428314209
921,2.570927858352661,2.823835849761963
922,2.5750951766967773,2.9506561756134033
923,2.5464539527893066,2.884636878967285
924,2.5397913455963135,2.8141260147094727
925,2.562617540359497,2.812358856201172
926,2.5627803802490234,2.8884730339050293
927,2.5450544357299805,2.778477668762207
928,2.5414745807647705,2.825284481048584
929,2.5614125728607178,2.818856716156006
930,2.537757396697998,2.9066874980926514
931,2.5210373401641846,2.879650354385376
932,2.523406982421875,2.9376869201660156
933,2.54101300239563,2.7896811962127686
934,2.537808418273926,2.7861239910125732
935,2.522951602935791,2.9045045375823975
936,2.526425838470459,2.718906879425049
937,2.548729658126831,2.9156746864318848
938,2.5355169773101807,2.989633321762085
939,2.517522096633911,2.7362797260284424
940,2.5414607524871826,2.76210880279541
941,2.550161838531494,2.9745471477508545
942,2.5261497497558594,2.977170705795288
943,2.5282986164093018,2.9411821365356445
944,2.520179510116577,2.8801321983337402
945,2.52736234664917,2.7438719272613525
946,2.5644896030426025,2.896930694580078
947,2.5138585567474365,2.794980049133301
948,2.552337408065796,2.933164119720459
949,2.5299222469329834,2.9456655979156494
950,2.489983081817627,2.992020845413208
951,2.469961643218994,2.8991007804870605
952,2.4988720417022705,2.790278196334839
953,2.500861644744873,2.8764736652374268
954,2.491164445877075,2.9835548400878906
955,2.4832162857055664,2.8354060649871826
956,2.4907422065734863,2.8964922428131104
957,2.5005247592926025,2.8700714111328125
958,2.5009634494781494,2.941171884536743
959,2.505767583847046,2.9568371772766113
960,2.471428155899048,2.7888078689575195
961,2.4935660362243652,2.8635761737823486
962,2.4888312816619873,2.773200273513794
963,2.5146801471710205,2.9082462787628174
964,2.474579095840454,2.8661584854125977
965,2.4963252544403076,2.9022278785705566
966,2.4938406944274902,2.868553638458252
967,2.50150728225708,2.832759141921997
968,2.5190906524658203,2.923820972442627
969,2.498460531234741,2.859140396118164
970,2.5113258361816406,2.9034950733184814
971,2.5015342235565186,2.8666303157806396
972,2.5170631408691406,2.9300215244293213
973,2.505610942840576,2.904750108718872
974,2.4987032413482666,3.0021679401397705
975,2.4977033138275146,2.8986129760742188
976,2.5042686462402344,2.821739912033081
977,2.5174598693847656,2.8987581729888916
978,2.5176281929016113,2.9239752292633057
979,2.510622978210449,3.0844740867614746
980,2.4992573261260986,2.922945499420166
981,2.5469777584075928,3.118652105331421
982,2.5108888149261475,2.9629359245300293
983,2.508307933807373,2.9500768184661865
984,2.5091357231140137,2.8642611503601074
985,2.5314481258392334,2.969536066055298
986,2.530062198638916,2.9589762687683105
987,2.5285227298736572,2.9738965034484863
988,2.5183451175689697,3.0542945861816406
989,2.5408356189727783,2.988433599472046
990,2.4904236793518066,2.9440739154815674
991,2.471639633178711,2.940406322479248
992,2.4922239780426025,2.962297201156616
993,2.4880759716033936,2.9882192611694336
994,2.479310989379883,2.8521647453308105
995,2.4889755249023438,3.01058292388916
996,2.491438865661621,2.8400847911834717
997,2.4956908226013184,2.987501859664917
998,2.5013506412506104,3.0439820289611816
999,2.498666763305664,2.981722116470337
