epoch,loss,val_loss
0,8.250204086303711,5.597417831420898
1,5.623505115509033,4.553960800170898
2,5.980026721954346,5.457302570343018
3,6.1557698249816895,5.647490501403809
4,6.156389236450195,5.871400356292725
5,6.1314826011657715,5.755232810974121
6,6.132389545440674,5.8494181632995605
7,6.097180366516113,6.051319599151611
8,6.110821723937988,5.819746494293213
9,6.108711242675781,5.772116661071777
10,5.885812759399414,5.683869361877441
11,5.849705219268799,5.68698787689209
12,5.842744827270508,5.740859508514404
13,5.8387346267700195,5.7527666091918945
14,5.843017101287842,5.537271499633789
15,5.8363518714904785,5.6041483879089355
16,5.829770088195801,5.668176174163818
17,5.819956302642822,5.601099967956543
18,5.808659076690674,5.516819000244141
19,5.812349319458008,5.5279927253723145
20,5.707729816436768,5.537374496459961
21,5.707309722900391,5.487826824188232
22,5.7000603675842285,5.580129623413086
23,5.702403545379639,5.581959247589111
24,5.697145462036133,5.464348316192627
25,5.693966865539551,5.409276962280273
26,5.692715167999268,5.4416375160217285
27,5.69268274307251,5.418111324310303
28,5.688588619232178,5.43842887878418
29,5.686822891235352,5.444765090942383
30,5.584010124206543,5.4701337814331055
31,5.580084800720215,5.332888603210449
32,5.57633638381958,5.3282790184021
33,5.57477331161499,5.3426194190979
34,5.575291633605957,5.360837936401367
35,5.576919078826904,5.350395679473877
36,5.577284336090088,5.397666931152344
37,5.573394298553467,5.444265365600586
38,5.574576377868652,5.378986358642578
39,5.574317932128906,5.392615795135498
40,5.51578426361084,5.371560573577881
41,5.514825344085693,5.388166904449463
42,5.516208171844482,5.436539649963379
43,5.512118816375732,5.386855125427246
44,5.508992671966553,5.33342170715332
45,5.509021282196045,5.285187721252441
46,5.507002353668213,5.257284164428711
47,5.5060930252075195,5.4299702644348145
48,5.505297660827637,5.28706169128418
49,5.506209850311279,5.275216102600098
50,5.401791572570801,5.279439449310303
51,5.397531509399414,5.23878812789917
52,5.396407604217529,5.255850791931152
53,5.396885395050049,5.260295867919922
54,5.394139289855957,5.2027435302734375
55,5.394554138183594,5.188929080963135
56,5.397853851318359,5.170287609100342
57,5.395896911621094,5.285686016082764
58,5.394423484802246,5.200649738311768
59,5.396908283233643,5.363575458526611
60,5.278024196624756,5.113104820251465
61,5.273406505584717,5.137013912200928
62,5.280122756958008,5.102431297302246
63,5.2779645919799805,5.120783805847168
64,5.278470039367676,5.139445781707764
65,5.2772111892700195,5.117056846618652
66,5.2771430015563965,5.080471038818359
67,5.277632713317871,5.103000640869141
68,5.27965784072876,5.146889686584473
69,5.278828144073486,5.089685440063477
70,4.986871719360352,4.799764633178711
71,4.984812259674072,4.806543350219727
72,4.980444431304932,4.816812992095947
73,4.983138561248779,4.859164714813232
74,4.984539985656738,4.83559513092041
75,4.985010147094727,4.819471836090088
76,4.991171836853027,4.875523567199707
77,5.006308078765869,4.938046455383301
78,5.084590911865234,4.904177188873291
79,5.447928428649902,5.125115394592285
80,5.887498378753662,5.2260260581970215
81,6.097407817840576,5.2967987060546875
82,6.318123817443848,5.480226516723633
83,6.979732990264893,6.101929664611816
84,7.835013389587402,6.957574844360352
85,8.90705394744873,7.915271282196045
86,10.016802787780762,9.215569496154785
87,11.050371170043945,10.25920581817627
88,11.90503978729248,11.231993675231934
89,12.598307609558105,12.195578575134277
90,13.129453659057617,12.999825477600098
91,13.510429382324219,13.405677795410156
92,13.82270336151123,13.719050407409668
93,14.080673217773438,14.03832721710205
94,14.316472053527832,14.396687507629395
95,14.538458824157715,14.680829048156738
96,14.714920997619629,14.921332359313965
97,14.879051208496094,15.213507652282715
98,15.049612998962402,15.372973442077637
99,15.193901062011719,15.453696250915527
100,15.267352104187012,15.551838874816895
101,15.379728317260742,15.649765968322754
102,15.490544319152832,15.754487037658691
103,15.588895797729492,15.84807014465332
104,15.67038631439209,15.918632507324219
105,15.68348217010498,15.95744514465332
106,15.311751365661621,15.509679794311523
107,15.26977252960205,15.816566467285156
108,15.193644523620605,14.74985122680664
109,14.831977844238281,15.106273651123047
110,14.547365188598633,14.486455917358398
111,13.985063552856445,13.11466121673584
112,13.841195106506348,13.256455421447754
113,13.722325325012207,13.34264087677002
114,13.737974166870117,13.403395652770996
115,13.742040634155273,13.505709648132324
116,13.718548774719238,13.559588432312012
117,13.74978256225586,13.617798805236816
118,13.776392936706543,13.697014808654785
119,13.619300842285156,13.174952507019043
120,13.26125431060791,12.926502227783203
121,13.243217468261719,13.158831596374512
122,13.366571426391602,13.100098609924316
123,13.384509086608887,13.210293769836426
124,13.397208213806152,12.847397804260254
125,13.278368949890137,13.010231971740723
126,13.234463691711426,12.862166404724121
127,13.189352035522461,12.930434226989746
128,13.216219902038574,12.712101936340332
129,13.202624320983887,12.732069969177246
130,13.208961486816406,12.838432312011719
131,13.217702865600586,12.668911933898926
132,13.186400413513184,12.741576194763184
133,13.208301544189453,12.744880676269531
134,13.226094245910645,12.896265029907227
135,13.232856750488281,12.98058795928955
136,13.235783576965332,12.88464069366455
137,13.270538330078125,12.923080444335938
138,13.281952857971191,13.079751968383789
139,13.300933837890625,12.882024765014648
140,13.308927536010742,13.0215482711792
141,13.298802375793457,12.978460311889648
142,13.331510543823242,12.969520568847656
143,13.345952987670898,12.99798583984375
144,13.192618370056152,12.376276016235352
145,12.893087387084961,12.597097396850586
146,12.776606559753418,12.740340232849121
147,12.955854415893555,12.441296577453613
148,13.050700187683105,12.899542808532715
149,13.096939086914062,12.8773832321167
150,13.18432331085205,12.970575332641602
151,13.20142936706543,13.051206588745117
152,13.226548194885254,13.023859024047852
153,13.20173454284668,12.936759948730469
154,13.208897590637207,12.939648628234863
155,13.226902961730957,12.998838424682617
156,13.241247177124023,12.997176170349121
157,13.240996360778809,13.016206741333008
158,13.247138977050781,12.881540298461914
159,13.160271644592285,12.515077590942383
160,13.086745262145996,12.590475082397461
161,12.982288360595703,12.798653602600098
162,13.072098731994629,12.872437477111816
163,13.045622825622559,12.747503280639648
164,13.07034969329834,12.933526992797852
165,13.067788124084473,12.926811218261719
166,13.050153732299805,12.896925926208496
167,13.073006629943848,12.84328556060791
168,13.049774169921875,12.94011402130127
169,13.078276634216309,13.02563190460205
170,13.080170631408691,13.019882202148438
171,13.081010818481445,13.017892837524414
172,13.073328971862793,13.022273063659668
173,13.077757835388184,12.988933563232422
174,13.086393356323242,12.943868637084961
175,13.088719367980957,12.942144393920898
176,13.1006441116333,12.899786949157715
177,13.1014404296875,12.77874755859375
178,13.09791374206543,12.91187572479248
179,13.097123146057129,12.8778715133667
180,13.071221351623535,12.894429206848145
181,13.056624412536621,12.816431999206543
182,13.070201873779297,12.83333969116211
183,13.0685453414917,12.899025917053223
184,13.068846702575684,12.859776496887207
185,13.06250286102295,12.877339363098145
186,13.071135520935059,12.843095779418945
187,13.076287269592285,12.911542892456055
188,13.05937671661377,12.914600372314453
189,13.063228607177734,12.836912155151367
190,13.091665267944336,13.024881362915039
191,13.072579383850098,12.864960670471191
192,13.07890796661377,12.793278694152832
193,13.117383003234863,13.043709754943848
194,13.111098289489746,13.049447059631348
195,13.096905708312988,13.040512084960938
196,13.082328796386719,12.892365455627441
197,12.895769119262695,12.175651550292969
198,12.511564254760742,12.045159339904785
199,12.514336585998535,12.112970352172852
200,12.549004554748535,12.193316459655762
201,12.607829093933105,12.183679580688477
202,12.638810157775879,12.293173789978027
203,12.667217254638672,12.181063652038574
204,12.725830078125,12.33983039855957
205,12.745591163635254,12.378655433654785
206,12.7649507522583,12.390064239501953
207,12.785432815551758,12.421857833862305
208,12.80152416229248,12.45441722869873
209,12.811957359313965,12.487427711486816
210,12.801987648010254,12.486580848693848
211,12.803060531616211,12.51666259765625
212,12.809589385986328,12.526896476745605
213,12.808699607849121,12.545557022094727
214,12.817266464233398,12.581040382385254
215,12.830875396728516,12.584986686706543
216,12.83431339263916,12.613259315490723
217,12.839853286743164,12.617810249328613
218,12.843828201293945,12.631362915039062
219,12.846400260925293,12.669509887695312
220,12.860344886779785,12.75520133972168
221,12.885174751281738,12.76733684539795
222,12.902737617492676,12.770432472229004
223,12.90453052520752,12.748259544372559
224,12.90588665008545,12.71495246887207
225,12.909006118774414,12.637785911560059
226,12.935001373291016,12.58289623260498
227,12.940295219421387,12.578253746032715
228,12.933547973632812,12.673728942871094
229,12.941915512084961,12.631864547729492
230,12.931804656982422,12.615164756774902
231,12.949804306030273,12.550259590148926
232,12.961970329284668,12.613718032836914
233,12.962121963500977,12.748241424560547
234,12.9602689743042,12.70661449432373
235,12.958374977111816,12.74596881866455
236,12.958352088928223,12.648011207580566
237,12.969021797180176,12.62092113494873
238,12.982816696166992,12.76545524597168
239,12.962862014770508,12.684088706970215
240,12.99145793914795,12.789595603942871
241,12.974897384643555,12.6717529296875
242,12.978611946105957,12.727245330810547
243,12.970959663391113,12.734101295471191
244,12.978292465209961,12.71199893951416
245,12.966754913330078,12.695578575134277
246,12.97187328338623,12.768543243408203
247,12.995924949645996,12.799287796020508
248,12.976109504699707,12.709580421447754
249,13.001853942871094,12.877928733825684
250,12.991458892822266,12.852341651916504
251,12.977778434753418,12.831660270690918
252,12.96534538269043,12.78591251373291
253,12.981795310974121,12.758047103881836
254,12.960057258605957,12.755400657653809
255,12.97334098815918,12.748942375183105
256,12.963297843933105,12.682452201843262
257,12.966358184814453,12.6047945022583
258,12.984111785888672,12.76303768157959
259,12.98598861694336,12.703832626342773
260,12.975582122802734,12.712871551513672
261,12.996285438537598,12.66409969329834
262,12.972549438476562,12.61790657043457
263,12.99666976928711,12.84754753112793
264,12.973933219909668,12.732263565063477
265,13.009641647338867,12.888185501098633
266,13.011640548706055,12.898433685302734
267,13.006733894348145,12.885055541992188
268,13.005062103271484,12.891119956970215
269,13.004709243774414,12.87116813659668
270,12.974712371826172,12.853930473327637
271,12.975942611694336,12.847031593322754
272,12.976766586303711,12.847223281860352
273,12.972977638244629,12.853413581848145
274,12.972444534301758,12.848759651184082
275,12.964875221252441,12.856039047241211
276,12.966133117675781,12.854199409484863
277,12.968918800354004,12.847579002380371
278,12.969453811645508,12.850157737731934
279,12.97315788269043,12.858268737792969
280,12.943434715270996,12.828402519226074
281,12.941449165344238,12.839447975158691
282,12.948166847229004,12.851001739501953
283,12.950392723083496,12.854216575622559
284,12.955856323242188,12.86284351348877
285,12.954020500183105,12.878795623779297
286,12.960698127746582,12.889229774475098
287,12.962471008300781,12.877185821533203
288,12.973039627075195,12.900273323059082
289,12.973624229431152,12.908480644226074
290,12.976778030395508,12.939996719360352
291,12.987829208374023,12.968241691589355
292,12.997591018676758,12.970547676086426
293,12.997509002685547,12.986516952514648
294,13.01102066040039,13.008033752441406
295,13.017899513244629,13.009719848632812
296,13.029298782348633,13.035154342651367
297,13.042778968811035,13.032560348510742
298,13.036308288574219,13.02485179901123
299,13.046562194824219,13.028018951416016
300,13.073188781738281,13.040240287780762
301,13.060656547546387,12.949777603149414
302,12.871979713439941,12.126130104064941
303,12.285358428955078,11.68028736114502
304,12.258294105529785,11.799576759338379
305,12.305083274841309,11.880348205566406
306,12.345096588134766,11.97742748260498
307,12.416613578796387,12.070647239685059
308,12.485029220581055,12.092092514038086
309,12.538250923156738,12.065641403198242
310,12.568330764770508,12.21823501586914
311,12.647208213806152,12.159204483032227
312,12.665181159973145,12.076451301574707
313,12.703384399414062,12.118256568908691
314,12.741926193237305,12.213018417358398
315,12.751686096191406,12.158817291259766
316,12.785904884338379,12.201074600219727
317,12.80843734741211,12.319897651672363
318,12.816004753112793,12.314168930053711
319,12.82622241973877,12.294999122619629
320,12.83359432220459,12.165756225585938
321,12.852638244628906,12.25191593170166
322,12.861673355102539,12.173986434936523
323,12.875320434570312,12.214240074157715
324,12.878071784973145,12.195436477661133
325,12.887857437133789,12.128960609436035
326,12.87648868560791,12.200577735900879
327,12.737678527832031,12.215452194213867
328,12.744526863098145,12.254206657409668
329,12.744272232055664,12.274739265441895
330,12.738371849060059,12.3383207321167
331,12.751180648803711,12.348998069763184
332,12.76301383972168,12.306036949157715
333,12.746705055236816,12.372211456298828
334,12.731254577636719,12.207778930664062
335,12.789642333984375,12.268320083618164
336,12.757532119750977,12.341389656066895
337,12.829912185668945,12.360980987548828
338,12.858420372009277,12.424478530883789
339,12.553051948547363,11.888701438903809
340,12.622584342956543,12.054425239562988
341,12.684596061706543,12.284627914428711
342,12.703104019165039,12.227441787719727
343,12.714089393615723,12.347569465637207
344,12.767248153686523,12.43222427368164
345,12.76296329498291,11.85170841217041
346,12.64881420135498,12.382781982421875
347,12.689144134521484,12.358704566955566
348,12.68455696105957,12.332819938659668
349,12.678250312805176,12.198994636535645
350,12.663728713989258,12.362970352172852
351,12.684334754943848,12.34341812133789
352,12.67807388305664,12.25444507598877
353,12.68963623046875,12.352493286132812
354,12.691947937011719,12.337730407714844
355,12.680211067199707,12.44443130493164
356,12.686713218688965,12.300192832946777
357,12.686774253845215,12.232020378112793
358,12.671866416931152,12.236461639404297
359,12.706692695617676,12.37065601348877
360,12.696688652038574,12.39233684539795
361,12.703375816345215,12.391953468322754
362,12.697904586791992,12.41550350189209
363,12.700264930725098,12.411585807800293
364,12.701126098632812,12.437562942504883
365,12.69755744934082,12.407577514648438
366,12.697649955749512,12.418310165405273
367,12.695060729980469,12.394909858703613
368,12.692486763000488,12.432896614074707
369,12.694300651550293,12.390410423278809
370,12.692635536193848,12.3868408203125
371,12.694782257080078,12.442462921142578
372,12.705759048461914,12.431878089904785
373,12.718052864074707,12.441671371459961
374,12.714071273803711,12.431716918945312
375,12.71785831451416,12.441920280456543
376,12.716503143310547,12.451912879943848
377,12.711383819580078,12.429167747497559
378,12.711114883422852,12.435157775878906
379,12.710189819335938,12.435850143432617
380,12.711103439331055,12.447890281677246
381,12.710247039794922,12.446910858154297
382,12.713624000549316,12.436742782592773
383,12.713555335998535,12.440506935119629
384,12.711634635925293,12.465997695922852
385,12.710379600524902,12.460451126098633
386,12.710136413574219,12.451117515563965
387,12.712200164794922,12.445822715759277
388,12.708577156066895,12.441056251525879
389,12.710227966308594,12.450165748596191
390,12.63174819946289,12.375182151794434
391,12.634317398071289,12.388212203979492
392,12.631880760192871,12.381457328796387
393,12.628863334655762,12.390205383300781
394,12.630489349365234,12.385698318481445
395,12.636922836303711,12.392677307128906
396,12.636570930480957,12.394855499267578
397,12.62856388092041,12.378317832946777
398,12.626250267028809,12.409018516540527
399,12.624141693115234,12.368793487548828
400,12.530834197998047,12.331979751586914
401,12.533092498779297,12.329225540161133
402,12.540685653686523,12.324740409851074
403,12.54110336303711,12.316097259521484
404,12.536239624023438,12.328792572021484
405,12.54079818725586,12.31845474243164
406,12.54175853729248,12.327301025390625
407,12.541146278381348,12.325698852539062
408,12.538905143737793,12.340065956115723
409,12.544718742370605,12.335406303405762
410,12.542580604553223,12.353981971740723
411,12.548243522644043,12.335514068603516
412,12.542223930358887,12.34533405303955
413,12.547887802124023,12.335886001586914
414,12.536602020263672,12.33828353881836
415,12.543394088745117,12.343941688537598
416,12.541872024536133,12.338174819946289
417,12.540203094482422,12.350306510925293
418,12.54183578491211,12.329171180725098
419,12.54166316986084,12.352816581726074
420,12.392970085144043,12.228474617004395
421,12.390789985656738,12.217032432556152
422,12.388511657714844,12.215922355651855
423,12.3868408203125,12.217241287231445
424,12.386012077331543,12.229818344116211
425,12.389993667602539,12.246116638183594
426,12.390792846679688,12.21914005279541
427,12.39309024810791,12.22374439239502
428,12.388349533081055,12.237249374389648
429,12.38980484008789,12.225203514099121
430,12.394743919372559,12.235639572143555
431,12.388318061828613,12.233424186706543
432,12.38930606842041,12.212392807006836
433,12.393186569213867,12.22612476348877
434,12.390054702758789,12.221150398254395
435,12.38869857788086,12.215422630310059
436,12.391691207885742,12.231295585632324
437,12.387786865234375,12.216497421264648
438,12.391035079956055,12.21840763092041
439,12.39085578918457,12.221940994262695
440,12.097328186035156,12.038622856140137
441,12.093284606933594,12.008320808410645
442,12.094393730163574,12.013564109802246
443,12.093008041381836,12.011940956115723
444,12.094070434570312,12.021418571472168
445,12.093735694885254,12.009757041931152
446,12.097223281860352,12.014350891113281
447,12.094727516174316,12.010480880737305
448,12.095173835754395,12.011293411254883
449,12.089344024658203,12.017107009887695
450,11.707491874694824,11.709238052368164
451,11.704277038574219,11.718154907226562
452,11.69970417022705,11.722599029541016
453,11.702422142028809,11.727398872375488
454,11.702059745788574,11.718986511230469
455,11.70362663269043,11.721529960632324
456,11.705061912536621,11.72787857055664
457,11.70565128326416,11.719884872436523
458,11.710707664489746,11.74167251586914
459,11.711572647094727,11.752350807189941
460,11.369590759277344,11.47902774810791
461,11.377828598022461,11.516790390014648
462,11.37802791595459,11.481921195983887
463,11.378610610961914,11.490038871765137
464,11.3755521774292,11.509880065917969
465,11.375028610229492,11.494743347167969
466,11.377093315124512,11.503684043884277
467,11.378474235534668,11.513198852539062
468,11.376564979553223,11.503561019897461
469,11.38171672821045,11.506811141967773
470,10.875455856323242,11.06995677947998
471,10.876139640808105,11.065531730651855
472,10.878591537475586,11.07813549041748
473,10.875628471374512,11.084358215332031
474,10.879657745361328,11.08972454071045
475,10.884838104248047,11.120587348937988
476,10.883971214294434,11.107145309448242
477,10.883382797241211,11.111377716064453
478,10.886078834533691,11.103589057922363
479,10.884953498840332,11.107569694519043
480,10.479673385620117,10.783085823059082
481,10.482995986938477,10.765864372253418
482,10.481739044189453,10.770779609680176
483,10.47929859161377,10.773900985717773
484,10.480647087097168,10.766290664672852
485,10.478635787963867,10.76987075805664
486,10.481032371520996,10.765883445739746
487,10.48351764678955,10.773551940917969
488,10.485753059387207,10.78815746307373
489,10.486764907836914,10.774226188659668
490,10.258883476257324,10.577920913696289
491,10.259822845458984,10.579992294311523
492,10.25600814819336,10.57481861114502
493,10.258745193481445,10.581280708312988
494,10.258848190307617,10.580361366271973
495,10.257906913757324,10.594019889831543
496,10.257465362548828,10.583098411560059
497,10.257442474365234,10.581282615661621
498,10.257709503173828,10.581786155700684
499,10.257373809814453,10.593108177185059
500,9.896607398986816,10.259454727172852
501,9.897744178771973,10.27017879486084
502,9.89925765991211,10.265711784362793
503,9.899358749389648,10.26008129119873
504,9.900628089904785,10.260635375976562
505,9.900330543518066,10.27359676361084
506,9.90147590637207,10.267499923706055
507,9.900887489318848,10.274526596069336
508,9.901246070861816,10.272927284240723
509,9.902338981628418,10.282918930053711
510,9.723008155822754,10.113388061523438
511,9.722393035888672,10.11193561553955
512,9.722430229187012,10.106194496154785
513,9.72238540649414,10.114413261413574
514,9.721309661865234,10.104987144470215
515,9.722537994384766,10.128166198730469
516,9.723995208740234,10.104464530944824
517,9.723609924316406,10.11640739440918
518,9.72463321685791,10.121356010437012
519,9.723838806152344,10.1162691116333
520,9.509186744689941,9.923246383666992
521,9.508098602294922,9.941778182983398
522,9.507184028625488,9.940177917480469
523,9.5086030960083,9.926692962646484
524,9.509040832519531,9.941858291625977
525,9.511266708374023,9.937948226928711
526,9.513190269470215,9.940780639648438
527,9.51463508605957,9.948503494262695
528,9.516729354858398,9.949746131896973
529,9.518013000488281,9.962647438049316
530,9.51882266998291,9.973634719848633
531,9.52236557006836,9.974183082580566
532,9.521627426147461,9.981980323791504
533,9.523125648498535,9.999494552612305
534,9.52660083770752,10.018266677856445
535,9.529769897460938,10.022797584533691
536,9.53335952758789,10.035439491271973
537,9.537860870361328,10.048426628112793
538,9.544727325439453,10.064507484436035
539,9.553394317626953,10.077005386352539
540,9.31911563873291,9.851425170898438
541,9.341891288757324,9.881576538085938
542,9.34163761138916,9.8806791305542
543,9.341821670532227,9.880721092224121
544,9.341497421264648,9.88146686553955
545,9.341811180114746,9.881462097167969
546,9.341754913330078,9.8798189163208
547,9.34166145324707,9.881279945373535
548,9.3417329788208,9.882144927978516
549,9.341588973999023,9.881528854370117
550,9.336421966552734,9.877705574035645
551,9.3362398147583,9.877098083496094
552,9.336282730102539,9.8779878616333
553,9.336252212524414,9.877519607543945
554,9.336227416992188,9.87723159790039
555,9.336448669433594,9.877288818359375
556,9.336416244506836,9.87698745727539
557,9.33618450164795,9.877230644226074
558,9.33648681640625,9.877029418945312
559,9.336372375488281,9.87755298614502
560,9.020536422729492,9.562233924865723
561,9.020437240600586,9.562739372253418
562,9.020447731018066,9.563182830810547
563,9.020748138427734,9.562726974487305
564,9.020570755004883,9.562962532043457
565,9.020566940307617,9.563283920288086
566,9.020524978637695,9.56270980834961
567,9.020520210266113,9.563251495361328
568,9.020488739013672,9.56351375579834
569,9.020464897155762,9.563547134399414
570,8.831644058227539,9.374324798583984
571,8.831771850585938,9.373456954956055
572,8.831632614135742,9.373827934265137
573,8.831356048583984,9.373941421508789
574,8.831526756286621,9.373449325561523
575,8.831615447998047,9.373804092407227
576,8.831494331359863,9.373876571655273
577,8.83150577545166,9.372760772705078
578,8.83182144165039,9.373751640319824
579,8.83168888092041,9.37328815460205
580,8.83165168762207,9.373449325561523
581,8.831672668457031,9.372979164123535
582,8.831877708435059,9.37467098236084
583,8.831588745117188,9.373741149902344
584,8.83121395111084,9.373555183410645
585,8.831717491149902,9.373218536376953
586,8.831656455993652,9.37406063079834
587,8.831771850585938,9.373875617980957
588,8.831478118896484,9.374238967895508
589,8.831496238708496,9.373908042907715
590,8.678521156311035,9.21987247467041
591,8.678284645080566,9.22021198272705
592,8.67855167388916,9.220711708068848
593,8.678227424621582,9.219066619873047
594,8.678296089172363,9.21932315826416
595,8.678189277648926,9.219537734985352
596,8.67824935913086,9.21932601928711
597,8.678324699401855,9.220212936401367
598,8.678422927856445,9.219805717468262
599,8.678305625915527,9.220030784606934
600,8.678269386291504,9.219562530517578
601,8.67830753326416,9.218937873840332
602,8.678337097167969,9.219403266906738
603,8.67820930480957,9.21988582611084
604,8.678339958190918,9.219901084899902
605,8.678382873535156,9.219271659851074
606,8.678350448608398,9.219443321228027
607,8.678204536437988,9.219650268554688
608,8.678549766540527,9.219439506530762
609,8.678238868713379,9.218546867370605
610,8.52773666381836,9.073518753051758
611,8.52794361114502,9.072859764099121
612,8.527753829956055,9.073269844055176
613,8.527944564819336,9.072521209716797
614,8.527793884277344,9.072611808776855
615,8.52773380279541,9.073579788208008
616,8.52782154083252,9.073593139648438
617,8.527851104736328,9.07260799407959
618,8.527937889099121,9.073371887207031
619,8.527792930603027,9.072999000549316
620,8.527827262878418,9.072688102722168
621,8.527921676635742,9.073076248168945
622,8.527851104736328,9.072772026062012
623,8.52791976928711,9.073153495788574
624,8.527730941772461,9.073512077331543
625,8.527852058410645,9.072943687438965
626,8.52793025970459,9.073487281799316
627,8.528074264526367,9.072360038757324
628,8.528151512145996,9.07349967956543
629,8.527901649475098,9.072694778442383
630,8.328253746032715,8.875741958618164
631,8.328161239624023,8.87580680847168
632,8.328323364257812,8.874550819396973
633,8.328339576721191,8.874995231628418
634,8.328230857849121,8.875625610351562
635,8.328235626220703,8.875129699707031
636,8.328210830688477,8.874841690063477
637,8.328095436096191,8.875452995300293
638,8.328213691711426,8.874723434448242
639,8.328086853027344,8.87487506866455
640,8.328351974487305,8.875237464904785
641,8.328093528747559,8.874662399291992
642,8.328202247619629,8.875569343566895
643,8.328215599060059,8.87549877166748
644,8.328486442565918,8.874577522277832
645,8.328100204467773,8.87517261505127
646,8.328116416931152,8.8748779296875
647,8.328180313110352,8.87474536895752
648,8.328248977661133,8.87549877166748
649,8.328333854675293,8.874551773071289
650,8.32831859588623,8.874847412109375
651,8.328070640563965,8.874631881713867
652,8.328126907348633,8.876296043395996
653,8.32837963104248,8.87523365020752
654,8.32813549041748,8.875228881835938
655,8.328174591064453,8.873538970947266
656,8.327987670898438,8.875114440917969
657,8.327912330627441,8.875195503234863
658,8.328064918518066,8.874741554260254
659,8.328259468078613,8.87480354309082
660,8.189122200012207,8.733807563781738
661,8.189112663269043,8.73287296295166
662,8.18900203704834,8.733699798583984
663,8.189159393310547,8.733047485351562
664,8.189278602600098,8.732717514038086
665,8.18881607055664,8.733626365661621
666,8.18895435333252,8.733660697937012
667,8.189298629760742,8.733565330505371
668,8.189023971557617,8.7335786819458
669,8.189108848571777,8.733535766601562
670,8.189126014709473,8.734354972839355
671,8.189339637756348,8.73322582244873
672,8.188924789428711,8.733223915100098
673,8.189229011535645,8.73381233215332
674,8.189190864562988,8.733855247497559
675,8.189141273498535,8.733561515808105
676,8.18936538696289,8.733980178833008
677,8.188920021057129,8.733817100524902
678,8.189005851745605,8.733748435974121
679,8.189131736755371,8.734282493591309
680,8.189282417297363,8.73401927947998
681,8.189119338989258,8.733647346496582
682,8.188834190368652,8.73344898223877
683,8.189154624938965,8.733492851257324
684,8.18917179107666,8.73385238647461
685,8.18913459777832,8.733352661132812
686,8.188977241516113,8.733681678771973
687,8.189105987548828,8.732852935791016
688,8.189019203186035,8.733088493347168
689,8.189275741577148,8.733329772949219
690,8.129300117492676,8.673858642578125
691,8.129144668579102,8.67302131652832
692,8.129107475280762,8.672764778137207
693,8.129112243652344,8.673590660095215
694,8.129057884216309,8.673431396484375
695,8.12904167175293,8.674056053161621
696,8.129215240478516,8.673316955566406
697,8.129138946533203,8.67291259765625
698,8.129328727722168,8.673133850097656
699,8.129244804382324,8.673247337341309
700,8.04875373840332,8.593360900878906
701,8.048931121826172,8.592801094055176
702,8.048901557922363,8.593120574951172
703,8.04908561706543,8.592376708984375
704,8.048750877380371,8.59250259399414
705,8.048968315124512,8.592041969299316
706,8.048959732055664,8.591731071472168
707,8.048775672912598,8.592692375183105
708,8.048910140991211,8.592309951782227
709,8.04875373840332,8.59191608428955
710,7.8846635818481445,8.428610801696777
711,7.884515762329102,8.42917251586914
712,7.884450435638428,8.428974151611328
713,7.884458541870117,8.428759574890137
714,7.884449481964111,8.428535461425781
715,7.884609222412109,8.428437232971191
716,7.884551048278809,8.428680419921875
717,7.884586334228516,8.428605079650879
718,7.88426399230957,8.42867660522461
719,7.884379863739014,8.429803848266602
720,7.884546279907227,8.429861068725586
721,7.884345054626465,8.428460121154785
722,7.884482383728027,8.428923606872559
723,7.884533882141113,8.428109169006348
724,7.884376049041748,8.428787231445312
725,7.884469032287598,8.429038047790527
726,7.884407043457031,8.429092407226562
727,7.884417533874512,8.428926467895508
728,7.884681701660156,8.429100036621094
729,7.884570598602295,8.428770065307617
730,7.809664726257324,8.354450225830078
731,7.809840679168701,8.3541259765625
732,7.809753894805908,8.35383129119873
733,7.809414863586426,8.353839874267578
734,7.809500694274902,8.353885650634766
735,7.809670925140381,8.353967666625977
736,7.809716701507568,8.354411125183105
737,7.809676647186279,8.354447364807129
738,7.809564590454102,8.354321479797363
739,7.80978536605835,8.353785514831543
740,7.809686183929443,8.354296684265137
741,7.809698581695557,8.355323791503906
742,7.809693813323975,8.354504585266113
743,7.809576034545898,8.354307174682617
744,7.809481143951416,8.353863716125488
745,7.809558868408203,8.353750228881836
746,7.809963226318359,8.354350090026855
747,7.809561729431152,8.354668617248535
748,7.80967903137207,8.354816436767578
749,7.809821128845215,8.353431701660156
750,7.703878879547119,8.256919860839844
751,7.7038469314575195,8.25694465637207
752,7.703782558441162,8.25749397277832
753,7.70416259765625,8.257101058959961
754,7.703872203826904,8.257221221923828
755,7.70405387878418,8.257346153259277
756,7.703869819641113,8.258110046386719
757,7.703711986541748,8.256613731384277
758,7.703734874725342,8.257218360900879
759,7.703952312469482,8.256908416748047
760,7.7037153244018555,8.257047653198242
761,7.703697204589844,8.256804466247559
762,7.70372200012207,8.256683349609375
763,7.703857898712158,8.256627082824707
764,7.703953266143799,8.257298469543457
765,7.7038092613220215,8.257200241088867
766,7.703904151916504,8.25740909576416
767,7.703975200653076,8.256950378417969
768,7.703902721405029,8.256365776062012
769,7.703807830810547,8.257153511047363
770,7.703814506530762,8.256705284118652
771,7.703989505767822,8.25788688659668
772,7.7038373947143555,8.257097244262695
773,7.703985214233398,8.257973670959473
774,7.703768730163574,8.256990432739258
775,7.703896999359131,8.256369590759277
776,7.703988552093506,8.256744384765625
777,7.703702449798584,8.257404327392578
778,7.703865051269531,8.257277488708496
779,7.703855037689209,8.257577896118164
780,7.536157131195068,8.087140083312988
781,7.536251068115234,8.087632179260254
782,7.536222457885742,8.08781623840332
783,7.536099910736084,8.088295936584473
784,7.53609561920166,8.08767318725586
785,7.535863399505615,8.086346626281738
786,7.536258697509766,8.087929725646973
787,7.536044120788574,8.08815860748291
788,7.535730361938477,8.087337493896484
789,7.5362701416015625,8.087545394897461
790,7.536098957061768,8.087346076965332
791,7.5359649658203125,8.087796211242676
792,7.53615140914917,8.087712287902832
793,7.536401748657227,8.087424278259277
794,7.535913467407227,8.087362289428711
795,7.536129474639893,8.087423324584961
796,7.536206245422363,8.087876319885254
797,7.536270618438721,8.087498664855957
798,7.536188125610352,8.088143348693848
799,7.535983085632324,8.087632179260254
800,7.535898685455322,8.087798118591309
801,7.53609561920166,8.088119506835938
802,7.535891532897949,8.087971687316895
803,7.536088466644287,8.087400436401367
804,7.536015510559082,8.086878776550293
805,7.536316394805908,8.087467193603516
806,7.536059856414795,8.08780574798584
807,7.5359601974487305,8.087406158447266
808,7.5359787940979,8.087275505065918
809,7.536113739013672,8.086925506591797
810,7.53621768951416,8.08736801147461
811,7.536452293395996,8.087273597717285
812,7.536149024963379,8.0874605178833
813,7.536206245422363,8.08858585357666
814,7.536014080047607,8.08741569519043
815,7.536133289337158,8.08725643157959
816,7.535947799682617,8.08814525604248
817,7.536037921905518,8.087540626525879
818,7.5360565185546875,8.08786392211914
819,7.536284923553467,8.087196350097656
820,7.536244869232178,8.088054656982422
821,7.536069869995117,8.088486671447754
822,7.5361480712890625,8.0870361328125
823,7.5361480712890625,8.088456153869629
824,7.536186695098877,8.088235855102539
825,7.536016464233398,8.088032722473145
826,7.536182403564453,8.087451934814453
827,7.536131858825684,8.087624549865723
828,7.5359296798706055,8.087873458862305
829,7.536041736602783,8.088276863098145
830,7.5360941886901855,8.087817192077637
831,7.535977363586426,8.087992668151855
832,7.536001682281494,8.08767032623291
833,7.536003589630127,8.08813762664795
834,7.535929203033447,8.087492942810059
835,7.536049842834473,8.08753776550293
836,7.535912036895752,8.087902069091797
837,7.536109924316406,8.088027954101562
838,7.536005973815918,8.087692260742188
839,7.536238193511963,8.087907791137695
840,7.535702705383301,8.087894439697266
841,7.536027908325195,8.087392807006836
842,7.53577995300293,8.087491035461426
843,7.536102294921875,8.08790397644043
844,7.535812854766846,8.087491035461426
845,7.535950183868408,8.087688446044922
846,7.5360565185546875,8.088188171386719
847,7.535920143127441,8.087864875793457
848,7.535958290100098,8.088098526000977
849,7.536035537719727,8.087019920349121
850,7.536164283752441,8.087912559509277
851,7.536319732666016,8.088029861450195
852,7.536041736602783,8.087525367736816
853,7.536048412322998,8.086792945861816
854,7.5358757972717285,8.088143348693848
855,7.535996913909912,8.08753776550293
856,7.536057472229004,8.087779998779297
857,7.5360493659973145,8.088421821594238
858,7.535986423492432,8.08716106414795
859,7.536045074462891,8.0883150100708
860,7.535964012145996,8.087950706481934
861,7.536303520202637,8.087777137756348
862,7.536022186279297,8.087578773498535
863,7.536126136779785,8.087864875793457
864,7.535758018493652,8.087410926818848
865,7.536068916320801,8.087397575378418
866,7.536303520202637,8.087780952453613
867,7.536069869995117,8.088417053222656
868,7.536078453063965,8.087628364562988
869,7.536032676696777,8.087520599365234
870,7.452983379364014,8.007783889770508
871,7.453077793121338,8.007467269897461
872,7.452981948852539,8.008269309997559
873,7.452993392944336,8.008459091186523
874,7.453052997589111,8.00812816619873
875,7.453052997589111,8.007478713989258
876,7.4531707763671875,8.008851051330566
877,7.4530415534973145,8.007487297058105
878,7.452932834625244,8.007801055908203
879,7.452997207641602,8.008011817932129
880,7.450170516967773,8.003203392028809
881,7.450080394744873,8.002626419067383
882,7.450127124786377,8.002482414245605
883,7.450159072875977,8.002934455871582
884,7.450253963470459,8.002665519714355
885,7.450486183166504,8.00273609161377
886,7.450343132019043,8.003022193908691
887,7.4502458572387695,8.003174781799316
888,7.450113296508789,8.002998352050781
889,7.4499335289001465,8.002355575561523
890,7.325605392456055,7.8785319328308105
891,7.325717449188232,7.877123832702637
892,7.325376033782959,7.878046989440918
893,7.325422286987305,7.8780412673950195
894,7.3254876136779785,7.877997398376465
895,7.325429916381836,7.878821849822998
896,7.325430393218994,7.878459930419922
897,7.325425624847412,7.877739429473877
898,7.325498580932617,7.87840461730957
899,7.325497627258301,7.878215789794922
900,7.228132724761963,7.781192779541016
901,7.228126049041748,7.780801773071289
902,7.228364944458008,7.780430316925049
903,7.228180885314941,7.781120777130127
904,7.228149890899658,7.781653881072998
905,7.227994441986084,7.781423091888428
906,7.228082656860352,7.782235622406006
907,7.228132724761963,7.7809157371521
908,7.228199481964111,7.781689167022705
909,7.228211879730225,7.780643939971924
910,7.228100776672363,7.781933784484863
911,7.228428363800049,7.780374526977539
912,7.2283477783203125,7.7807793617248535
913,7.228048324584961,7.781586647033691
914,7.228241920471191,7.781067848205566
915,7.228119373321533,7.7804388999938965
916,7.22816276550293,7.7804155349731445
917,7.228082656860352,7.781184196472168
918,7.228054046630859,7.781229019165039
919,7.227928161621094,7.78180456161499
920,7.2280988693237305,7.781040191650391
921,7.228166103363037,7.7818827629089355
922,7.227962493896484,7.781187534332275
923,7.22834587097168,7.781398773193359
924,7.227878093719482,7.781810283660889
925,7.228206157684326,7.781580448150635
926,7.228104114532471,7.780924320220947
927,7.227717876434326,7.781577110290527
928,7.228095531463623,7.781127452850342
929,7.2282233238220215,7.78088903427124
930,7.22816276550293,7.780572414398193
931,7.228013038635254,7.781558990478516
932,7.228036880493164,7.78078556060791
933,7.228064060211182,7.780303955078125
934,7.228082656860352,7.780155181884766
935,7.228166103363037,7.781601905822754
936,7.2280402183532715,7.780267238616943
937,7.228048324584961,7.781362533569336
938,7.22810697555542,7.780848979949951
939,7.228308200836182,7.78071403503418
940,7.228306770324707,7.780688285827637
941,7.228384494781494,7.7810444831848145
942,7.228063106536865,7.78052282333374
943,7.228439807891846,7.78179931640625
944,7.228109836578369,7.781534671783447
945,7.228199481964111,7.781123161315918
946,7.228086948394775,7.780990123748779
947,7.228296756744385,7.781632423400879
948,7.228070259094238,7.781163692474365
949,7.228150367736816,7.781118392944336
950,7.228033542633057,7.781467914581299
951,7.228038311004639,7.780874729156494
952,7.2281928062438965,7.780835151672363
953,7.22806978225708,7.781243801116943
954,7.22799015045166,7.780806541442871
955,7.228118419647217,7.781619548797607
956,7.228050708770752,7.781083106994629
957,7.228213310241699,7.780292510986328
958,7.228299140930176,7.780544281005859
959,7.228016376495361,7.780998706817627
960,7.228210926055908,7.781142711639404
961,7.227868556976318,7.780460834503174
962,7.227802276611328,7.7813520431518555
963,7.2280378341674805,7.780609607696533
964,7.2281293869018555,7.780900478363037
965,7.228151321411133,7.7824482917785645
966,7.228041172027588,7.781151294708252
967,7.228170871734619,7.781022548675537
968,7.22815465927124,7.7811689376831055
969,7.227910995483398,7.78175163269043
970,7.10128927230835,7.656621932983398
971,7.101256847381592,7.656172752380371
972,7.101268291473389,7.656492710113525
973,7.101405620574951,7.656209468841553
974,7.101283550262451,7.655414581298828
975,7.10112190246582,7.657207489013672
976,7.1010308265686035,7.657141208648682
977,7.101149559020996,7.655942440032959
978,7.1013689041137695,7.6572723388671875
979,7.101219654083252,7.656835079193115
980,7.101354122161865,7.656467914581299
981,7.101381778717041,7.656792640686035
982,7.10144567489624,7.6572113037109375
983,7.101251602172852,7.65631628036499
984,7.101158618927002,7.656236171722412
985,7.101230621337891,7.657093048095703
986,7.1013946533203125,7.655988693237305
987,7.101227283477783,7.656222820281982
988,7.101142406463623,7.65674352645874
989,7.1015305519104,7.656859874725342
990,7.101500511169434,7.656461238861084
991,7.101321220397949,7.657125473022461
992,7.101390838623047,7.656430721282959
993,7.101353168487549,7.655993938446045
994,7.101283073425293,7.657403469085693
995,7.101163387298584,7.656684875488281
996,7.1012492179870605,7.65675687789917
997,7.101297378540039,7.656795024871826
998,7.101037502288818,7.656428337097168
999,7.10114049911499,7.6563286781311035
