epoch,loss,val_loss
0,9.759625434875488,6.0057902336120605
1,6.401944637298584,5.321491718292236
2,6.202604293823242,5.356757640838623
3,6.385750770568848,5.3672990798950195
4,6.950028419494629,5.236465930938721
5,7.102216720581055,5.3477582931518555
6,7.057891368865967,5.433455467224121
7,7.541788578033447,6.266678333282471
8,7.948714256286621,6.825286388397217
9,8.821723937988281,7.751366138458252
10,9.878592491149902,8.985161781311035
11,10.352853775024414,10.81864070892334
12,7.7367424964904785,5.630128383636475
13,8.583922386169434,6.504618167877197
14,9.387659072875977,7.395981311798096
15,8.817946434020996,6.910332202911377
16,9.421638488769531,7.382498741149902
17,10.285807609558105,8.861037254333496
18,11.292611122131348,9.515640258789062
19,12.756260871887207,11.995864868164062
20,12.964186668395996,10.782734870910645
21,12.986804962158203,11.653484344482422
22,13.240790367126465,11.97829818725586
23,13.470870018005371,12.366424560546875
24,13.752530097961426,12.717303276062012
25,13.950910568237305,12.871936798095703
26,14.113502502441406,12.908966064453125
27,14.218717575073242,13.27580738067627
28,14.303118705749512,13.103228569030762
29,14.172574996948242,12.940792083740234
30,13.866094589233398,12.78756046295166
31,13.806862831115723,12.733895301818848
32,13.78838062286377,12.799049377441406
33,13.76207160949707,12.810908317565918
34,13.703274726867676,12.576257705688477
35,13.594711303710938,12.709640502929688
36,13.668063163757324,12.71850872039795
37,13.794745445251465,12.945477485656738
38,13.870845794677734,13.082555770874023
39,13.922078132629395,12.962532997131348
40,13.808499336242676,12.892678260803223
41,13.775460243225098,12.73437786102295
42,13.649396896362305,12.536175727844238
43,13.037476539611816,11.910778045654297
44,12.91214370727539,11.84870433807373
45,12.839313507080078,11.937365531921387
46,12.811984062194824,11.737345695495605
47,12.757173538208008,11.60384464263916
48,12.806498527526855,11.697774887084961
49,12.820642471313477,11.72801685333252
50,12.5512113571167,11.312833786010742
51,12.402836799621582,11.166571617126465
52,12.634162902832031,11.693020820617676
53,13.233270645141602,12.16240406036377
54,13.416604995727539,12.348297119140625
55,13.587494850158691,12.546160697937012
56,13.7338285446167,12.69534969329834
57,13.738085746765137,12.53761100769043
58,13.801382064819336,12.848196029663086
59,13.856542587280273,12.871491432189941
60,13.842745780944824,12.844970703125
61,13.861566543579102,13.007883071899414
62,13.945765495300293,12.899909973144531
63,13.962449073791504,12.976142883300781
64,14.081082344055176,13.216670036315918
65,14.115447044372559,13.249885559082031
66,14.136319160461426,13.299234390258789
67,14.207887649536133,13.579940795898438
68,14.293057441711426,13.476960182189941
69,14.383450508117676,13.729475021362305
70,14.18653678894043,13.46706485748291
71,14.003884315490723,13.454437255859375
72,13.994953155517578,13.273929595947266
73,13.901359558105469,13.369864463806152
74,13.879659652709961,13.216373443603516
75,13.9276123046875,13.419821739196777
76,13.939053535461426,13.267946243286133
77,13.91918659210205,13.366710662841797
78,13.8941068649292,13.36540412902832
79,13.896954536437988,13.2740478515625
80,13.769104957580566,13.079255104064941
81,13.682415008544922,13.06900405883789
82,13.6926908493042,13.193779945373535
83,13.701178550720215,13.135565757751465
84,13.70462703704834,13.140838623046875
85,13.712071418762207,13.137474060058594
86,13.690990447998047,13.115957260131836
87,13.694925308227539,13.187981605529785
88,13.72284984588623,13.192444801330566
89,13.710830688476562,13.223877906799316
90,13.519620895385742,13.07150936126709
91,13.489148139953613,12.933266639709473
92,13.500929832458496,13.144003868103027
93,13.508936882019043,13.076711654663086
94,13.51888656616211,13.069280624389648
95,13.52022647857666,13.057281494140625
96,13.540060997009277,13.074657440185547
97,13.54963493347168,13.101737976074219
98,13.532306671142578,13.061726570129395
99,13.540321350097656,13.078299522399902
100,13.464675903320312,13.030982971191406
101,13.451306343078613,13.05530834197998
102,13.487621307373047,13.064735412597656
103,13.495893478393555,13.180937767028809
104,13.544397354125977,13.21794319152832
105,13.524524688720703,13.12023639678955
106,13.495509147644043,13.114094734191895
107,13.521364212036133,13.338034629821777
108,13.547276496887207,13.18857479095459
109,13.569474220275879,13.222854614257812
110,13.623781204223633,13.322670936584473
111,13.665980339050293,13.46371078491211
112,13.697487831115723,13.434267044067383
113,13.709831237792969,13.393366813659668
114,13.692155838012695,13.309650421142578
115,13.686975479125977,13.463530540466309
116,13.64702320098877,13.318879127502441
117,13.644089698791504,13.334683418273926
118,13.645767211914062,13.33541488647461
119,13.659865379333496,13.314990043640137
120,13.581313133239746,13.394306182861328
121,13.62496566772461,13.36008358001709
122,13.663407325744629,13.564933776855469
123,13.657676696777344,13.406035423278809
124,13.64311408996582,13.3896484375
125,13.633858680725098,13.415810585021973
126,13.680286407470703,13.384927749633789
127,13.649222373962402,13.481912612915039
128,13.627707481384277,13.358145713806152
129,13.608247756958008,13.42628288269043
130,13.632984161376953,13.36626148223877
131,13.617788314819336,13.354927062988281
132,13.608996391296387,13.604129791259766
133,13.67076301574707,13.546557426452637
134,13.701360702514648,13.496993064880371
135,13.674300193786621,13.408799171447754
136,13.702743530273438,13.621976852416992
137,14.009271621704102,14.033429145812988
138,14.11788558959961,14.014435768127441
139,14.163064956665039,14.104393005371094
140,14.128737449645996,14.066120147705078
141,14.115728378295898,13.94304084777832
142,14.09182357788086,13.994248390197754
143,14.08310317993164,14.038432121276855
144,14.112479209899902,14.09732437133789
145,14.143509864807129,14.114116668701172
146,14.140716552734375,14.054969787597656
147,14.140487670898438,14.023859024047852
148,14.114849090576172,14.10028076171875
149,14.178205490112305,14.131600379943848
150,14.157231330871582,14.130781173706055
151,14.149711608886719,14.076050758361816
152,14.169955253601074,14.087852478027344
153,14.141714096069336,14.104832649230957
154,14.139602661132812,14.16370677947998
155,14.140649795532227,14.083803176879883
156,14.139732360839844,14.151074409484863
157,14.149178504943848,14.158687591552734
158,14.145920753479004,14.108429908752441
159,14.147817611694336,14.1513090133667
160,14.134013175964355,14.13944149017334
161,14.105158805847168,14.111010551452637
162,14.106805801391602,14.072853088378906
163,14.140116691589355,14.130287170410156
164,14.145150184631348,14.114788055419922
165,14.141929626464844,14.213269233703613
166,14.166865348815918,14.141416549682617
167,14.147382736206055,14.199084281921387
168,14.173178672790527,14.153170585632324
169,14.160701751708984,14.154226303100586
170,14.202845573425293,14.188384056091309
171,14.19304084777832,14.219300270080566
172,14.223469734191895,14.178239822387695
173,14.170758247375488,14.170302391052246
174,14.183100700378418,14.152994155883789
175,14.181716918945312,14.12756633758545
176,14.206316947937012,14.247590065002441
177,14.224373817443848,14.218409538269043
178,14.211181640625,14.159034729003906
179,14.225231170654297,14.222681045532227
180,14.167949676513672,14.159736633300781
181,14.1453218460083,14.210372924804688
182,14.1510591506958,14.149141311645508
183,14.13304615020752,14.197656631469727
184,14.152873992919922,14.126057624816895
185,14.141112327575684,14.179338455200195
186,14.131048202514648,14.185479164123535
187,14.157979011535645,14.166325569152832
188,14.188984870910645,14.202533721923828
189,14.174251556396484,14.153177261352539
190,14.173974990844727,14.178176879882812
191,14.168095588684082,14.184174537658691
192,14.196266174316406,14.174543380737305
193,14.168438911437988,14.163787841796875
194,14.201896667480469,14.187213897705078
195,14.170656204223633,14.202835083007812
196,14.172849655151367,14.264115333557129
197,14.195173263549805,14.183989524841309
198,14.182551383972168,14.177143096923828
199,14.200231552124023,14.149862289428711
200,14.191167831420898,14.280556678771973
201,14.1807279586792,14.170591354370117
202,14.161802291870117,14.107111930847168
203,14.175494194030762,14.247118949890137
204,14.156627655029297,14.085394859313965
205,14.154326438903809,14.165814399719238
206,14.199118614196777,14.190540313720703
207,14.178027153015137,14.232898712158203
208,14.19136905670166,14.173065185546875
209,14.210914611816406,14.273828506469727
210,14.165431022644043,14.162796974182129
211,14.154691696166992,14.264820098876953
212,14.185815811157227,14.223679542541504
213,14.220094680786133,14.233222007751465
214,14.183427810668945,14.24317455291748
215,14.161452293395996,14.141373634338379
216,14.131135940551758,14.135737419128418
217,14.165743827819824,14.307855606079102
218,14.167953491210938,14.242536544799805
219,14.21639633178711,14.264297485351562
220,14.194177627563477,14.197811126708984
221,14.232105255126953,14.256023406982422
222,14.230368614196777,14.357343673706055
223,14.25719928741455,14.348041534423828
224,14.237125396728516,14.236148834228516
225,14.219120025634766,14.27884292602539
226,14.217134475708008,14.214662551879883
227,14.198457717895508,14.141340255737305
228,14.206135749816895,14.20540714263916
229,14.232358932495117,14.190044403076172
230,14.25119400024414,14.304786682128906
231,14.280655860900879,14.21345329284668
232,14.23409366607666,14.254084587097168
233,14.251642227172852,14.221482276916504
234,14.233133316040039,14.193672180175781
235,14.241171836853027,14.181821823120117
236,14.284326553344727,14.094802856445312
237,14.276399612426758,14.22214126586914
238,14.318594932556152,14.214439392089844
239,14.332074165344238,14.24454402923584
240,14.337898254394531,14.156511306762695
241,14.280409812927246,14.158291816711426
242,14.282647132873535,14.158129692077637
243,14.288421630859375,14.164447784423828
244,14.250438690185547,14.099238395690918
245,14.26687240600586,14.142333984375
246,14.283466339111328,14.18152141571045
247,14.273192405700684,14.138731956481934
248,14.26587200164795,14.17825698852539
249,14.256059646606445,14.129146575927734
250,14.264019012451172,14.212501525878906
251,14.268367767333984,14.077127456665039
252,14.232748031616211,14.101025581359863
253,14.256458282470703,14.189786911010742
254,14.27177619934082,14.147279739379883
255,14.246316909790039,14.126263618469238
256,14.34575366973877,14.180999755859375
257,14.29280948638916,14.153278350830078
258,14.286823272705078,14.205899238586426
259,14.300515174865723,14.214568138122559
260,14.295987129211426,14.20124626159668
261,14.296186447143555,14.236551284790039
262,14.295705795288086,14.26435661315918
263,14.333600044250488,14.28425407409668
264,14.318255424499512,14.26085090637207
265,14.34033203125,14.273025512695312
266,14.309338569641113,14.23634147644043
267,14.307519912719727,14.216501235961914
268,14.328859329223633,14.25145149230957
269,14.332648277282715,14.264248847961426
270,14.310997009277344,14.290658950805664
271,14.2822904586792,14.23424243927002
272,14.312959671020508,14.308733940124512
273,14.301835060119629,14.284931182861328
274,14.296384811401367,14.27113151550293
275,14.29415225982666,14.245163917541504
276,14.296600341796875,14.239889144897461
277,14.293144226074219,14.252374649047852
278,14.281279563903809,14.20949935913086
279,14.274121284484863,14.271147727966309
280,14.26391887664795,14.234214782714844
281,14.25713062286377,14.305011749267578
282,14.267899513244629,14.212141036987305
283,14.226848602294922,14.215437889099121
284,14.222888946533203,14.179433822631836
285,14.200201034545898,14.1370267868042
286,14.231226921081543,14.226263999938965
287,14.196097373962402,14.264114379882812
288,14.219711303710938,14.089909553527832
289,14.179838180541992,14.073819160461426
290,14.140217781066895,14.141797065734863
291,14.161036491394043,14.139580726623535
292,14.21529769897461,14.208259582519531
293,14.221366882324219,14.12379264831543
294,14.174071311950684,14.139533042907715
295,14.209676742553711,14.27112865447998
296,14.26520824432373,14.540016174316406
297,14.44849681854248,14.56961441040039
298,14.485214233398438,14.60425090789795
299,14.577112197875977,14.675368309020996
300,14.594621658325195,14.670231819152832
301,14.588815689086914,14.637996673583984
302,14.605023384094238,14.641168594360352
303,14.60010814666748,14.639107704162598
304,14.570682525634766,14.615758895874023
305,14.548885345458984,14.57577896118164
306,14.543088912963867,14.5064697265625
307,14.528212547302246,14.534063339233398
308,14.53236198425293,14.51319408416748
309,14.51582145690918,14.515959739685059
310,14.503324508666992,14.511642456054688
311,14.525874137878418,14.500612258911133
312,14.491848945617676,14.506190299987793
313,14.494580268859863,14.489439010620117
314,14.471092224121094,14.430741310119629
315,14.49140453338623,14.487626075744629
316,14.483699798583984,14.500762939453125
317,14.482988357543945,14.48067855834961
318,14.486209869384766,14.5038480758667
319,14.487652778625488,14.500243186950684
320,14.483428001403809,14.556532859802246
321,14.525683403015137,14.57519245147705
322,14.524094581604004,14.49699592590332
323,14.497714042663574,14.574880599975586
324,14.500960350036621,14.65831470489502
325,14.531689643859863,14.568138122558594
326,14.511394500732422,14.516121864318848
327,14.509575843811035,14.671427726745605
328,14.514124870300293,14.569745063781738
329,14.506325721740723,14.6565580368042
330,14.476484298706055,14.495926856994629
331,14.48153305053711,14.574975967407227
332,14.457172393798828,14.541827201843262
333,14.557515144348145,14.51563835144043
334,14.462244033813477,14.546502113342285
335,14.472601890563965,14.595186233520508
336,14.516009330749512,14.564138412475586
337,14.472310066223145,14.484987258911133
338,14.462950706481934,14.491573333740234
339,14.480152130126953,14.698728561401367
340,14.472389221191406,14.473580360412598
341,14.4646635055542,14.684015274047852
342,14.529248237609863,14.450416564941406
343,14.48807430267334,14.551410675048828
344,14.470090866088867,14.607107162475586
345,14.49705982208252,14.553093910217285
346,14.503362655639648,14.653581619262695
347,14.525487899780273,14.613290786743164
348,14.5352783203125,14.714405059814453
349,14.54333782196045,14.70105266571045
350,14.552209854125977,14.607868194580078
351,14.541070938110352,14.658903121948242
352,14.549995422363281,14.821806907653809
353,14.5308837890625,14.563908576965332
354,14.546856880187988,14.701321601867676
355,14.547947883605957,14.69556713104248
356,14.54100513458252,14.62955093383789
357,14.530799865722656,14.700016021728516
358,14.536925315856934,14.671184539794922
359,14.534172058105469,14.567831993103027
360,14.482741355895996,14.626361846923828
361,14.480456352233887,14.571486473083496
362,14.453532218933105,14.491501808166504
363,14.473714828491211,14.561524391174316
364,14.46684455871582,14.59704303741455
365,14.472135543823242,14.691351890563965
366,14.460932731628418,14.594870567321777
367,14.462175369262695,14.567893028259277
368,14.449049949645996,14.50051212310791
369,14.466171264648438,14.573002815246582
370,14.45380687713623,14.595895767211914
371,14.470985412597656,14.686331748962402
372,14.475878715515137,14.552275657653809
373,14.462754249572754,14.634326934814453
374,14.475247383117676,14.632979393005371
375,14.45687484741211,14.501110076904297
376,14.46594524383545,14.665616989135742
377,14.461262702941895,14.614748001098633
378,14.463948249816895,14.640088081359863
379,14.494807243347168,14.567870140075684
380,14.39792537689209,14.528460502624512
381,14.402603149414062,14.457701683044434
382,14.405403137207031,14.546656608581543
383,14.407164573669434,14.5674467086792
384,14.393603324890137,14.624478340148926
385,14.406352996826172,14.54377269744873
386,14.394973754882812,14.67987060546875
387,14.417794227600098,14.55726432800293
388,14.413629531860352,14.525938987731934
389,14.42446231842041,14.69206714630127
390,14.308573722839355,14.502532958984375
391,14.2774658203125,14.436062812805176
392,14.276857376098633,14.404640197753906
393,14.27112865447998,14.470046997070312
394,14.278614044189453,14.650981903076172
395,14.287092208862305,14.46524715423584
396,14.271692276000977,14.501052856445312
397,14.273812294006348,14.472513198852539
398,14.278219223022461,14.44726848602295
399,14.270503044128418,14.427489280700684
400,14.07898998260498,14.463813781738281
401,14.113774299621582,14.31507682800293
402,14.110132217407227,14.348252296447754
403,14.111857414245605,14.375117301940918
404,14.132638931274414,14.361486434936523
405,14.100171089172363,14.377074241638184
406,14.095516204833984,14.310783386230469
407,14.109967231750488,14.348206520080566
408,14.076370239257812,14.350680351257324
409,14.085628509521484,14.357409477233887
410,14.072368621826172,14.357757568359375
411,14.078797340393066,14.340252876281738
412,14.081680297851562,14.343814849853516
413,14.061001777648926,14.343154907226562
414,14.070415496826172,14.29432487487793
415,14.054944038391113,14.27733325958252
416,14.071227073669434,14.414705276489258
417,14.092083930969238,14.246265411376953
418,14.080124855041504,14.353049278259277
419,14.09720230102539,14.350939750671387
420,13.82381534576416,14.091781616210938
421,13.819381713867188,14.105432510375977
422,13.808524131774902,14.154804229736328
423,13.815443992614746,14.092884063720703
424,13.818036079406738,14.114248275756836
425,13.826685905456543,14.191340446472168
426,13.83255386352539,14.151398658752441
427,13.834793090820312,14.146422386169434
428,13.82356071472168,14.167109489440918
429,13.833816528320312,14.211077690124512
430,13.850750923156738,14.12052059173584
431,13.851590156555176,14.171996116638184
432,13.841400146484375,14.158784866333008
433,13.831062316894531,14.201919555664062
434,13.853170394897461,14.2253999710083
435,13.854573249816895,14.2152738571167
436,13.833734512329102,14.1895112991333
437,13.849413871765137,14.208481788635254
438,13.849220275878906,14.176968574523926
439,13.82905101776123,14.155455589294434
440,13.295387268066406,13.762222290039062
441,13.304627418518066,13.748059272766113
442,13.316150665283203,13.731223106384277
443,13.306061744689941,13.730969429016113
444,13.294973373413086,13.721343994140625
445,13.286604881286621,13.6599702835083
446,13.293193817138672,13.65722942352295
447,13.261940956115723,13.51007080078125
448,13.282519340515137,13.698742866516113
449,13.254849433898926,13.702691078186035
450,12.641068458557129,13.115337371826172
451,12.620243072509766,13.090710639953613
452,12.630712509155273,13.128790855407715
453,12.624248504638672,13.127458572387695
454,12.633291244506836,13.124039649963379
455,12.644454002380371,13.109423637390137
456,12.638574600219727,13.09269905090332
457,12.63803768157959,13.09296989440918
458,12.62841796875,13.120264053344727
459,12.654088973999023,13.142200469970703
460,12.152243614196777,12.664074897766113
461,12.150904655456543,12.67193603515625
462,12.150003433227539,12.667579650878906
463,12.158146858215332,12.674561500549316
464,12.1564302444458,12.659408569335938
465,12.157647132873535,12.665857315063477
466,12.158452987670898,12.673744201660156
467,12.159906387329102,12.66927719116211
468,12.15938949584961,12.66811466217041
469,12.161046028137207,12.66440486907959
470,11.447945594787598,11.981233596801758
471,11.448169708251953,11.98124885559082
472,11.44841194152832,11.992671012878418
473,11.451210021972656,11.987831115722656
474,11.452164649963379,11.988697052001953
475,11.452467918395996,12.001029014587402
476,11.45314884185791,11.99809455871582
477,11.4520902633667,11.990100860595703
478,11.452669143676758,11.998420715332031
479,11.453638076782227,11.992209434509277
480,10.871102333068848,11.390522003173828
481,10.870576858520508,11.389488220214844
482,10.870299339294434,11.389142990112305
483,10.870156288146973,11.389734268188477
484,10.870504379272461,11.389062881469727
485,10.870316505432129,11.38987922668457
486,10.870441436767578,11.390084266662598
487,10.870381355285645,11.390435218811035
488,10.8704195022583,11.390130043029785
489,10.870670318603516,11.389425277709961
490,10.583066940307617,11.109112739562988
491,10.58309555053711,11.107625007629395
492,10.583045959472656,11.107495307922363
493,10.583118438720703,11.10754108428955
494,10.583179473876953,11.108193397521973
495,10.582902908325195,11.108083724975586
496,10.583061218261719,11.10766887664795
497,10.58313274383545,11.107535362243652
498,10.583358764648438,11.107848167419434
499,10.583235740661621,11.107528686523438
500,10.093192100524902,10.618868827819824
501,10.092998504638672,10.617384910583496
502,10.093058586120605,10.61812686920166
503,10.093260765075684,10.617230415344238
504,10.093025207519531,10.618194580078125
505,10.093196868896484,10.618036270141602
506,10.092849731445312,10.617898941040039
507,10.093025207519531,10.617414474487305
508,10.093103408813477,10.617764472961426
509,10.093144416809082,10.618158340454102
510,9.875908851623535,10.401139259338379
511,9.876311302185059,10.40181827545166
512,9.876132011413574,10.401219367980957
513,9.87606430053711,10.402073860168457
514,9.87600040435791,10.400496482849121
515,9.876030921936035,10.401826858520508
516,9.876033782958984,10.402788162231445
517,9.876309394836426,10.401121139526367
518,9.876226425170898,10.402032852172852
519,9.875879287719727,10.400938034057617
520,9.607691764831543,10.133865356445312
521,9.607443809509277,10.1333589553833
522,9.607794761657715,10.134184837341309
523,9.607572555541992,10.134249687194824
524,9.607501029968262,10.133330345153809
525,9.6077241897583,10.13332462310791
526,9.607847213745117,10.134078025817871
527,9.607830047607422,10.133259773254395
528,9.607596397399902,10.133058547973633
529,9.607681274414062,10.133769989013672
530,9.60763168334961,10.133675575256348
531,9.607648849487305,10.133068084716797
532,9.60766315460205,10.133755683898926
533,9.60752010345459,10.132442474365234
534,9.607937812805176,10.13365364074707
535,9.607672691345215,10.1340913772583
536,9.607687950134277,10.133787155151367
537,9.607404708862305,10.133583068847656
538,9.607739448547363,10.134057998657227
539,9.607494354248047,10.13333511352539
540,9.341777801513672,9.880908012390137
541,9.341955184936523,9.88113021850586
542,9.341815948486328,9.881884574890137
543,9.341948509216309,9.882057189941406
544,9.341741561889648,9.881114959716797
545,9.342032432556152,9.881474494934082
546,9.341532707214355,9.881274223327637
547,9.341833114624023,9.881991386413574
548,9.341736793518066,9.881598472595215
549,9.3417329788208,9.88106632232666
550,9.33625602722168,9.877161026000977
551,9.336233139038086,9.878005027770996
552,9.336304664611816,9.877909660339355
553,9.33655834197998,9.877650260925293
554,9.336007118225098,9.87764835357666
555,9.336743354797363,9.8768949508667
556,9.336446762084961,9.877556800842285
557,9.336569786071777,9.877509117126465
558,9.33639144897461,9.877920150756836
559,9.336313247680664,9.87799072265625
560,9.020587921142578,9.562673568725586
561,9.020491600036621,9.56320858001709
562,9.020588874816895,9.562857627868652
563,9.020772933959961,9.563075065612793
564,9.020764350891113,9.56296443939209
565,9.020660400390625,9.562321662902832
566,9.020665168762207,9.563575744628906
567,9.020500183105469,9.563017845153809
568,9.020848274230957,9.562727928161621
569,9.02063274383545,9.562694549560547
570,8.831714630126953,9.373781204223633
571,8.831591606140137,9.373974800109863
572,8.831846237182617,9.373437881469727
573,8.83134651184082,9.373896598815918
574,8.83182144165039,9.373565673828125
575,8.831629753112793,9.373673439025879
576,8.831668853759766,9.372387886047363
577,8.83166217803955,9.374092102050781
578,8.831652641296387,9.373896598815918
579,8.83167839050293,9.373779296875
580,8.831693649291992,9.373149871826172
581,8.83164119720459,9.373648643493652
582,8.83156967163086,9.372976303100586
583,8.831572532653809,9.374344825744629
584,8.831816673278809,9.3737211227417
585,8.831677436828613,9.37254810333252
586,8.831652641296387,9.37402057647705
587,8.831489562988281,9.373757362365723
588,8.831525802612305,9.37382984161377
589,8.83144474029541,9.373763084411621
590,8.678360939025879,9.219822883605957
591,8.678519248962402,9.219413757324219
592,8.678553581237793,9.21967601776123
593,8.678309440612793,9.21960735321045
594,8.678332328796387,9.21959400177002
595,8.678354263305664,9.219804763793945
596,8.678581237792969,9.220011711120605
597,8.678220748901367,9.218782424926758
598,8.67822265625,9.218879699707031
599,8.678470611572266,9.21898078918457
600,8.678500175476074,9.220537185668945
601,8.678414344787598,9.219449043273926
602,8.67849349975586,9.220403671264648
603,8.678337097167969,9.219918251037598
604,8.678321838378906,9.219175338745117
605,8.678491592407227,9.219475746154785
606,8.678465843200684,9.220203399658203
607,8.678430557250977,9.219385147094727
608,8.67834186553955,9.219144821166992
609,8.678226470947266,9.21959400177002
610,8.527783393859863,9.07300090789795
611,8.527610778808594,9.072821617126465
612,8.527926445007324,9.07276439666748
613,8.527935981750488,9.073039054870605
614,8.527960777282715,9.073464393615723
615,8.527767181396484,9.072601318359375
616,8.527848243713379,9.073321342468262
617,8.527833938598633,9.072840690612793
618,8.528032302856445,9.073341369628906
619,8.528075218200684,9.073315620422363
620,8.527878761291504,9.07291316986084
621,8.52790355682373,9.073208808898926
622,8.527861595153809,9.073086738586426
623,8.527734756469727,9.072403907775879
624,8.527803421020508,9.07310676574707
625,8.527826309204102,9.072704315185547
626,8.527647018432617,9.07321548461914
627,8.527749061584473,9.072357177734375
628,8.527682304382324,9.072979927062988
629,8.527844429016113,9.073077201843262
630,8.328008651733398,8.874483108520508
631,8.328195571899414,8.875118255615234
632,8.328323364257812,8.874837875366211
633,8.328239440917969,8.874231338500977
634,8.328108787536621,8.874809265136719
635,8.328121185302734,8.875358581542969
636,8.328121185302734,8.874621391296387
637,8.328277587890625,8.874427795410156
638,8.328102111816406,8.874761581420898
639,8.328206062316895,8.875161170959473
640,8.328216552734375,8.875593185424805
641,8.328272819519043,8.875799179077148
642,8.328314781188965,8.874466896057129
643,8.328207969665527,8.874105453491211
644,8.328116416931152,8.876077651977539
645,8.328194618225098,8.874920845031738
646,8.328136444091797,8.875603675842285
647,8.328167915344238,8.874967575073242
648,8.328116416931152,8.874405860900879
649,8.328299522399902,8.874917030334473
650,8.328197479248047,8.874773979187012
651,8.328078269958496,8.874971389770508
652,8.328221321105957,8.874202728271484
653,8.328289985656738,8.874344825744629
654,8.328285217285156,8.875293731689453
655,8.328052520751953,8.875350952148438
656,8.328099250793457,8.874634742736816
657,8.328242301940918,8.874405860900879
658,8.328106880187988,8.876303672790527
659,8.328408241271973,8.87509822845459
660,8.189194679260254,8.734371185302734
661,8.189085006713867,8.733843803405762
662,8.189072608947754,8.733076095581055
663,8.189190864562988,8.732512474060059
664,8.189105033874512,8.733721733093262
665,8.188962936401367,8.733649253845215
666,8.189008712768555,8.733142852783203
667,8.18889331817627,8.733186721801758
668,8.189000129699707,8.732684135437012
669,8.189029693603516,8.733281135559082
670,8.189143180847168,8.733728408813477
671,8.189422607421875,8.734210968017578
672,8.188874244689941,8.73287296295166
673,8.189208030700684,8.733589172363281
674,8.189034461975098,8.73302173614502
675,8.189177513122559,8.733148574829102
676,8.188982009887695,8.733363151550293
677,8.18920612335205,8.733922958374023
678,8.189008712768555,8.733976364135742
679,8.189337730407715,8.73365592956543
680,8.189223289489746,8.73386001586914
681,8.189264297485352,8.733475685119629
682,8.189311981201172,8.733144760131836
683,8.189054489135742,8.733200073242188
684,8.1892671585083,8.733345985412598
685,8.188860893249512,8.73397159576416
686,8.189188957214355,8.732799530029297
687,8.188897132873535,8.733541488647461
688,8.189226150512695,8.733802795410156
689,8.189189910888672,8.733321189880371
690,8.12895393371582,8.67345905303955
691,8.129213333129883,8.673654556274414
692,8.129158020019531,8.673717498779297
693,8.129158020019531,8.672521591186523
694,8.129301071166992,8.673933029174805
695,8.129405975341797,8.673770904541016
696,8.129249572753906,8.673887252807617
697,8.129293441772461,8.67355728149414
698,8.129201889038086,8.672979354858398
699,8.129222869873047,8.67355728149414
700,8.048864364624023,8.592166900634766
701,8.048770904541016,8.591506958007812
702,8.049059867858887,8.592951774597168
703,8.04871654510498,8.592117309570312
704,8.048645973205566,8.59153938293457
705,8.048874855041504,8.592741966247559
706,8.048730850219727,8.59288215637207
707,8.048971176147461,8.593113899230957
708,8.048652648925781,8.592015266418457
709,8.048696517944336,8.592569351196289
710,7.884635925292969,8.428731918334961
711,7.884509086608887,8.429210662841797
712,7.884403705596924,8.428757667541504
713,7.884735107421875,8.428173065185547
714,7.884410381317139,8.429105758666992
715,7.884479999542236,8.427850723266602
716,7.884546279907227,8.428826332092285
717,7.884529113769531,8.429117202758789
718,7.884552001953125,8.428959846496582
719,7.884456157684326,8.428023338317871
720,7.884649276733398,8.428126335144043
721,7.884616374969482,8.428229331970215
722,7.8846940994262695,8.428738594055176
723,7.884449481964111,8.428634643554688
724,7.884510040283203,8.428157806396484
725,7.884529113769531,8.428911209106445
726,7.884462833404541,8.429351806640625
727,7.884376049041748,8.429774284362793
728,7.884439945220947,8.428980827331543
729,7.884636878967285,8.428337097167969
730,7.809638023376465,8.35350227355957
731,7.809501647949219,8.354541778564453
732,7.809610366821289,8.354178428649902
733,7.809767246246338,8.353464126586914
734,7.809689521789551,8.354436874389648
735,7.809653282165527,8.354432106018066
736,7.809466361999512,8.354272842407227
737,7.809842586517334,8.354318618774414
738,7.809731960296631,8.354637145996094
739,7.809443950653076,8.354070663452148
740,7.809684753417969,8.354202270507812
741,7.809831619262695,8.353934288024902
742,7.809719085693359,8.353994369506836
743,7.809691905975342,8.353963851928711
744,7.809638977050781,8.354206085205078
745,7.809834957122803,8.353681564331055
746,7.8095269203186035,8.354333877563477
747,7.809693813323975,8.35445499420166
748,7.809649467468262,8.354487419128418
749,7.809668064117432,8.353490829467773
750,7.703691005706787,8.257271766662598
751,7.70393705368042,8.257193565368652
752,7.7041730880737305,8.256892204284668
753,7.703819274902344,8.25711727142334
754,7.7038445472717285,8.257766723632812
755,7.703871726989746,8.256489753723145
756,7.703887939453125,8.25770378112793
757,7.70383882522583,8.258075714111328
758,7.703759670257568,8.257279396057129
759,7.703801155090332,8.25761890411377
760,7.703920841217041,8.257492065429688
761,7.703943729400635,8.257294654846191
762,7.703994274139404,8.257621765136719
763,7.703668594360352,8.257622718811035
764,7.703843593597412,8.256978034973145
765,7.703588008880615,8.257514953613281
766,7.704049110412598,8.257509231567383
767,7.703876495361328,8.257377624511719
768,7.703810214996338,8.2569580078125
769,7.7039008140563965,8.258050918579102
770,7.703754425048828,8.257880210876465
771,7.703622341156006,8.257339477539062
772,7.704018592834473,8.257248878479004
773,7.704029560089111,8.257410049438477
774,7.703855037689209,8.257166862487793
775,7.703817844390869,8.25676441192627
776,7.703991889953613,8.257417678833008
777,7.703932762145996,8.257691383361816
778,7.7039408683776855,8.257487297058105
779,7.70382833480835,8.257682800292969
780,7.5361456871032715,8.087059020996094
781,7.5361809730529785,8.08756160736084
782,7.535919189453125,8.088215827941895
783,7.53611946105957,8.087642669677734
784,7.536043643951416,8.087270736694336
785,7.536038398742676,8.087276458740234
786,7.536125183105469,8.088065147399902
787,7.535977363586426,8.08834171295166
788,7.53612756729126,8.087806701660156
789,7.536199569702148,8.08735179901123
790,7.5360894203186035,8.08841323852539
791,7.535949230194092,8.08731460571289
792,7.536118507385254,8.087760925292969
793,7.536023139953613,8.087987899780273
794,7.536079406738281,8.087738037109375
795,7.536123752593994,8.087984085083008
796,7.536121368408203,8.087425231933594
797,7.535912036895752,8.086714744567871
798,7.5360493659973145,8.087467193603516
799,7.535977363586426,8.087465286254883
800,7.536030292510986,8.087181091308594
801,7.536332130432129,8.087630271911621
802,7.536068916320801,8.086949348449707
803,7.536413192749023,8.087331771850586
804,7.535862922668457,8.08768081665039
805,7.536382675170898,8.087991714477539
806,7.536214351654053,8.08749771118164
807,7.536044120788574,8.087855339050293
808,7.535872459411621,8.087311744689941
809,7.536083698272705,8.087848663330078
810,7.536359786987305,8.087682723999023
811,7.536121845245361,8.086845397949219
812,7.535731315612793,8.087982177734375
813,7.536141395568848,8.088088989257812
814,7.536270618438721,8.087966918945312
815,7.53605318069458,8.087803840637207
816,7.536271572113037,8.088225364685059
817,7.536128520965576,8.08651065826416
818,7.536246299743652,8.087794303894043
819,7.536270618438721,8.087560653686523
820,7.536142349243164,8.087996482849121
821,7.536218643188477,8.087822914123535
822,7.536106586456299,8.087957382202148
823,7.536262512207031,8.087784767150879
824,7.535974979400635,8.08736801147461
825,7.536223411560059,8.087450981140137
826,7.536158561706543,8.087766647338867
827,7.536182403564453,8.087961196899414
828,7.536083698272705,8.087376594543457
829,7.536136627197266,8.087478637695312
830,7.536046028137207,8.08779525756836
831,7.536202907562256,8.0887451171875
832,7.536112308502197,8.088473320007324
833,7.536286354064941,8.0880765914917
834,7.53623628616333,8.087635040283203
835,7.535826683044434,8.08714485168457
836,7.536000728607178,8.086859703063965
837,7.536081314086914,8.086851119995117
838,7.536008358001709,8.08811092376709
839,7.536157131195068,8.087655067443848
840,7.536117076873779,8.087699890136719
841,7.536231517791748,8.087170600891113
842,7.536083698272705,8.088189125061035
843,7.535884857177734,8.088216781616211
844,7.536252975463867,8.088061332702637
845,7.535923957824707,8.087801933288574
846,7.53606653213501,8.087591171264648
847,7.536138534545898,8.087777137756348
848,7.5361809730529785,8.08704662322998
849,7.536117076873779,8.088254928588867
850,7.536144256591797,8.088152885437012
851,7.535886287689209,8.087639808654785
852,7.535980701446533,8.087540626525879
853,7.536175727844238,8.08789348602295
854,7.535929203033447,8.087787628173828
855,7.536105632781982,8.088290214538574
856,7.536067962646484,8.087327003479004
857,7.536146640777588,8.087637901306152
858,7.536107063293457,8.087102890014648
859,7.536203861236572,8.088189125061035
860,7.536111354827881,8.087411880493164
861,7.536081790924072,8.087041854858398
862,7.536005020141602,8.087748527526855
863,7.536109924316406,8.088153839111328
864,7.53608512878418,8.087873458862305
865,7.536218643188477,8.088174819946289
866,7.53619384765625,8.087088584899902
867,7.535811424255371,8.087862014770508
868,7.536184787750244,8.08748722076416
869,7.536387920379639,8.087883949279785
870,7.452768325805664,8.008777618408203
871,7.45305061340332,8.008180618286133
872,7.453031063079834,8.008108139038086
873,7.4526848793029785,8.007155418395996
874,7.452805995941162,8.00761604309082
875,7.452919006347656,8.00776195526123
876,7.452834606170654,8.007729530334473
877,7.452796936035156,8.007894515991211
878,7.452895164489746,8.00707721710205
879,7.452704906463623,8.007890701293945
880,7.450235843658447,8.003079414367676
881,7.450266361236572,8.00301456451416
882,7.450129508972168,8.003180503845215
883,7.4503350257873535,8.002748489379883
884,7.45030403137207,8.002334594726562
885,7.45037841796875,8.003742218017578
886,7.450207233428955,8.00248908996582
887,7.450228691101074,8.00365924835205
888,7.450301647186279,8.002824783325195
889,7.450263023376465,8.00322437286377
890,7.325538635253906,7.877711296081543
891,7.325523853302002,7.877719879150391
892,7.3257365226745605,7.878400802612305
893,7.325534343719482,7.879055500030518
894,7.325408458709717,7.8777289390563965
895,7.3253021240234375,7.878747940063477
896,7.3256120681762695,7.877718925476074
897,7.325547695159912,7.877859115600586
898,7.3256916999816895,7.878110885620117
899,7.325372695922852,7.8778462409973145
900,7.22806453704834,7.781807899475098
901,7.228209495544434,7.780606269836426
902,7.228229999542236,7.781057357788086
903,7.228026866912842,7.781913757324219
904,7.228066444396973,7.780961513519287
905,7.228092670440674,7.781131744384766
906,7.227875709533691,7.781643390655518
907,7.2282395362854,7.781184673309326
908,7.228010654449463,7.781410217285156
909,7.2277655601501465,7.781292915344238
910,7.228193759918213,7.780390739440918
911,7.228222370147705,7.780537128448486
912,7.228239059448242,7.781248092651367
913,7.2282609939575195,7.781145095825195
914,7.228041648864746,7.78145694732666
915,7.228344440460205,7.781367778778076
916,7.228104114532471,7.781709671020508
917,7.2281012535095215,7.781009674072266
918,7.228226661682129,7.781641483306885
919,7.22817850112915,7.78090238571167
920,7.228157043457031,7.781184673309326
921,7.2282209396362305,7.781285285949707
922,7.227986812591553,7.781962871551514
923,7.228229999542236,7.781052589416504
924,7.228102207183838,7.781227111816406
925,7.228532314300537,7.780794620513916
926,7.228117942810059,7.781165599822998
927,7.228029727935791,7.781831741333008
928,7.228332042694092,7.781425476074219
929,7.228122711181641,7.780681133270264
930,7.228219985961914,7.7815117835998535
931,7.228300094604492,7.781352996826172
932,7.228055477142334,7.780778408050537
933,7.228112697601318,7.780880451202393
934,7.228151321411133,7.780721664428711
935,7.228089809417725,7.781116962432861
936,7.2279558181762695,7.781111240386963
937,7.228147029876709,7.782059192657471
938,7.228059768676758,7.780896186828613
939,7.2280778884887695,7.781528472900391
940,7.227908611297607,7.780962944030762
941,7.228269100189209,7.781698703765869
942,7.22806978225708,7.781042098999023
943,7.228176593780518,7.781338691711426
944,7.227950096130371,7.780747413635254
945,7.22814416885376,7.781482696533203
946,7.228308200836182,7.782162666320801
947,7.228067874908447,7.781924247741699
948,7.2281880378723145,7.781219005584717
949,7.227995872497559,7.780883312225342
950,7.22812032699585,7.780468463897705
951,7.228089332580566,7.781468391418457
952,7.228299140930176,7.781469821929932
953,7.228064060211182,7.780368804931641
954,7.228299140930176,7.780762672424316
955,7.228277206420898,7.780947685241699
956,7.2278971672058105,7.78073787689209
957,7.228016376495361,7.782034397125244
958,7.228209972381592,7.78119421005249
959,7.228039264678955,7.781295299530029
960,7.22833776473999,7.781406879425049
961,7.227735996246338,7.781431674957275
962,7.228163719177246,7.780527591705322
963,7.228253364562988,7.7812395095825195
964,7.22817850112915,7.781189441680908
965,7.228257656097412,7.780318260192871
966,7.228439807891846,7.781243801116943
967,7.228194713592529,7.781386375427246
968,7.228085994720459,7.78158712387085
969,7.228268146514893,7.7814178466796875
970,7.101245880126953,7.657073020935059
971,7.101287841796875,7.656200885772705
972,7.101325988769531,7.657341957092285
973,7.101276397705078,7.656200885772705
974,7.101321220397949,7.656863689422607
975,7.1012654304504395,7.656369209289551
976,7.101352214813232,7.65731954574585
977,7.101401329040527,7.65681266784668
978,7.101286888122559,7.656233787536621
979,7.1014404296875,7.656315803527832
980,7.101215839385986,7.656314849853516
981,7.101369380950928,7.656146049499512
982,7.101283550262451,7.656571388244629
983,7.101219177246094,7.656940460205078
984,7.100947380065918,7.657224178314209
985,7.101058006286621,7.657750129699707
986,7.10133695602417,7.656850814819336
987,7.101205348968506,7.657073497772217
988,7.101069450378418,7.655987739562988
989,7.10148811340332,7.65641975402832
990,7.101184844970703,7.6561598777771
991,7.101286888122559,7.6565680503845215
992,7.101211071014404,7.6567559242248535
993,7.101211071014404,7.655826091766357
994,7.101372718811035,7.655517101287842
995,7.101173400878906,7.656785011291504
996,7.1013383865356445,7.656002044677734
997,7.101301670074463,7.656571865081787
998,7.101357460021973,7.656551361083984
999,7.101363182067871,7.656736373901367
