epoch,loss,val_loss
0,46.308990478515625,42.13042449951172
1,45.45521545410156,43.08295440673828
2,44.687435150146484,40.694297790527344
3,44.39836502075195,38.42634201049805
4,43.909812927246094,38.11050033569336
5,42.781063079833984,36.879486083984375
6,40.87428283691406,34.164520263671875
7,37.38115310668945,29.35567283630371
8,31.76757049560547,25.015907287597656
9,25.351640701293945,19.143545150756836
10,17.02657699584961,15.849273681640625
11,14.722763061523438,13.859125137329102
12,13.404358863830566,12.524999618530273
13,12.685446739196777,11.141830444335938
14,12.26469612121582,9.974008560180664
15,12.004465103149414,9.987325668334961
16,11.786999702453613,9.225448608398438
17,11.340710639953613,8.715526580810547
18,11.170710563659668,8.589613914489746
19,10.993720054626465,8.475814819335938
20,9.820404052734375,7.408012390136719
21,9.638976097106934,7.255138874053955
22,9.462421417236328,7.022679805755615
23,9.257017135620117,6.9954376220703125
24,9.13770866394043,6.879878044128418
25,9.075218200683594,6.834000587463379
26,9.014792442321777,6.848933696746826
27,8.981934547424316,6.78818941116333
28,9.043985366821289,6.753900051116943
29,9.025619506835938,6.728832721710205
30,8.655485153198242,6.297704219818115
31,8.50781536102295,6.330768585205078
32,8.472064971923828,6.407800674438477
33,8.408971786499023,6.331423282623291
34,8.502869606018066,6.4061384201049805
35,8.54995346069336,6.303090572357178
36,8.573760986328125,6.314157009124756
37,8.568305015563965,6.2921061515808105
38,8.610673904418945,6.3107428550720215
39,8.636981964111328,6.52062463760376
40,8.254243850708008,6.442061424255371
41,8.234591484069824,5.98829460144043
42,8.20937728881836,6.0032196044921875
43,8.198949813842773,6.003712177276611
44,8.204137802124023,6.087040901184082
45,8.116386413574219,6.118177890777588
46,8.16232681274414,5.961691379547119
47,8.157099723815918,5.982295036315918
48,8.099115371704102,5.979097843170166
49,8.168783187866211,6.03859806060791
50,7.867133140563965,5.760524749755859
51,7.913601398468018,5.777921199798584
52,7.862395286560059,5.788132667541504
53,7.831440448760986,5.745988368988037
54,7.816723346710205,5.765470504760742
55,7.8060302734375,5.758813858032227
56,7.763906478881836,5.758148193359375
57,7.792430877685547,5.764232158660889
58,7.7671942710876465,5.790013790130615
59,7.774393558502197,6.04084587097168
60,7.556513786315918,5.619858741760254
61,7.468374252319336,5.783637046813965
62,7.529576301574707,5.616122245788574
63,7.61093807220459,5.653524875640869
64,7.541000843048096,5.731836795806885
65,7.7139177322387695,5.683633327484131
66,7.79603910446167,5.691830158233643
67,7.859043121337891,5.657845973968506
68,7.8148980140686035,5.647017002105713
69,7.788411617279053,5.749474048614502
70,7.645799160003662,5.549211025238037
71,7.599755764007568,5.465565204620361
72,7.5750908851623535,5.6487579345703125
73,7.581483840942383,5.474812984466553
74,7.53746223449707,5.491374969482422
75,7.597380638122559,5.51230525970459
76,7.507248401641846,5.461482524871826
77,7.532066345214844,5.507471084594727
78,7.489615440368652,5.462320327758789
79,7.427158355712891,5.483940124511719
80,7.436454772949219,5.557808876037598
81,7.4007158279418945,5.4342570304870605
82,7.439864635467529,5.704351425170898
83,7.41370964050293,5.4061665534973145
84,7.425157070159912,5.444167137145996
85,7.328173637390137,5.428738594055176
86,7.2751007080078125,5.438441753387451
87,7.229033946990967,5.562713146209717
88,7.292773723602295,5.4396562576293945
89,7.290500164031982,5.514047145843506
90,7.218455791473389,5.47486686706543
91,7.185887336730957,5.508470058441162
92,7.178859710693359,5.37320613861084
93,7.460233688354492,5.363757610321045
94,7.298627853393555,5.336359977722168
95,7.312180995941162,5.6798577308654785
96,7.5026092529296875,5.635155200958252
97,7.498785495758057,5.698848247528076
98,7.4061970710754395,5.382255554199219
99,7.264986038208008,5.353052616119385
100,7.235889911651611,5.505966663360596
101,7.245654582977295,5.265059947967529
102,7.249067306518555,5.644282341003418
103,7.337213516235352,5.332553863525391
104,7.315931797027588,5.433654308319092
105,7.388162136077881,5.271331787109375
106,7.557482719421387,5.302988529205322
107,7.469953536987305,5.295553684234619
108,7.439846515655518,5.424912929534912
109,7.4890456199646,5.540241718292236
110,7.413021087646484,5.214754581451416
111,7.4081196784973145,5.223608493804932
112,7.428211212158203,5.295005798339844
113,7.443633079528809,5.240594863891602
114,7.407666206359863,5.230586051940918
115,7.405752658843994,5.502268314361572
116,7.473237037658691,5.202643394470215
117,7.429852485656738,5.309548854827881
118,7.447527885437012,5.211847305297852
119,7.439925670623779,5.259099006652832
120,7.506978511810303,7.282172679901123
121,7.776358127593994,5.347848892211914
122,7.761576175689697,5.51341438293457
123,7.7318878173828125,5.619185447692871
124,7.710762023925781,5.60062313079834
125,7.785790920257568,5.3755574226379395
126,7.65795373916626,5.528060436248779
127,7.639659881591797,5.322665214538574
128,7.6914262771606445,5.412336826324463
129,7.650632381439209,5.316905975341797
130,7.598515510559082,5.172593593597412
131,7.554703235626221,5.3567609786987305
132,7.568226337432861,5.16461181640625
133,7.549548149108887,5.330695152282715
134,7.54849100112915,5.50333833694458
135,7.5231170654296875,5.1683831214904785
136,7.568921089172363,5.599654197692871
137,7.562852382659912,5.366658687591553
138,7.572384357452393,5.281845569610596
139,7.540619373321533,5.185977935791016
140,7.557538986206055,5.178555965423584
141,7.5640459060668945,5.3407979011535645
142,7.611937999725342,5.365320682525635
143,7.576415061950684,5.334761619567871
144,7.574550628662109,5.215118885040283
145,7.540186405181885,5.192661762237549
146,7.617452144622803,5.375977516174316
147,7.51343297958374,5.209839820861816
148,7.5531463623046875,5.229821681976318
149,7.624481678009033,5.197056293487549
150,7.494219779968262,5.28325891494751
151,7.4948225021362305,5.2363128662109375
152,7.480117321014404,5.926468849182129
153,7.507474422454834,5.164949417114258
154,7.516377925872803,5.2693867683410645
155,7.513698101043701,5.227406024932861
156,7.521392345428467,5.198054313659668
157,7.498098373413086,5.239668846130371
158,7.489728927612305,5.41532039642334
159,7.467651844024658,5.288858413696289
160,7.462761878967285,5.153356075286865
161,7.465280532836914,5.291293144226074
162,7.482882022857666,5.351008892059326
163,7.511256694793701,5.245136260986328
164,7.441293716430664,5.126373767852783
165,7.486676216125488,5.172297954559326
166,7.453758716583252,5.176139831542969
167,7.46579647064209,5.535238265991211
168,7.470252990722656,5.273212909698486
169,7.460300445556641,5.411882400512695
170,7.41748046875,5.331334590911865
171,7.418277740478516,5.340056419372559
172,7.453610897064209,5.29299259185791
173,7.4444780349731445,5.4179158210754395
174,7.404911041259766,5.545034885406494
175,7.446930408477783,5.373304843902588
176,7.45375919342041,5.236207962036133
177,7.418142318725586,5.212556838989258
178,7.405259609222412,5.154001712799072
179,7.4523515701293945,5.1228108406066895
180,7.380736827850342,5.098058223724365
181,7.381028652191162,5.24606990814209
182,7.398795127868652,5.511384963989258
183,7.377470970153809,5.083553314208984
184,7.407455921173096,5.083349227905273
185,7.406620979309082,5.5533552169799805
186,7.37035608291626,5.459988594055176
187,7.353693008422852,5.087799072265625
188,7.363154411315918,5.415304660797119
189,7.385805130004883,5.096181392669678
190,7.328400611877441,5.307423114776611
191,7.34990119934082,5.052280426025391
192,7.354950428009033,5.138145446777344
193,7.330630302429199,5.063026428222656
194,7.314542770385742,5.214311122894287
195,7.319169521331787,5.284936904907227
196,7.362584114074707,5.08233642578125
197,7.372940540313721,5.271167278289795
198,7.2919135093688965,5.182039260864258
199,7.347231864929199,5.134628772735596
200,7.36636209487915,5.429686069488525
201,7.281271457672119,5.0977559089660645
202,7.31814432144165,5.430936813354492
203,7.32871150970459,5.202628135681152
204,7.336180686950684,5.068303108215332
205,7.2761549949646,5.1474609375
206,7.286668300628662,5.527379512786865
207,7.665984153747559,5.110090255737305
208,7.416760444641113,5.2544121742248535
209,7.41506814956665,5.245638370513916
210,7.419299602508545,5.334917068481445
211,7.415923118591309,5.524100303649902
212,7.394679069519043,5.495670318603516
213,7.363862991333008,5.194293975830078
214,7.403458118438721,5.10121488571167
215,7.397037029266357,5.282251834869385
216,7.341721534729004,5.1798319816589355
217,7.372797012329102,5.5205302238464355
218,7.379153728485107,5.4085373878479
219,7.35985803604126,5.082639694213867
220,7.383238792419434,5.097722053527832
221,7.346156120300293,5.201992988586426
222,7.367684841156006,5.271915435791016
223,7.3502726554870605,5.095463752746582
224,7.3326416015625,5.158994197845459
225,7.331336498260498,5.487826824188232
226,7.357234001159668,5.073723793029785
227,7.304699897766113,5.372919082641602
228,7.286322593688965,5.223592281341553
229,7.343496322631836,5.181366443634033
230,7.2758965492248535,5.133570194244385
231,7.234060287475586,5.0779709815979
232,7.290343284606934,5.282625675201416
233,7.2014384269714355,5.13486909866333
234,7.232956886291504,5.107198715209961
235,7.2177581787109375,5.208376407623291
236,7.246741771697998,5.364354610443115
237,7.246851444244385,5.5268402099609375
238,7.24301815032959,5.235430717468262
239,7.261354446411133,5.180231094360352
240,7.237382411956787,5.141885757446289
241,7.259642601013184,5.155173301696777
242,7.2434306144714355,5.138293266296387
243,7.212284088134766,5.208407402038574
244,7.290978908538818,5.147196292877197
245,7.221941947937012,6.029129505157471
246,7.237493991851807,5.3579864501953125
247,7.234175205230713,5.389078617095947
248,7.265560626983643,5.033572196960449
249,7.189877986907959,5.0836663246154785
250,7.180627346038818,5.250577926635742
251,7.1704888343811035,5.113283157348633
252,7.216202259063721,5.138763904571533
253,7.181764602661133,5.407634258270264
254,7.187417507171631,5.111325740814209
255,7.224231719970703,5.012301921844482
256,7.182971954345703,5.225604057312012
257,7.200896739959717,5.407143592834473
258,7.189735412597656,5.227725982666016
259,7.1852946281433105,5.325543403625488
260,7.218631267547607,5.074202060699463
261,7.178230285644531,5.065192222595215
262,7.186590671539307,5.149201393127441
263,7.1655097007751465,5.217709064483643
264,7.233947277069092,5.01435661315918
265,7.173376560211182,5.291048526763916
266,7.197611331939697,5.071577548980713
267,7.184657573699951,5.363222599029541
268,7.18582820892334,5.098932266235352
269,7.194873332977295,5.04144287109375
270,7.177531719207764,5.219197750091553
271,7.212989807128906,5.107083320617676
272,7.167911529541016,5.384085178375244
273,7.259936809539795,5.253604888916016
274,7.171173572540283,5.390110492706299
275,7.235748767852783,5.148390769958496
276,7.229660987854004,5.047111511230469
277,7.211426258087158,5.145966529846191
278,7.209104537963867,5.207514762878418
279,7.160937309265137,5.2831878662109375
280,7.170380115509033,5.256837844848633
281,7.223115921020508,5.1949872970581055
282,7.200120449066162,5.190101623535156
283,7.18270206451416,5.126023292541504
284,7.166776180267334,5.107272624969482
285,7.194083213806152,5.641289710998535
286,7.19370698928833,5.223483085632324
287,7.200989723205566,5.148015975952148
288,7.1881256103515625,5.045594215393066
289,7.211137294769287,5.157327175140381
290,7.136395454406738,5.3063507080078125
291,7.123773097991943,5.04320764541626
292,7.154485702514648,4.976210117340088
293,7.130819797515869,5.242285251617432
294,7.161623477935791,5.157742023468018
295,7.142256259918213,5.445761203765869
296,7.1481499671936035,5.196583271026611
297,7.1833062171936035,5.126891613006592
298,7.122056484222412,5.078965663909912
299,7.149054527282715,5.286864280700684
300,7.124240398406982,5.4107666015625
301,7.226284503936768,4.987030506134033
302,7.1366424560546875,5.212974548339844
303,7.165193557739258,5.0064239501953125
304,7.148286819458008,5.0759196281433105
305,7.151483535766602,5.220712184906006
306,7.221693992614746,5.0696234703063965
307,7.170575141906738,5.193691253662109
308,7.145979404449463,5.087305545806885
309,7.165157318115234,5.4324822425842285
310,7.163241863250732,5.353939056396484
311,7.155113220214844,5.4518303871154785
312,7.209341526031494,5.104091167449951
313,7.196387767791748,4.982333183288574
314,7.14331579208374,5.4278740882873535
315,7.158816337585449,5.258344650268555
316,7.221688270568848,4.990556716918945
317,7.168785572052002,5.359737873077393
318,7.114877700805664,5.247970104217529
319,7.121246814727783,5.177286148071289
320,7.123122692108154,5.0120697021484375
321,7.124612808227539,5.0469207763671875
322,7.1309356689453125,4.935518264770508
323,7.118373394012451,5.042423248291016
324,7.177095890045166,4.953524589538574
325,7.108772277832031,5.2916412353515625
326,7.083549499511719,5.222618579864502
327,7.1280598640441895,4.998574733734131
328,7.104164123535156,5.342245578765869
329,7.0819993019104,5.309096813201904
330,7.095261096954346,4.933935642242432
331,7.090582847595215,5.535873889923096
332,7.163275718688965,4.937050819396973
333,7.107569694519043,5.474308013916016
334,7.08443546295166,5.182445526123047
335,7.070309638977051,5.029204845428467
336,7.051859378814697,5.015379905700684
337,7.1066203117370605,5.4501729011535645
338,7.173219680786133,5.0228047370910645
339,7.100320816040039,5.153559684753418
340,7.045516490936279,4.952230930328369
341,7.028186798095703,4.893092632293701
342,6.998451232910156,4.9803900718688965
343,7.060856819152832,4.919029712677002
344,7.232317924499512,5.31954288482666
345,7.058698654174805,5.053448677062988
346,7.0350542068481445,5.154256343841553
347,7.060111045837402,4.884535789489746
348,7.000529766082764,5.2809834480285645
349,7.01346492767334,4.945242404937744
350,7.031441688537598,5.1299872398376465
351,7.051080703735352,4.923422336578369
352,6.984823703765869,4.984653949737549
353,7.006068706512451,4.962282657623291
354,6.994997978210449,5.284139156341553
355,7.034756183624268,4.996891021728516
356,7.001593112945557,5.149499893188477
357,7.018035411834717,5.083249568939209
358,7.045721054077148,4.9208173751831055
359,6.985352039337158,5.129437446594238
360,7.019964694976807,4.976301193237305
361,7.008977890014648,5.035379409790039
362,7.02904748916626,5.432162761688232
363,6.986481666564941,5.063950061798096
364,7.013134956359863,5.010660171508789
365,7.011730194091797,5.146754264831543
366,6.962817192077637,4.991704940795898
367,6.996352195739746,5.128676414489746
368,6.987188339233398,5.008212566375732
369,7.014461517333984,4.950118064880371
370,6.945355415344238,5.192301273345947
371,6.940746307373047,5.243931293487549
372,7.00369930267334,5.078225135803223
373,6.989016532897949,4.882590293884277
374,7.000548839569092,4.923648834228516
375,6.977774620056152,5.222238063812256
376,6.980040550231934,5.394321918487549
377,7.067121505737305,4.964130401611328
378,7.0195231437683105,5.28481912612915
379,7.017455577850342,5.055268287658691
380,6.940690517425537,5.409731388092041
381,7.002487659454346,4.890483856201172
382,6.943542003631592,5.271975517272949
383,6.979117393493652,5.1552581787109375
384,6.985645294189453,5.217822074890137
385,7.011976718902588,4.910081386566162
386,6.988073825836182,4.94675350189209
387,6.96672248840332,4.9027557373046875
388,7.019777297973633,4.9317169189453125
389,6.990891456604004,5.160254955291748
390,6.976130485534668,4.88293981552124
391,6.971354007720947,5.31484842300415
392,6.969770431518555,5.2753520011901855
393,7.00352668762207,4.868436336517334
394,6.968663692474365,4.923116683959961
395,6.971014976501465,4.9594831466674805
396,6.960248947143555,4.872389793395996
397,6.996707439422607,5.048289775848389
398,6.987329006195068,5.046555519104004
399,6.958858489990234,4.904793739318848
400,6.95478630065918,4.916355609893799
401,6.930704593658447,5.1062421798706055
402,6.9833221435546875,5.01009464263916
403,7.008525371551514,4.912160396575928
404,6.929285526275635,5.098427772521973
405,6.950698375701904,5.222865581512451
406,6.9337382316589355,5.01825475692749
407,6.982660293579102,4.8684234619140625
408,6.967423915863037,5.219103813171387
409,6.9394850730896,4.8842620849609375
410,6.98441219329834,5.124762535095215
411,6.957223892211914,5.284443378448486
412,6.969803333282471,5.118241310119629
413,6.995919704437256,4.869569778442383
414,6.983913898468018,5.045670032501221
415,6.965831279754639,5.136727809906006
416,6.9223103523254395,5.073763847351074
417,6.944498538970947,4.953753471374512
418,6.9589948654174805,4.9569292068481445
419,6.9957275390625,5.096798896789551
420,6.998394966125488,4.905760765075684
421,6.978111743927002,4.934813499450684
422,6.999805927276611,5.211453914642334
423,6.98866081237793,5.0489115715026855
424,6.971135139465332,5.132142066955566
425,6.973355770111084,4.912132263183594
426,6.97451639175415,4.938262939453125
427,6.968798637390137,5.093601226806641
428,7.031113147735596,4.951566696166992
429,6.969418048858643,4.950682640075684
430,6.9687724113464355,5.177088260650635
431,7.004347324371338,5.171363353729248
432,6.970407009124756,5.096751689910889
433,6.987824440002441,5.217818737030029
434,6.953327655792236,5.225830078125
435,6.941991329193115,4.9576921463012695
436,6.959414005279541,5.02397346496582
437,7.0016913414001465,4.989095211029053
438,6.95802640914917,5.176191806793213
439,6.935323238372803,5.039225101470947
440,6.954014778137207,5.087782859802246
441,7.00675630569458,4.967375755310059
442,6.977334976196289,5.032717227935791
443,6.947187423706055,5.130848407745361
444,6.960259437561035,4.864064693450928
445,6.990200519561768,5.214512825012207
446,6.948358058929443,5.140384674072266
447,6.989570617675781,4.866058349609375
448,6.946933746337891,4.870608329772949
449,6.910566329956055,5.086912631988525
450,7.027481555938721,4.97554874420166
451,6.933945655822754,4.97096061706543
452,6.935615539550781,5.60830020904541
453,6.966599941253662,5.05119514465332
454,6.962984561920166,5.364599227905273
455,6.955655574798584,4.883113861083984
456,6.941208362579346,5.130654811859131
457,6.985566139221191,5.225118160247803
458,7.000872611999512,4.907830238342285
459,6.974032878875732,5.163825035095215
460,6.960816383361816,4.976004123687744
461,6.931920051574707,4.960232257843018
462,6.9572906494140625,5.168525695800781
463,6.960238933563232,5.0237135887146
464,6.939944267272949,5.167391300201416
465,6.941261291503906,5.054064750671387
466,6.973238468170166,4.865982532501221
467,6.945215702056885,4.967341899871826
468,6.992131233215332,5.077001571655273
469,6.969991683959961,4.888875484466553
470,7.029325485229492,4.881359100341797
471,6.984166622161865,5.4657087326049805
472,7.000944137573242,4.880728244781494
473,6.957755088806152,4.972714424133301
474,6.9105610847473145,5.258950233459473
475,6.950652599334717,4.877080917358398
476,6.9534149169921875,5.314038276672363
477,6.918905258178711,5.112328052520752
478,6.912435531616211,5.005423069000244
479,6.911375999450684,5.188537120819092
480,6.993535041809082,5.1578264236450195
481,6.964107990264893,4.883880615234375
482,6.922937870025635,4.943483829498291
483,6.900275230407715,5.3971099853515625
484,6.984217643737793,5.040526866912842
485,6.929166316986084,5.1642985343933105
486,6.929182529449463,5.0390944480896
487,6.936418056488037,5.177550792694092
488,6.961658000946045,5.09548282623291
489,6.953177452087402,4.87997579574585
490,6.91698694229126,4.931957244873047
491,6.921596050262451,4.921412467956543
492,6.880409240722656,5.021337985992432
493,6.907238960266113,5.079637050628662
494,6.889974594116211,5.201759338378906
495,6.896127223968506,5.205608367919922
496,6.967310428619385,4.879453182220459
497,6.902306079864502,5.252348899841309
498,6.933069705963135,5.137899398803711
499,6.919702053070068,5.055109977722168
500,6.915915012359619,4.977792739868164
501,6.929732799530029,4.881147861480713
502,6.9171037673950195,5.234562873840332
503,6.886212348937988,4.988264083862305
504,6.865960121154785,4.86318826675415
505,6.916274547576904,4.8428826332092285
506,6.897056579589844,4.964817047119141
507,6.90898323059082,5.196817874908447
508,6.941816806793213,5.013336181640625
509,6.939744472503662,4.8684868812561035
510,6.8764729499816895,5.5282769203186035
511,6.935431003570557,5.027849197387695
512,6.9075236320495605,5.371930122375488
513,6.8966851234436035,5.0347466468811035
514,6.876790523529053,4.919331073760986
515,6.90194845199585,5.101519584655762
516,6.923555850982666,4.952435493469238
517,6.908670902252197,4.935847759246826
518,6.899508953094482,5.207612037658691
519,6.904901504516602,5.148838520050049
520,6.928156852722168,4.918597221374512
521,6.875288009643555,5.230607032775879
522,6.947626113891602,4.9189772605896
523,6.94252347946167,5.322051525115967
524,6.9294843673706055,4.91103458404541
525,6.901151657104492,5.292476654052734
526,6.92876672744751,5.002811431884766
527,6.89824104309082,5.423962593078613
528,6.889101982116699,5.093147277832031
529,6.923347473144531,5.102444171905518
530,6.892665863037109,5.020252227783203
531,6.903512954711914,5.342254638671875
532,6.939187526702881,5.066122531890869
533,6.872754096984863,4.877922534942627
534,6.957208633422852,4.934375762939453
535,6.8877739906311035,4.878779888153076
536,6.90701961517334,5.140851020812988
537,6.905506610870361,5.324967861175537
538,6.892749786376953,4.869064807891846
539,6.917805194854736,5.427821159362793
540,6.876883506774902,5.193958759307861
541,6.908825397491455,5.237924098968506
542,6.881062984466553,4.994752407073975
543,6.8580217361450195,5.107229232788086
544,6.905008316040039,5.094102382659912
545,6.946645736694336,4.925571918487549
546,6.880650520324707,4.999751091003418
547,6.876739978790283,4.994443893432617
548,6.893681526184082,4.9224853515625
549,6.874853610992432,5.3756561279296875
550,6.8728437423706055,5.432626724243164
551,6.874942302703857,4.89675235748291
552,6.858419895172119,5.15187931060791
553,6.942352771759033,5.392816066741943
554,6.8883137702941895,4.966940879821777
555,6.941506862640381,5.077104568481445
556,6.884132385253906,5.075417518615723
557,6.91951322555542,5.021005630493164
558,6.91459846496582,4.903487205505371
559,6.902220726013184,4.919744491577148
560,6.914207458496094,5.0939507484436035
561,6.8983154296875,5.104701042175293
562,6.926563262939453,5.051417827606201
563,6.924380302429199,5.381554126739502
564,6.891883373260498,5.3195366859436035
565,6.900778293609619,4.944553375244141
566,6.892575740814209,4.906623363494873
567,6.912760257720947,4.931787490844727
568,6.901163578033447,5.087209701538086
569,6.893409729003906,5.223194122314453
570,6.877574920654297,5.140659809112549
571,6.883405685424805,5.17066764831543
572,6.8980021476745605,5.203446865081787
573,6.860145568847656,5.127789497375488
574,6.861552715301514,4.917757511138916
575,6.900182247161865,5.385440349578857
576,6.875837326049805,5.076412200927734
577,6.850559711456299,5.28903341293335
578,6.871030330657959,5.011009216308594
579,6.866324424743652,5.560376167297363
580,6.868210792541504,4.89063024520874
581,6.842489242553711,4.988735198974609
582,6.866491794586182,5.037893772125244
583,6.861677169799805,4.9750518798828125
584,6.881105899810791,5.073349952697754
585,6.852307319641113,5.318912506103516
586,6.8702006340026855,5.133726596832275
587,6.889881610870361,5.301100730895996
588,6.873431205749512,4.947154521942139
589,6.879664897918701,4.853111743927002
590,6.882030963897705,4.813714981079102
591,6.8803300857543945,5.312994003295898
592,6.864334583282471,4.870855808258057
593,6.841435432434082,5.376931190490723
594,6.868704319000244,5.054262638092041
595,6.862735748291016,5.232913017272949
596,6.846789360046387,4.9599690437316895
597,6.824732303619385,5.0060272216796875
598,6.8613433837890625,5.04183292388916
599,6.8487396240234375,5.2589592933654785
600,6.817897796630859,4.830242156982422
601,6.857834339141846,5.051433563232422
602,6.876645088195801,4.998037815093994
603,6.895410060882568,5.068998336791992
604,6.884843826293945,5.408600330352783
605,6.868337631225586,4.84522819519043
606,6.847900390625,4.809992790222168
607,6.8474297523498535,5.240838527679443
608,6.8253397941589355,4.8990159034729
609,6.883592128753662,5.027935028076172
610,6.834571361541748,5.012141704559326
611,6.89155387878418,4.846259117126465
612,6.843066692352295,4.961333751678467
613,6.837616443634033,5.0848212242126465
614,6.859496116638184,5.332505226135254
615,6.868448257446289,5.075355529785156
616,6.8475165367126465,4.928722858428955
617,6.843343734741211,5.235317230224609
618,6.839323043823242,4.9452338218688965
619,6.844808578491211,4.853598594665527
620,6.84470796585083,4.845086574554443
621,6.847743511199951,4.99978494644165
622,6.850786209106445,4.817797660827637
623,6.82004451751709,4.923500061035156
624,6.868405818939209,5.098233222961426
625,6.915234565734863,5.221811771392822
626,6.8095622062683105,4.946544170379639
627,6.87616491317749,5.153146266937256
628,6.8402276039123535,4.889483451843262
629,6.826173782348633,5.074149131774902
630,6.821480751037598,5.478503704071045
631,6.850940704345703,4.882473468780518
632,6.841030597686768,5.206615447998047
633,6.831936359405518,5.028244972229004
634,6.840283393859863,4.9828033447265625
635,6.849723815917969,4.9456634521484375
636,6.850025653839111,5.01090145111084
637,6.8041462898254395,5.091804504394531
638,6.843337535858154,4.924627780914307
639,6.8169355392456055,5.135891437530518
640,6.84285306930542,5.080443859100342
641,6.862977981567383,4.8882598876953125
642,6.87635612487793,4.833835601806641
643,6.883335590362549,4.9126057624816895
644,6.834789752960205,4.978451728820801
645,6.868420124053955,4.903143405914307
646,6.877685070037842,5.242315769195557
647,6.8483052253723145,4.981956481933594
648,6.851959705352783,4.974369525909424
649,6.856951713562012,5.143862247467041
650,6.862260818481445,4.8606414794921875
651,6.862375259399414,5.241061687469482
652,6.87183141708374,5.19526481628418
653,6.885436058044434,5.56076717376709
654,6.844644546508789,4.949430465698242
655,6.84432315826416,5.042109966278076
656,6.912507057189941,4.954699993133545
657,6.868922710418701,5.082314968109131
658,6.829371452331543,4.934178829193115
659,6.83104133605957,5.302699089050293
660,6.811000347137451,5.0608625411987305
661,6.770545482635498,5.0871500968933105
662,6.845261573791504,4.821796417236328
663,6.829373836517334,4.913511753082275
664,6.818202495574951,5.21707820892334
665,6.840695858001709,5.23157262802124
666,6.844180583953857,4.900583267211914
667,6.83455228805542,4.846573829650879
668,6.821937084197998,5.121402263641357
669,6.805690765380859,5.178686141967773
670,6.835737228393555,5.038604736328125
671,6.846752166748047,4.910883903503418
672,6.797618389129639,4.950533866882324
673,6.867141246795654,4.941460132598877
674,6.837314128875732,4.981764793395996
675,6.86925745010376,4.995966911315918
676,6.908216953277588,4.8715410232543945
677,6.868608474731445,5.0020599365234375
678,6.843526363372803,4.914478778839111
679,6.8642659187316895,5.179018497467041
680,6.862448215484619,4.864107131958008
681,6.9282450675964355,5.004331111907959
682,6.7971110343933105,4.901034355163574
683,6.770986557006836,5.173807144165039
684,6.8220014572143555,4.970448970794678
685,6.888795852661133,4.808948993682861
686,6.802413463592529,5.049818992614746
687,6.7969160079956055,4.885086536407471
688,6.876124382019043,5.09913444519043
689,6.814551830291748,4.9790358543396
690,6.829125881195068,4.8417534828186035
691,6.818008899688721,5.2971954345703125
692,6.8006439208984375,5.04460334777832
693,6.847516059875488,5.1209845542907715
694,6.771812438964844,5.093954086303711
695,6.81876802444458,4.791275501251221
696,6.820157527923584,5.253866672515869
697,6.80845832824707,4.937259197235107
698,6.792534828186035,5.004799842834473
699,6.856953144073486,5.175848960876465
700,6.796706199645996,4.996204376220703
701,6.818689823150635,5.027188777923584
702,6.838964939117432,4.9825439453125
703,6.834547519683838,4.796674728393555
704,6.855325222015381,4.940227508544922
705,6.8149614334106445,5.105762004852295
706,6.773982048034668,5.035699844360352
707,6.851098537445068,4.80124568939209
708,6.824462413787842,4.854609489440918
709,6.829282760620117,4.799899101257324
710,6.770460605621338,5.324225902557373
711,6.748392581939697,5.185654640197754
712,6.76259708404541,5.038605690002441
713,6.772923946380615,4.898437976837158
714,6.774991989135742,4.84257173538208
715,6.739008903503418,5.0931243896484375
716,6.7058210372924805,4.756941795349121
717,6.7717061042785645,5.021609306335449
718,6.713438987731934,4.920429706573486
719,6.814579963684082,4.969416618347168
720,6.739637851715088,4.9389190673828125
721,6.757425308227539,4.825006008148193
722,6.7399210929870605,4.969858169555664
723,6.768205165863037,4.931262969970703
724,6.7393646240234375,4.898059844970703
725,6.760949611663818,5.111384391784668
726,6.734805107116699,4.977261543273926
727,6.747755527496338,4.808380126953125
728,6.780294895172119,4.95456075668335
729,6.7601752281188965,5.027245044708252
730,6.741065979003906,5.060515403747559
731,6.760230541229248,5.128602027893066
732,6.770792484283447,4.944192409515381
733,6.728571891784668,5.016129016876221
734,6.7617974281311035,5.162081241607666
735,6.7450151443481445,4.808464527130127
736,6.808960437774658,5.14553689956665
737,6.740692615509033,4.935188293457031
738,6.754958629608154,5.14168119430542
739,6.77302360534668,4.747736930847168
740,6.763927936553955,4.924726963043213
741,6.763662338256836,5.061393737792969
742,6.795890808105469,4.994763374328613
743,6.737006187438965,5.127560138702393
744,6.733645439147949,5.199744701385498
745,6.7386627197265625,5.00344705581665
746,6.786412715911865,4.876099586486816
747,6.754286766052246,5.033423900604248
748,6.76503324508667,5.158312797546387
749,6.788488864898682,4.769568920135498
750,6.752552032470703,5.192066669464111
751,6.775824546813965,4.913003444671631
752,6.768340587615967,5.084031581878662
753,6.711219787597656,4.9612860679626465
754,6.829293727874756,4.994359016418457
755,6.733583450317383,5.2056379318237305
756,6.730351448059082,5.017415523529053
757,6.779290199279785,4.74210786819458
758,6.782058238983154,5.043872833251953
759,6.742690086364746,5.098588943481445
760,6.7899065017700195,4.95935583114624
761,6.785952091217041,4.950603485107422
762,6.784238338470459,4.84837007522583
763,6.770063877105713,5.05018424987793
764,6.79891300201416,5.03010892868042
765,6.749771595001221,4.910202980041504
766,6.782251834869385,5.000045299530029
767,6.7687811851501465,4.735300540924072
768,6.820537090301514,4.9777984619140625
769,6.736802577972412,5.106876373291016
770,6.711201190948486,4.846981048583984
771,6.824679851531982,5.070919036865234
772,6.723237037658691,4.954886436462402
773,6.747219085693359,4.955444812774658
774,6.780447006225586,4.918701648712158
775,6.73635721206665,5.283946514129639
776,6.763097286224365,4.750884056091309
777,6.776721954345703,4.999788761138916
778,6.793575763702393,4.950517654418945
779,6.716836929321289,4.874054431915283
780,6.7865071296691895,5.073315620422363
781,6.791480541229248,5.095724582672119
782,6.764072418212891,5.000478744506836
783,6.826258182525635,5.17745304107666
784,6.772348403930664,5.267160415649414
785,6.794126033782959,5.357808589935303
786,6.804267883300781,5.106252670288086
787,6.846487045288086,5.145886421203613
788,6.7809953689575195,5.065836429595947
789,6.802048683166504,4.770309925079346
790,6.79017972946167,5.052064418792725
791,6.830695152282715,4.850525379180908
792,6.760056018829346,4.896414756774902
793,6.746767997741699,5.155434608459473
794,6.759268760681152,4.74085807800293
795,6.766261577606201,4.987114906311035
796,6.752151012420654,4.734059810638428
797,6.747219085693359,5.082963466644287
798,6.786314010620117,5.254454612731934
799,6.752005100250244,4.863419055938721
800,6.7951765060424805,5.509099006652832
801,6.8097615242004395,4.781496524810791
802,6.787902355194092,5.2369585037231445
803,6.796241760253906,5.0032453536987305
804,6.765172004699707,5.083848476409912
805,6.787701606750488,5.030817031860352
806,6.786348342895508,5.001408100128174
807,6.770356178283691,4.9351301193237305
808,6.7891082763671875,5.32561731338501
809,6.806092262268066,5.273225784301758
810,6.768712520599365,4.773015975952148
811,6.802231311798096,5.082564830780029
812,6.73335599899292,5.053147792816162
813,6.843077659606934,4.934035301208496
814,6.794335842132568,4.963609218597412
815,6.772503852844238,5.191238880157471
816,6.800178527832031,5.029460430145264
817,6.763428211212158,5.011911869049072
818,6.804586410522461,4.878139019012451
819,6.77432918548584,4.906219482421875
820,6.720516681671143,4.979715824127197
821,6.744485855102539,5.167845249176025
822,6.773177623748779,4.756214618682861
823,6.80591344833374,5.142392635345459
824,6.7381272315979,5.087137699127197
825,6.737537860870361,4.980498790740967
826,6.785793781280518,5.1052470207214355
827,6.730466842651367,5.537079811096191
828,6.771911144256592,5.171125411987305
829,6.776536464691162,5.124431610107422
830,6.790140628814697,4.979814529418945
831,6.723688125610352,4.814492225646973
832,6.764561653137207,5.166693687438965
833,6.749355792999268,4.738714694976807
834,6.795095920562744,5.197248935699463
835,6.744284152984619,4.850148677825928
836,6.724478721618652,5.32183837890625
837,6.768459796905518,5.005300521850586
838,6.755465984344482,5.017601013183594
839,6.710737705230713,4.76491117477417
840,6.777613639831543,5.088422775268555
841,6.763798713684082,4.754428386688232
842,6.764129161834717,5.046194076538086
843,6.790256023406982,4.799696445465088
844,6.747539043426514,4.9920759201049805
845,6.793515205383301,4.979372978210449
846,6.740739822387695,4.768637657165527
847,6.795515537261963,4.955043792724609
848,6.728738307952881,4.969968318939209
849,6.764996528625488,5.010489463806152
850,6.7682294845581055,4.979966163635254
851,6.800910949707031,5.401826858520508
852,6.7133469581604,4.787031650543213
853,6.750580310821533,4.788089752197266
854,6.727818012237549,5.1613078117370605
855,6.7323102951049805,5.116369247436523
856,6.770946025848389,5.111943244934082
857,6.713785648345947,4.907167434692383
858,6.7719526290893555,4.75041389465332
859,6.791465759277344,4.947254180908203
860,6.714522838592529,4.91165018081665
861,6.786402702331543,4.755768775939941
862,6.711459636688232,5.190308570861816
863,6.808495044708252,5.0273284912109375
864,6.713739395141602,4.92673397064209
865,6.7433271408081055,4.928630352020264
866,6.746334552764893,4.748872756958008
867,6.770125865936279,4.925199508666992
868,6.788556098937988,5.214389801025391
869,6.7327351570129395,5.021438121795654
870,6.745333194732666,5.163112640380859
871,6.740738391876221,5.19877815246582
872,6.742833137512207,4.86350154876709
873,6.750171184539795,5.150331020355225
874,6.716265678405762,4.925773620605469
875,6.710409641265869,5.007775783538818
876,6.735907077789307,5.012294292449951
877,6.730925559997559,4.750499248504639
878,6.836146831512451,5.0885009765625
879,6.718755722045898,4.9722514152526855
880,6.694345474243164,5.154356956481934
881,6.747331619262695,5.090433120727539
882,6.759019374847412,5.235611915588379
883,6.72458553314209,4.818502426147461
884,6.750711917877197,5.080225467681885
885,6.702950954437256,4.884274005889893
886,6.749228000640869,4.760587215423584
887,6.757946491241455,5.117945194244385
888,6.694181442260742,5.020623207092285
889,6.753912448883057,4.818525314331055
890,6.748563766479492,4.8130292892456055
891,6.750194549560547,5.082504749298096
892,6.731956958770752,4.79449987411499
893,6.765501022338867,4.983154773712158
894,6.7252912521362305,5.25626802444458
895,6.7257585525512695,5.09623384475708
896,6.733841419219971,5.032609939575195
897,6.729547500610352,5.067841529846191
898,6.730569362640381,4.835745334625244
899,6.824927806854248,4.977973937988281
900,6.73057222366333,4.884491920471191
901,6.7503557205200195,5.050642967224121
902,6.736708164215088,4.981439590454102
903,6.7111053466796875,4.765317916870117
904,6.712050437927246,4.9008588790893555
905,6.738658905029297,4.916934013366699
906,6.747348785400391,5.300695419311523
907,6.77643346786499,4.972604751586914
908,6.764218330383301,5.044142723083496
909,6.726809978485107,5.051182270050049
910,6.74609375,4.8726606369018555
911,6.754514694213867,4.755331993103027
912,6.737418174743652,4.944705009460449
913,6.717796325683594,4.761695861816406
914,6.755659580230713,5.1799774169921875
915,6.729190826416016,5.033315658569336
916,6.718237400054932,4.752771377563477
917,6.766098976135254,4.891391754150391
918,6.745841026306152,5.274316787719727
919,6.743076801300049,5.115954875946045
920,6.793514251708984,4.781528949737549
921,6.817618370056152,5.0594162940979
922,6.762973785400391,4.9407148361206055
923,6.785092353820801,4.849075794219971
924,6.773432731628418,5.246657371520996
925,6.766249656677246,5.0696258544921875
926,6.782594680786133,4.981611251831055
927,6.752243518829346,4.890646934509277
928,6.790365695953369,4.885242462158203
929,6.796365261077881,5.153323173522949
930,6.762250900268555,4.784309387207031
931,6.812699794769287,5.031062602996826
932,6.739431381225586,5.142816066741943
933,6.779195308685303,5.2733025550842285
934,6.805225372314453,5.275914192199707
935,6.761605262756348,4.9793925285339355
936,6.769321918487549,5.197962760925293
937,6.759018898010254,5.045875549316406
938,6.778909206390381,5.180275917053223
939,6.753819465637207,5.348438262939453
940,6.762938499450684,5.237184524536133
941,6.699441432952881,5.398922920227051
942,6.666289329528809,4.951792240142822
943,6.7586750984191895,5.0395402908325195
944,6.731292247772217,5.097479820251465
945,6.751399993896484,5.000701427459717
946,6.705607891082764,5.101438045501709
947,6.745308876037598,5.31977653503418
948,6.71705436706543,4.903532981872559
949,6.703526020050049,4.949207305908203
950,6.751866340637207,4.792825222015381
951,6.74488639831543,5.143650531768799
952,6.764954566955566,5.147811412811279
953,6.671060085296631,4.895721912384033
954,6.703660488128662,4.734075546264648
955,6.736102104187012,4.825265884399414
956,6.724566459655762,5.035985469818115
957,6.705981731414795,5.1202850341796875
958,6.717375755310059,5.250737190246582
959,6.743870258331299,5.160324573516846
960,6.718808650970459,4.8434906005859375
961,6.7222185134887695,4.902197360992432
962,6.85867166519165,4.883889675140381
963,6.746153831481934,4.998571395874023
964,6.771198749542236,4.984502792358398
965,6.710661888122559,4.736213684082031
966,6.847723960876465,4.9860687255859375
967,6.783814430236816,4.946488857269287
968,6.8259100914001465,4.915825366973877
969,6.802620887756348,5.081961154937744
970,6.6933417320251465,5.102177143096924
971,6.735442638397217,4.727031707763672
972,6.833059310913086,5.397500038146973
973,6.716784477233887,4.8607940673828125
974,6.751202583312988,4.875768184661865
975,6.771234035491943,5.080885887145996
976,6.720536708831787,5.129843235015869
977,6.730925559997559,5.030008792877197
978,6.730103015899658,5.374474048614502
979,6.744206428527832,5.030117034912109
980,6.826867580413818,4.904304027557373
981,6.755614757537842,5.0386576652526855
982,6.812492370605469,5.128223419189453
983,6.723143577575684,4.820004463195801
984,6.765517234802246,5.091909885406494
985,6.795558452606201,5.046878814697266
986,6.715540885925293,5.181178569793701
987,6.827828407287598,4.7598066329956055
988,6.815863609313965,5.136888027191162
989,6.745696067810059,5.248960971832275
990,6.811839580535889,4.781901836395264
991,6.784359455108643,4.8505473136901855
992,6.791009426116943,5.0247907638549805
993,6.776547908782959,5.058028697967529
994,6.7962470054626465,5.096180438995361
995,6.81068754196167,4.784608364105225
996,6.8803253173828125,5.106797695159912
997,6.797847747802734,5.199544906616211
998,6.7911834716796875,5.008996486663818
999,6.815307140350342,5.330472469329834
