epoch,loss,mean_absolute_percentage_error,val_loss,val_mean_absolute_percentage_error
0,26.022197723388672,29.891124725341797,22.276145935058594,22.381446838378906
1,24.9202938079834,29.95562744140625,22.844406127929688,21.8406982421875
2,24.896570205688477,28.56301498413086,22.240808486938477,22.557147979736328
3,24.716705322265625,29.539705276489258,22.139846801757812,22.10018539428711
4,24.559232711791992,28.91083526611328,22.05828094482422,22.026575088500977
5,24.573686599731445,29.269895553588867,21.98771858215332,22.29132652282715
6,24.50306510925293,29.71832275390625,21.921924591064453,22.247068405151367
7,24.530860900878906,29.33670997619629,22.086519241333008,21.76079559326172
8,24.480085372924805,29.260080337524414,21.983644485473633,21.83085060119629
9,24.49428939819336,29.563859939575195,22.17865562438965,21.710927963256836
10,24.476919174194336,28.83234405517578,21.93854331970215,21.99684715270996
11,24.489381790161133,28.667619705200195,22.031108856201172,21.758697509765625
12,24.473403930664062,29.103517532348633,22.03928565979004,21.760730743408203
13,24.474807739257812,28.666624069213867,21.891138076782227,22.01327896118164
14,24.480361938476562,28.89554214477539,22.33780860900879,21.570852279663086
15,24.466161727905273,29.601539611816406,21.937271118164062,21.9014835357666
16,24.496366500854492,29.530906677246094,22.08200454711914,21.68612289428711
17,24.47654914855957,29.095548629760742,21.847671508789062,22.072412490844727
18,24.45637321472168,29.344369888305664,21.897308349609375,21.94428062438965
19,24.482210159301758,29.680028915405273,22.09607696533203,21.663127899169922
20,24.46669578552246,28.715057373046875,21.8842716217041,21.801576614379883
21,24.429000854492188,29.463197708129883,21.8768310546875,21.901878356933594
22,24.466318130493164,28.83297348022461,21.971757888793945,21.728322982788086
23,24.448347091674805,29.656009674072266,21.82605743408203,22.070920944213867
24,24.44452476501465,29.221363067626953,21.838367462158203,21.98615074157715
25,24.43332862854004,29.170047760009766,21.85772705078125,22.03806495666504
26,24.45354461669922,28.729061126708984,21.853748321533203,22.02794647216797
27,24.440345764160156,29.19082260131836,22.01934242248535,21.635408401489258
28,24.368995666503906,29.034502029418945,21.948314666748047,21.605480194091797
29,24.341955184936523,29.16136932373047,21.725852966308594,21.911697387695312
30,24.303401947021484,27.911396026611328,21.702112197875977,21.85988998413086
31,24.278554916381836,28.21613883972168,21.70073127746582,21.75057029724121
32,24.21596336364746,29.468841552734375,21.830930709838867,21.419031143188477
33,24.193899154663086,28.681015014648438,21.57805061340332,21.741212844848633
34,24.152708053588867,29.01881980895996,21.660709381103516,21.591506958007812
35,24.148849487304688,28.951614379882812,21.584426879882812,21.63953399658203
36,24.143558502197266,29.445068359375,21.554330825805664,21.705656051635742
37,24.137584686279297,27.946361541748047,21.7764892578125,21.274513244628906
38,24.100191116333008,28.030559539794922,21.7667236328125,21.247276306152344
39,24.085750579833984,29.237640380859375,21.599699020385742,21.387563705444336
40,24.042911529541016,29.38490104675293,21.622173309326172,21.22909927368164
41,24.002534866333008,28.193920135498047,21.434953689575195,21.281370162963867
42,23.961862564086914,28.306814193725586,21.323543548583984,21.50831413269043
43,23.98054313659668,28.458152770996094,21.277511596679688,21.550743103027344
44,23.885271072387695,27.930248260498047,21.414466857910156,21.014572143554688
45,23.898820877075195,27.87079429626465,21.61766242980957,20.86338996887207
46,23.87442970275879,28.07818031311035,21.527645111083984,20.899396896362305
47,23.87725067138672,26.872650146484375,21.298072814941406,21.012067794799805
48,23.8701171875,28.490402221679688,21.414749145507812,20.945987701416016
49,23.870929718017578,28.007741928100586,21.251407623291016,21.152244567871094
50,23.864675521850586,27.345094680786133,21.573726654052734,20.778188705444336
51,23.808792114257812,26.895668029785156,21.194427490234375,21.048263549804688
52,23.79912757873535,27.41350746154785,21.388248443603516,20.78803825378418
53,23.796829223632812,27.254432678222656,21.309371948242188,20.83473014831543
54,23.819149017333984,28.203298568725586,21.46769142150879,20.862396240234375
55,23.80135726928711,27.815963745117188,21.163671493530273,21.14881134033203
56,23.777061462402344,28.321773529052734,21.199684143066406,20.998350143432617
57,23.809064865112305,27.790706634521484,21.140249252319336,21.04130744934082
58,23.755496978759766,28.168275833129883,21.19049835205078,21.0607852935791
59,23.7867431640625,27.21036148071289,21.123720169067383,21.145549774169922
60,23.78556251525879,28.02416229248047,21.200267791748047,20.92060661315918
61,23.772354125976562,26.666303634643555,21.24958610534668,20.782026290893555
62,23.749242782592773,27.294363021850586,21.178617477416992,20.844818115234375
63,23.755035400390625,27.83021354675293,21.144451141357422,20.9748592376709
64,23.774410247802734,27.388626098632812,21.101726531982422,21.191390991210938
65,23.74965476989746,27.853580474853516,21.457120895385742,20.685182571411133
66,23.776636123657227,27.195093154907227,21.191835403442383,20.908863067626953
67,23.756229400634766,28.20725440979004,21.844406127929688,20.58938980102539
68,23.7340145111084,27.645652770996094,21.294538497924805,20.725688934326172
69,23.741802215576172,27.487747192382812,21.13302230834961,20.935314178466797
70,23.744140625,28.009521484375,21.36995506286621,20.644742965698242
71,23.724628448486328,27.69715690612793,21.17768669128418,20.914772033691406
72,23.747373580932617,27.081295013427734,21.21817398071289,20.821834564208984
73,23.737131118774414,27.390172958374023,21.458662033081055,20.662174224853516
74,23.741504669189453,27.89950942993164,21.106426239013672,21.052989959716797
75,23.7125244140625,25.518184661865234,21.118074417114258,20.987014770507812
76,23.736879348754883,27.89464569091797,21.175264358520508,20.795461654663086
77,23.76606559753418,27.76212501525879,21.131975173950195,20.871734619140625
78,23.714887619018555,28.202104568481445,21.083398818969727,20.996370315551758
79,23.74681282043457,27.004507064819336,21.1844539642334,20.843555450439453
80,23.73394203186035,27.742610931396484,21.450716018676758,20.625328063964844
81,23.744159698486328,27.412961959838867,21.11124038696289,21.115583419799805
82,23.729652404785156,27.63092613220215,21.390377044677734,20.679431915283203
83,23.72574806213379,27.272457122802734,21.10679817199707,20.8997802734375
84,23.703964233398438,28.319705963134766,21.22466468811035,20.751079559326172
85,23.741893768310547,26.792593002319336,21.123327255249023,20.936750411987305
86,23.725032806396484,27.197996139526367,21.099634170532227,20.995574951171875
87,23.73615074157715,27.79817008972168,21.150943756103516,20.851177215576172
88,23.72855567932129,27.240089416503906,21.114728927612305,20.8675479888916
89,23.757919311523438,28.35777473449707,21.156187057495117,20.886493682861328
90,23.710784912109375,27.18834686279297,21.22654914855957,20.750093460083008
91,23.722698211669922,26.670284271240234,21.227367401123047,20.790132522583008
92,23.725120544433594,27.640432357788086,21.256004333496094,20.728097915649414
93,23.73233413696289,27.649812698364258,21.57032012939453,20.598941802978516
94,23.70064353942871,28.08452033996582,21.16309356689453,20.76521110534668
95,23.723278045654297,27.189617156982422,21.190380096435547,20.801443099975586
96,23.729124069213867,27.77943992614746,21.075532913208008,21.437686920166016
97,23.72447395324707,28.27916717529297,21.04700469970703,21.093591690063477
98,23.703603744506836,27.208499908447266,21.19072151184082,20.75102996826172
99,23.692792892456055,26.310354232788086,21.069639205932617,21.25231170654297
0,1137.4288330078125,30.07396125793457,809.2968139648438,22.007484436035156
1,1009.8905029296875,29.41346549987793,807.4920043945312,22.009798049926758
2,1007.8260498046875,28.982702255249023,806.6383666992188,22.055322647094727
3,1007.832275390625,29.63279151916504,809.5498046875,21.988597869873047
4,1007.1690063476562,29.366539001464844,800.839599609375,22.177522659301758
5,1007.6182250976562,28.411762237548828,854.812744140625,21.816957473754883
6,1007.435546875,30.029521942138672,816.6592407226562,21.895750045776367
7,1006.898193359375,28.96656608581543,812.3512573242188,21.953384399414062
8,1008.249755859375,29.883867263793945,799.6785888671875,22.618106842041016
9,1006.0492553710938,29.60855484008789,801.4600219726562,22.035995483398438
10,1000.9191284179688,28.831035614013672,794.4449462890625,21.976879119873047
11,998.8807373046875,29.345867156982422,797.8848876953125,21.707090377807617
12,994.9389038085938,28.146129608154297,776.9981689453125,22.194839477539062
13,990.7003784179688,29.327388763427734,781.212890625,21.639175415039062
14,983.9130859375,28.01351547241211,775.5059204101562,21.630041122436523
15,981.9536743164062,28.00142478942871,775.9227905273438,21.484695434570312
16,978.580078125,28.594337463378906,765.5979614257812,21.86725616455078
17,975.02099609375,29.549278259277344,764.7605590820312,21.724971771240234
18,976.8792724609375,29.023025512695312,770.928466796875,21.423198699951172
19,972.31787109375,27.391069412231445,783.168212890625,21.261802673339844
20,970.2098388671875,28.812530517578125,773.488037109375,21.198081970214844
21,969.9376831054688,28.279800415039062,763.3983764648438,21.22645378112793
22,966.6427612304688,28.93861198425293,788.6921997070312,21.04844856262207
23,962.0126342773438,29.49034881591797,751.7545166015625,21.218368530273438
24,960.101318359375,29.52029037475586,752.9884643554688,21.162612915039062
25,958.7145385742188,29.451223373413086,749.9490966796875,21.09324836730957
26,954.7474365234375,28.73879051208496,745.8631591796875,21.1462345123291
27,954.8667602539062,28.50734519958496,740.1988525390625,21.309162139892578
28,953.7855834960938,28.520408630371094,750.2789306640625,20.950763702392578
29,953.1953125,28.919681549072266,745.5372924804688,20.904674530029297
30,948.9912719726562,28.30597496032715,743.36962890625,20.91449737548828
31,949.3761596679688,28.81400489807129,744.17431640625,20.80565071105957
32,949.3597412109375,28.398530960083008,734.3672485351562,21.07849884033203
33,950.360595703125,28.275163650512695,739.5491333007812,20.767427444458008
34,947.5089111328125,29.015487670898438,736.0904541015625,20.99159812927246
35,947.3766479492188,28.76085090637207,735.7220458984375,20.90353012084961
36,948.3836059570312,28.187314987182617,743.4384155273438,20.782485961914062
37,946.4158325195312,28.35689926147461,737.274169921875,20.81488037109375
38,946.1914672851562,28.80645751953125,741.423095703125,20.712751388549805
39,945.0375366210938,28.024856567382812,728.9613037109375,20.983251571655273
40,943.9520874023438,27.998485565185547,737.6867065429688,20.750032424926758
41,942.9678955078125,28.032060623168945,726.9534301757812,21.25714111328125
42,943.92138671875,28.14829444885254,730.94384765625,20.912961959838867
43,943.892578125,28.875438690185547,733.2001342773438,20.78236198425293
44,943.0255737304688,28.322181701660156,736.644287109375,20.64394760131836
45,944.14697265625,27.68231201171875,730.8201904296875,20.82115936279297
46,944.3670043945312,28.626970291137695,739.0529174804688,20.71309471130371
47,942.5419311523438,28.648578643798828,726.7908935546875,20.930601119995117
48,941.0510864257812,27.997713088989258,732.3192749023438,20.7176570892334
49,942.507080078125,28.325786590576172,731.3080444335938,20.76967430114746
50,940.9024047851562,27.547168731689453,725.2531127929688,20.93168067932129
51,939.875244140625,26.15226173400879,725.1814575195312,20.980121612548828
52,940.6246948242188,28.691125869750977,739.8633422851562,20.607576370239258
53,940.375732421875,28.651947021484375,742.4672241210938,20.61086654663086
54,941.596923828125,28.01410675048828,733.681884765625,20.70720100402832
55,941.9090576171875,28.685684204101562,741.5426635742188,20.651309967041016
56,939.889892578125,28.088138580322266,724.033935546875,20.939346313476562
57,941.9170532226562,27.89613914489746,729.7789916992188,20.780607223510742
58,943.2786254882812,28.533069610595703,738.5692138671875,20.62550926208496
59,941.989990234375,28.16868782043457,724.991455078125,20.946971893310547
60,941.12255859375,27.968507766723633,777.7291259765625,20.586669921875
61,941.7959594726562,27.4848690032959,724.376953125,21.029726028442383
62,941.1243896484375,28.72811508178711,743.0872802734375,20.619142532348633
63,939.9019775390625,28.570486068725586,732.1915283203125,20.704139709472656
64,940.30810546875,28.53577423095703,729.1103515625,20.81519317626953
65,941.2723999023438,26.97079849243164,727.6065063476562,20.878704071044922
66,941.4088745117188,27.279813766479492,731.8651123046875,20.685670852661133
67,940.7786865234375,28.42001724243164,742.2240600585938,20.643367767333984
68,940.2289428710938,27.047616958618164,724.2562866210938,21.076122283935547
69,942.5618896484375,28.148181915283203,729.3897705078125,20.760995864868164
70,940.7811279296875,28.280508041381836,726.8252563476562,20.863677978515625
71,940.192138671875,27.851783752441406,732.6004028320312,20.759614944458008
72,939.2440185546875,28.11368751525879,739.5025024414062,20.65812110900879
73,940.3134155273438,27.329875946044922,739.5780639648438,20.636499404907227
74,939.544189453125,28.468791961669922,731.3931274414062,20.739423751831055
75,939.4299926757812,27.90165138244629,723.0277099609375,20.986543655395508
76,940.5140991210938,27.82156753540039,732.8048706054688,20.657913208007812
77,939.90087890625,26.812358856201172,729.1119995117188,20.82261085510254
78,939.4674682617188,28.66143798828125,741.12158203125,20.616451263427734
79,940.0604858398438,28.641965866088867,740.0665283203125,20.632776260375977
80,943.1829833984375,28.464513778686523,727.3560791015625,20.82710838317871
81,939.8286743164062,27.807605743408203,724.6663818359375,20.85017967224121
82,939.9110717773438,27.80691146850586,724.8059692382812,20.801982879638672
83,937.9882202148438,27.666015625,727.0394897460938,20.849594116210938
84,938.8023071289062,28.579538345336914,733.181884765625,20.664758682250977
85,938.5020751953125,27.320148468017578,733.6533203125,20.71675682067871
86,940.0134887695312,28.6595516204834,728.8206176757812,20.742891311645508
87,940.5516357421875,28.502601623535156,735.1072387695312,20.577341079711914
88,939.7518920898438,26.551082611083984,749.5131225585938,20.58829689025879
89,939.3803100585938,27.747943878173828,726.6632690429688,20.8483829498291
90,937.9146118164062,28.44597816467285,731.7052612304688,20.7724609375
91,938.22412109375,28.52924156188965,725.8841552734375,20.78331756591797
92,940.5294799804688,27.95755386352539,730.1055297851562,20.732419967651367
93,938.10205078125,28.548078536987305,737.833251953125,20.577951431274414
94,936.9842529296875,28.428682327270508,741.6419067382812,20.636455535888672
95,940.2559204101562,28.33953285217285,729.9947509765625,20.757308959960938
96,939.39111328125,27.948219299316406,728.2117309570312,20.838457107543945
97,940.0287475585938,28.565271377563477,724.2632446289062,20.871524810791016
98,941.1931762695312,28.433238983154297,723.4338989257812,20.889022827148438
99,938.7796630859375,28.197816848754883,736.8952026367188,20.650875091552734
0,36.72898483276367,69.22716522216797,25.86688804626465,43.0325813293457
1,29.80731201171875,51.924720764160156,25.33629035949707,43.30611801147461
2,29.558839797973633,51.593605041503906,24.892353057861328,42.90324020385742
3,29.31595230102539,51.150386810302734,24.8414363861084,42.4216423034668
4,29.117151260375977,51.24034118652344,24.717424392700195,42.57146072387695
5,28.8966064453125,50.53461837768555,25.063488006591797,42.255332946777344
6,28.67438507080078,50.1071891784668,24.457990646362305,41.84893798828125
7,28.502622604370117,49.824581146240234,24.145673751831055,41.63382339477539
8,28.366592407226562,49.32851028442383,24.24905776977539,41.40633773803711
9,28.235383987426758,48.90324401855469,24.16197967529297,40.747802734375
10,28.131214141845703,48.77472686767578,23.57618522644043,40.845516204833984
11,28.055376052856445,48.717506408691406,24.305973052978516,40.87664794921875
12,27.991134643554688,48.65568923950195,23.92110824584961,40.223731994628906
13,27.918073654174805,48.72367477416992,23.54673194885254,40.64254379272461
14,27.865081787109375,48.671226501464844,23.22562026977539,40.346065521240234
15,27.724374771118164,48.403018951416016,22.873682022094727,39.80413055419922
16,27.603437423706055,47.603668212890625,23.936670303344727,39.5318489074707
17,27.481706619262695,47.10167694091797,23.355712890625,39.69984817504883
18,27.434410095214844,47.076168060302734,22.832433700561523,39.36024475097656
19,27.333728790283203,47.038211822509766,22.505678176879883,39.31402587890625
20,27.274585723876953,46.67338180541992,22.77690887451172,39.31279373168945
21,27.230571746826172,46.80996322631836,22.60489845275879,38.834754943847656
22,27.166608810424805,46.90240478515625,22.727426528930664,38.84100341796875
23,27.108713150024414,46.85174560546875,22.334665298461914,38.8756103515625
24,27.04956817626953,46.80509567260742,22.750625610351562,38.39793395996094
25,27.016084671020508,47.03164291381836,21.863365173339844,38.823707580566406
26,26.943910598754883,47.00105667114258,22.21143341064453,38.70467758178711
27,26.912363052368164,46.743831634521484,21.846410751342773,38.57483673095703
28,26.86009407043457,47.121585845947266,22.11621856689453,38.76897048950195
29,26.82504653930664,47.1229362487793,22.61288833618164,38.12202835083008
30,26.76264762878418,46.91778564453125,21.580570220947266,38.59495544433594
31,26.687252044677734,47.06310272216797,21.923492431640625,38.22035598754883
32,26.68000602722168,47.27421951293945,21.76486587524414,38.07273483276367
33,26.674968719482422,47.28136444091797,22.05298614501953,38.09798812866211
34,26.535245895385742,47.209022521972656,21.352819442749023,37.9033317565918
35,26.541702270507812,47.52983093261719,21.598297119140625,37.95876693725586
36,26.496944427490234,46.84248733520508,21.468759536743164,37.67563247680664
37,26.459335327148438,47.25185012817383,21.718618392944336,37.62406539916992
38,26.438037872314453,47.02341842651367,21.907005310058594,37.16134262084961
39,26.371919631958008,47.393428802490234,21.693191528320312,37.24346160888672
40,26.313676834106445,46.744102478027344,21.515031814575195,37.19886016845703
41,26.104415893554688,46.647518157958984,20.85619354248047,37.268123626708984
42,25.937204360961914,46.18083572387695,20.835969924926758,36.697750091552734
43,25.814834594726562,46.06971740722656,21.17860221862793,36.392635345458984
44,25.68549919128418,45.81913757324219,20.98919677734375,36.274085998535156
45,25.610187530517578,45.474971771240234,20.63678741455078,36.3450927734375
46,25.185935974121094,44.84674835205078,20.31448745727539,36.196109771728516
47,25.033790588378906,44.92607498168945,20.054954528808594,36.34971618652344
48,24.94259262084961,44.46030044555664,20.411334991455078,35.779842376708984
49,24.898685455322266,44.681480407714844,20.259191513061523,35.79603958129883
50,24.87502670288086,44.381595611572266,20.453868865966797,35.51017379760742
51,24.809741973876953,44.3842887878418,20.177291870117188,35.81114959716797
52,24.741891860961914,43.90419006347656,20.165376663208008,35.224945068359375
53,24.666709899902344,43.932796478271484,19.96837043762207,35.33538818359375
54,24.6146297454834,44.205257415771484,19.496074676513672,35.59344482421875
55,24.5694522857666,44.11716842651367,19.536174774169922,35.034324645996094
56,24.485910415649414,43.9595832824707,19.63524627685547,34.63199234008789
57,24.498607635498047,43.97616958618164,19.82657241821289,35.00263977050781
58,24.445688247680664,43.8196907043457,19.519784927368164,34.88811111450195
59,24.388853073120117,43.688438415527344,19.8107967376709,34.48765182495117
60,24.378543853759766,43.333839416503906,19.366565704345703,34.999732971191406
61,24.328489303588867,43.58445739746094,19.45104217529297,34.592098236083984
62,24.309152603149414,43.11890411376953,19.55370330810547,34.419212341308594
63,24.30293846130371,43.45429229736328,18.987817764282227,34.85274124145508
64,24.29002571105957,43.06131362915039,19.18535804748535,34.69779968261719
65,24.258563995361328,43.231510162353516,19.263256072998047,34.2774658203125
66,24.243955612182617,42.906620025634766,19.04678726196289,34.25191879272461
67,24.234704971313477,43.15031433105469,19.49365997314453,34.223873138427734
68,24.205949783325195,43.05602264404297,19.443437576293945,34.325321197509766
69,24.182266235351562,42.66396713256836,19.226167678833008,33.737525939941406
70,24.187705993652344,42.60350036621094,19.36751365661621,33.918731689453125
71,24.154804229736328,42.59384536743164,19.301197052001953,34.05915069580078
72,24.158788681030273,42.665348052978516,19.16808319091797,33.77273178100586
73,24.12409782409668,42.08875274658203,18.906688690185547,33.89250183105469
74,24.139728546142578,42.37019729614258,19.08123016357422,33.53309631347656
75,24.104093551635742,42.41250228881836,19.108583450317383,33.615806579589844
76,24.107892990112305,42.158809661865234,19.47128677368164,33.48946762084961
77,24.081863403320312,42.30195236206055,19.216901779174805,33.738372802734375
78,24.073732376098633,42.190673828125,19.475038528442383,33.31538009643555
79,24.025054931640625,42.08137893676758,19.1909122467041,33.24239730834961
80,24.036100387573242,42.0730094909668,19.1315860748291,33.411643981933594
81,24.04427719116211,41.59054183959961,19.34052848815918,33.11918258666992
82,24.042062759399414,41.6573371887207,19.698232650756836,33.06175231933594
83,24.028242111206055,41.88534164428711,18.942073822021484,33.29307174682617
84,23.98714828491211,41.656532287597656,19.179975509643555,33.547019958496094
85,23.981201171875,41.04600143432617,19.33055305480957,33.114349365234375
86,23.99341583251953,41.76163101196289,18.7747802734375,33.632991790771484
87,23.966354370117188,41.64426040649414,18.831052780151367,33.43130874633789
88,23.964759826660156,41.73683166503906,19.107200622558594,33.17162322998047
89,23.952999114990234,41.5645866394043,18.879501342773438,33.23438262939453
90,23.94647789001465,41.31595230102539,19.09916877746582,32.995933532714844
91,23.932361602783203,41.464962005615234,19.301651000976562,32.96806335449219
92,23.918777465820312,41.190696716308594,18.572111129760742,33.43377685546875
93,23.90203285217285,41.700172424316406,18.73990249633789,33.89138412475586
94,23.91463851928711,41.37784957885742,19.12135887145996,32.87580490112305
95,23.909326553344727,41.03288269042969,19.210725784301758,32.65363311767578
96,23.88031768798828,41.10870361328125,19.140979766845703,32.71797561645508
97,23.88237190246582,41.361934661865234,18.52416229248047,32.799888610839844
98,23.859724044799805,41.325199127197266,18.809667587280273,32.88897705078125
99,23.891592025756836,41.08387756347656,19.37229347229004,32.63483810424805
0,42.15850830078125,1625.5782470703125,38.06770706176758,84.42707061767578
1,39.607696533203125,654.6572875976562,37.905677795410156,68.99440002441406
2,38.69523239135742,100.68911743164062,38.40391540527344,113.8004379272461
3,37.56953048706055,70.96697998046875,35.684715270996094,71.81317901611328
4,37.401283264160156,73.30475616455078,35.363250732421875,70.44068908691406
5,36.14335250854492,67.39051818847656,33.79723358154297,75.84934997558594
6,34.46064376831055,62.965972900390625,32.12580108642578,60.55570602416992
7,33.07944107055664,58.68118667602539,31.128244400024414,67.2006607055664
8,32.030818939208984,617.079833984375,29.925260543823242,59.22641372680664
9,31.174182891845703,53.31828689575195,29.63156509399414,48.17465591430664
10,30.748079299926758,52.37934494018555,30.265487670898438,45.61296081542969
11,30.230998992919922,50.530113220214844,28.758079528808594,61.876991271972656
12,30.056385040283203,49.82252502441406,28.516569137573242,49.75562286376953
13,29.884071350097656,49.96233367919922,28.214365005493164,55.081050872802734
14,29.780141830444336,48.79348373413086,28.41057586669922,61.198429107666016
15,29.521217346191406,620.6476440429688,27.84495735168457,50.33677673339844
16,29.452354431152344,48.2680778503418,28.38111114501953,46.3196907043457
17,29.391019821166992,48.23991775512695,27.74545669555664,45.08289337158203
18,28.965303421020508,46.92092514038086,27.7619571685791,52.565120697021484
19,28.83531951904297,576.3912353515625,27.43170738220215,52.34172058105469
20,29.009536743164062,48.2878532409668,26.967636108398438,47.06895065307617
21,28.76634407043457,46.56838607788086,26.998058319091797,46.4017219543457
22,28.76704216003418,47.20771408081055,26.845827102661133,46.265228271484375
23,28.721336364746094,46.97404861450195,27.091285705566406,47.83959197998047
24,28.515474319458008,46.41027069091797,27.202896118164062,44.88666534423828
25,28.609994888305664,428.6349792480469,26.98772430419922,49.711181640625
26,28.566097259521484,46.70848083496094,26.90199851989746,45.845218658447266
27,28.355926513671875,46.02225875854492,26.891151428222656,49.52973175048828
28,28.384136199951172,45.02194595336914,35.03916931152344,90.77330780029297
29,28.302017211914062,45.62638854980469,26.710708618164062,47.299720764160156
30,28.24946403503418,45.41603469848633,26.55864906311035,48.9301643371582
31,28.182552337646484,45.870819091796875,26.496843338012695,45.681575775146484
32,28.28542137145996,45.386173248291016,26.364477157592773,45.29940414428711
33,28.095874786376953,44.32012176513672,26.617158889770508,54.623863220214844
34,28.233062744140625,45.33986282348633,26.520586013793945,43.73797607421875
35,28.289461135864258,45.02350997924805,26.15410041809082,42.22584915161133
36,28.311017990112305,45.42882537841797,26.239534378051758,43.979190826416016
37,28.242647171020508,44.37102127075195,26.738351821899414,42.26570510864258
38,28.30423927307129,327.171142578125,26.279319763183594,45.538429260253906
39,28.169719696044922,44.615966796875,26.611732482910156,52.715904235839844
40,27.963621139526367,44.256622314453125,26.330842971801758,40.86466979980469
41,27.786270141601562,44.7982292175293,29.7977294921875,42.301795959472656
42,28.011037826538086,43.96391296386719,27.195032119750977,51.849098205566406
43,27.9437313079834,44.72163391113281,25.83724021911621,44.58588790893555
44,27.899524688720703,43.95884704589844,25.959753036499023,45.42605209350586
45,27.749515533447266,43.44173049926758,25.823793411254883,43.86603546142578
46,27.81484603881836,44.13569259643555,25.672840118408203,42.723411560058594
47,27.723052978515625,43.1676025390625,25.653717041015625,40.22336959838867
48,27.842626571655273,349.7896728515625,26.04693031311035,41.168846130371094
49,27.7316837310791,44.16014862060547,25.59714698791504,48.38506317138672
50,27.672571182250977,43.765933990478516,25.527067184448242,49.49370574951172
51,27.60218048095703,42.652584075927734,26.00438690185547,41.28795623779297
52,27.572500228881836,44.14944076538086,25.93522834777832,53.1599235534668
53,27.443923950195312,42.36145782470703,25.667591094970703,45.76567077636719
54,27.233152389526367,319.56036376953125,25.614967346191406,41.81072998046875
55,27.212936401367188,233.92576599121094,25.012102127075195,44.13139724731445
56,27.351181030273438,42.9869499206543,25.061429977416992,42.721439361572266
57,27.150754928588867,42.485595703125,25.261762619018555,45.699214935302734
58,27.26177978515625,43.452579498291016,24.88793182373047,45.11698913574219
59,27.326812744140625,42.48007583618164,24.8214111328125,42.82759475708008
60,27.109355926513672,244.28463745117188,24.97649574279785,46.079551696777344
61,26.95490074157715,41.793304443359375,24.936307907104492,41.85662841796875
62,26.963348388671875,41.317752838134766,24.93242645263672,46.31645965576172
63,27.59226417541504,41.45313262939453,24.69983673095703,43.62361145019531
64,27.018367767333984,43.00605773925781,25.627044677734375,43.383155822753906
65,27.031394958496094,41.2921028137207,24.76197052001953,42.53241729736328
66,26.84613800048828,41.12867736816406,25.25776481628418,51.23933792114258
67,27.04473114013672,42.3132209777832,24.66168212890625,38.05803680419922
68,26.712663650512695,41.09571838378906,25.828615188598633,38.596649169921875
69,26.688112258911133,40.48952865600586,24.270492553710938,42.470882415771484
70,26.514036178588867,40.588565826416016,24.65583610534668,50.93431854248047
71,26.568885803222656,40.15983200073242,24.67508316040039,45.56470489501953
72,26.43842124938965,39.15702438354492,24.54045867919922,41.507747650146484
73,26.537151336669922,39.68183517456055,24.267547607421875,40.01755142211914
74,26.379098892211914,39.88031005859375,24.05718421936035,38.09476852416992
75,26.570077896118164,41.64820098876953,24.531692504882812,40.60095977783203
76,26.21014404296875,39.84984588623047,24.42037010192871,40.80601501464844
77,26.561344146728516,40.88554000854492,24.43557357788086,42.087791442871094
78,26.513782501220703,41.333168029785156,24.288372039794922,42.37565994262695
79,26.372358322143555,39.57478332519531,23.94908905029297,39.30337142944336
80,26.415176391601562,39.71866989135742,24.133255004882812,41.07817840576172
81,26.26479148864746,287.3157043457031,24.754898071289062,41.66104507446289
82,26.097871780395508,39.642005920410156,23.99591827392578,42.479671478271484
83,26.277833938598633,40.07343673706055,23.8277530670166,38.12710952758789
84,26.351816177368164,38.92533874511719,23.885786056518555,40.67745590209961
85,26.350210189819336,39.1015510559082,24.536710739135742,40.319759368896484
86,26.455989837646484,250.36683654785156,24.022348403930664,41.560462951660156
87,26.064123153686523,39.35326385498047,23.700223922729492,38.75975799560547
88,26.083072662353516,39.10116195678711,23.697261810302734,37.722190856933594
89,26.28675079345703,38.38544464111328,23.84278678894043,39.65678787231445
90,26.423866271972656,39.68334197998047,23.823970794677734,38.71332931518555
91,26.24591064453125,39.741817474365234,24.088438034057617,40.07844161987305
92,25.88820457458496,38.68234634399414,23.732473373413086,37.74531936645508
93,26.08456039428711,38.94424057006836,23.624433517456055,37.185245513916016
94,25.873451232910156,37.713645935058594,24.117326736450195,43.82807922363281
95,26.11827278137207,38.73216247558594,23.920255661010742,37.83327865600586
96,25.9735107421875,38.283782958984375,24.273324966430664,35.416297912597656
97,26.037033081054688,39.16039276123047,23.816728591918945,36.54742431640625
98,26.270328521728516,38.69633102416992,23.480331420898438,37.27328109741211
99,26.118820190429688,39.29437255859375,23.469820022583008,37.20148468017578
100,25.993892669677734,39.29325485229492,23.50432014465332,37.4200553894043
101,25.90400505065918,39.02718734741211,24.43743324279785,43.526424407958984
102,25.895206451416016,39.681243896484375,23.628137588500977,39.14038848876953
103,25.95246696472168,277.26470947265625,23.849390029907227,41.609500885009766
104,26.00667953491211,38.81327438354492,23.451271057128906,38.630611419677734
105,25.6817626953125,38.724571228027344,23.62474822998047,40.60816192626953
106,25.88811683654785,38.911434173583984,23.492773056030273,38.24415969848633
107,25.990461349487305,39.431663513183594,23.636341094970703,40.941165924072266
108,25.697967529296875,259.79022216796875,23.927078247070312,35.68360137939453
109,25.802139282226562,38.91011428833008,23.40479850769043,38.449249267578125
110,25.695045471191406,38.13212203979492,23.308271408081055,38.40931701660156
111,25.85796546936035,38.52498245239258,24.086130142211914,35.0909538269043
112,25.989604949951172,38.819068908691406,23.375486373901367,38.1473388671875
113,25.91619110107422,38.5988883972168,23.523523330688477,35.72821044921875
114,25.907007217407227,38.86650085449219,24.110776901245117,35.82976150512695
115,25.982681274414062,39.19833755493164,23.493207931518555,36.625240325927734
116,25.646381378173828,38.29006576538086,23.516284942626953,39.14288330078125
117,25.771089553833008,70.8135757446289,23.707761764526367,35.21260452270508
118,25.729900360107422,38.25273513793945,23.49933624267578,35.15510559082031
119,25.81980323791504,38.422428131103516,23.266138076782227,38.34788513183594
120,25.855504989624023,284.84808349609375,23.432310104370117,35.68291091918945
121,25.8837833404541,38.48051071166992,23.258577346801758,37.62715530395508
122,25.910037994384766,38.316192626953125,23.280925750732422,36.93752670288086
123,26.016971588134766,50.15534210205078,23.42353057861328,36.081851959228516
124,25.640640258789062,58.65857696533203,23.725648880004883,35.530982971191406
125,25.880022048950195,39.27893829345703,25.147008895874023,35.41618728637695
126,25.90691566467285,39.05353546142578,23.409746170043945,39.623321533203125
127,25.799776077270508,38.39033889770508,23.665430068969727,41.058372497558594
128,25.556257247924805,38.16289138793945,23.352537155151367,38.765708923339844
129,25.928386688232422,39.17811965942383,23.828731536865234,38.82893753051758
130,25.787321090698242,38.43545150756836,23.44454002380371,38.31648254394531
131,25.893692016601562,39.0322265625,23.537927627563477,35.653663635253906
132,25.733909606933594,38.28388977050781,25.93301010131836,36.12777328491211
133,25.437108993530273,38.46608352661133,23.66935920715332,38.965579986572266
134,25.804332733154297,38.31041717529297,23.848356246948242,35.22836685180664
135,25.939014434814453,39.08480453491211,23.326148986816406,38.22149658203125
136,25.658693313598633,38.61431121826172,25.10501480102539,34.67239761352539
137,25.94994354248047,38.91302490234375,23.177284240722656,37.656578063964844
138,25.954463958740234,38.7659912109375,23.43506622314453,38.30830001831055
139,25.956762313842773,39.390132904052734,23.909343719482422,37.50136184692383
140,25.77689552307129,294.98419189453125,23.128143310546875,38.98745346069336
141,25.788259506225586,38.289024353027344,23.580923080444336,39.353519439697266
142,25.60369110107422,38.737056732177734,24.36383056640625,37.01422119140625
143,25.6014347076416,38.891971588134766,23.497751235961914,37.178714752197266
144,25.656919479370117,38.805030822753906,23.770429611206055,36.41053771972656
145,25.634071350097656,276.5856628417969,23.812625885009766,39.2722053527832
146,25.615203857421875,37.79801559448242,23.84804916381836,35.7958984375
147,25.54769515991211,37.62562561035156,30.537729263305664,63.66643524169922
148,25.980154037475586,54.916404724121094,24.212827682495117,35.623130798339844
149,25.619234085083008,37.8530158996582,23.506023406982422,38.00172805786133
150,25.782062530517578,38.257694244384766,23.177284240722656,39.752227783203125
151,25.71310043334961,38.402801513671875,23.440114974975586,34.53437805175781
152,25.45895004272461,38.52120590209961,23.2408447265625,38.18838119506836
153,25.648035049438477,262.8364562988281,23.401947021484375,37.47663497924805
154,25.577133178710938,37.920867919921875,23.311613082885742,35.55204772949219
155,25.767908096313477,38.47764587402344,23.36513328552246,36.602420806884766
156,25.68062400817871,38.401397705078125,23.304384231567383,36.344482421875
157,25.766294479370117,37.9114990234375,23.208940505981445,36.0931510925293
158,25.815093994140625,37.352664947509766,23.715686798095703,43.6611442565918
159,25.508407592773438,342.98248291015625,23.057998657226562,38.11082077026367
160,25.757474899291992,37.747806549072266,24.035552978515625,34.59355926513672
161,25.535547256469727,38.1102180480957,23.1186580657959,38.4753532409668
162,25.494365692138672,301.0378112792969,23.08989906311035,37.00978469848633
163,25.66013526916504,38.5804443359375,23.53050422668457,38.277835845947266
164,25.63164520263672,38.289512634277344,23.44928741455078,38.96125030517578
165,25.475778579711914,38.318443298339844,23.158889770507812,37.3099479675293
166,25.65598487854004,37.860862731933594,23.229846954345703,36.26673889160156
167,25.537525177001953,38.86222839355469,23.62751579284668,36.078426361083984
168,25.660219192504883,37.8444709777832,22.888761520385742,38.45498275756836
169,25.59527015686035,37.50421905517578,23.204111099243164,35.46989440917969
170,25.639270782470703,38.50990295410156,22.997528076171875,36.46151351928711
171,25.442983627319336,37.86263656616211,23.30731201171875,36.14181900024414
172,25.56447982788086,38.49945068359375,25.324451446533203,36.530582427978516
173,25.32671546936035,37.367088317871094,23.25640869140625,37.36423110961914
174,25.495038986206055,37.26545715332031,23.158641815185547,38.395164489746094
175,25.460678100585938,37.52401351928711,23.403139114379883,39.07820129394531
176,25.772647857666016,38.09473419189453,23.550914764404297,35.785926818847656
177,25.42367935180664,37.64375686645508,23.108516693115234,40.75345230102539
178,25.59162139892578,37.82772445678711,22.964536666870117,39.31450271606445
179,25.370895385742188,64.58531951904297,24.13497543334961,42.49374008178711
180,25.18942642211914,37.154457092285156,22.929777145385742,38.566009521484375
181,25.407363891601562,37.46479797363281,23.058156967163086,40.43299865722656
182,25.64322280883789,37.82496643066406,24.098777770996094,36.77635955810547
183,25.71300506591797,38.34789276123047,22.955760955810547,40.225364685058594
184,25.241073608398438,37.35099792480469,23.176530838012695,36.74855041503906
185,25.320209503173828,37.09197235107422,23.042512893676758,36.14588928222656
186,25.365385055541992,38.28727722167969,23.646100997924805,35.06007385253906
187,25.622547149658203,287.57379150390625,23.112995147705078,39.320281982421875
188,25.309383392333984,37.1136360168457,23.048145294189453,37.580074310302734
189,25.362335205078125,37.403221130371094,23.177820205688477,36.487735748291016
190,25.63216781616211,37.83207321166992,23.1931209564209,35.941749572753906
191,25.46263313293457,37.65630340576172,28.175952911376953,60.009090423583984
192,25.737857818603516,37.2337760925293,22.957632064819336,37.32774353027344
193,25.561674118041992,274.90081787109375,23.22335433959961,38.020687103271484
194,25.370237350463867,37.46289825439453,23.33857536315918,39.869140625
195,25.632474899291992,37.25265884399414,24.1623592376709,34.87413024902344
196,25.526958465576172,36.95087432861328,23.396198272705078,38.7847785949707
197,25.21199607849121,37.38618850708008,22.92087745666504,36.50244903564453
198,25.43804168701172,37.93046569824219,23.138261795043945,35.66090774536133
199,25.40886116027832,37.346126556396484,23.399402618408203,34.666568756103516
